OpenROAD v2.0-17941-g7fb347f37 
Features included (+) or not (-): +GPU +GUI +Python
This program is licensed under the BSD-3 license. See the LICENSE file for details.
Components of this program may be licensed under more restrictive licenses which must be honored.
[INFO ORD-0030] Using 16 thread(s).
global_route -congestion_report_file ./reports/nangate45/gcd/base/congestion.rpt -congestion_iterations 30 -congestion_report_iter_step 5 -verbose
[INFO GRT-0020] Min routing layer: metal2
[INFO GRT-0021] Max routing layer: metal10
[INFO GRT-0022] Global adjustment: 0%
[INFO GRT-0023] Grid origin: (0, 0)
[INFO GRT-0043] No OR_DEFAULT vias defined.
[INFO GRT-0088] Layer metal1  Track-Pitch = 0.1400  line-2-Via Pitch: 0.1350
[INFO GRT-0088] Layer metal2  Track-Pitch = 0.1900  line-2-Via Pitch: 0.1400
[INFO GRT-0088] Layer metal3  Track-Pitch = 0.1400  line-2-Via Pitch: 0.1400
[INFO GRT-0088] Layer metal4  Track-Pitch = 0.2800  line-2-Via Pitch: 0.2800
[INFO GRT-0088] Layer metal5  Track-Pitch = 0.2800  line-2-Via Pitch: 0.2800
[INFO GRT-0088] Layer metal6  Track-Pitch = 0.2800  line-2-Via Pitch: 0.2800
[INFO GRT-0088] Layer metal7  Track-Pitch = 0.8000  line-2-Via Pitch: 0.8000
[INFO GRT-0088] Layer metal8  Track-Pitch = 0.8000  line-2-Via Pitch: 0.8000
[INFO GRT-0088] Layer metal9  Track-Pitch = 1.6000  line-2-Via Pitch: 1.6000
[INFO GRT-0088] Layer metal10 Track-Pitch = 1.6000  line-2-Via Pitch: 1.6000
[INFO GRT-0019] Found 6 clock nets.
[INFO GRT-0001] Minimum degree: 2
[INFO GRT-0002] Maximum degree: 12
[INFO GRT-0003] Macros: 0
[INFO GRT-0043] No OR_DEFAULT vias defined.
[INFO GRT-0004] Blockages: 0

[INFO GRT-0053] Routing resources analysis:
          Routing      Original      Derated      Resource
Layer     Direction    Resources     Resources    Reduction (%)
---------------------------------------------------------------
metal1     Horizontal          0             0          0.00%
metal2     Vertical         2816          1178          58.17%
metal3     Horizontal       3840          1680          56.25%
metal4     Vertical         1792          1142          36.27%
metal5     Horizontal       1792          1200          33.04%
metal6     Vertical         1792          1200          33.04%
metal7     Horizontal        512           240          53.12%
metal8     Vertical          512           240          53.12%
metal9     Horizontal        256           225          12.11%
metal10    Vertical          256           225          12.11%
---------------------------------------------------------------

[INFO GRT-0197] Via related to pin nodes: 3455
[INFO GRT-0198] Via related Steiner nodes: 63
[INFO GRT-0199] Via filling finished.
[INFO GRT-0111] Final number of vias: 4501
[INFO GRT-0112] Final usage 3D: 15911

[INFO GRT-0096] Final congestion report:
Layer         Resource        Demand        Usage (%)    Max H / Max V / Total Overflow
---------------------------------------------------------------------------------------
metal1               0             0            0.00%             0 /  0 /  0
metal2            1178           773           65.62%             0 /  0 /  0
metal3            1680          1007           59.94%             0 /  0 /  0
metal4            1142           324           28.37%             0 /  0 /  0
metal5            1200           258           21.50%             0 /  0 /  0
metal6            1200            37            3.08%             0 /  0 /  0
metal7             240             9            3.75%             0 /  0 /  0
metal8             240             0            0.00%             0 /  0 /  0
metal9             225             0            0.00%             0 /  0 /  0
metal10            225             0            0.00%             0 /  0 /  0
---------------------------------------------------------------------------------------
Total             7330          2408           32.85%             0 /  0 /  0

[INFO GRT-0018] Total wirelength: 8017 um
[INFO GRT-0014] Routed nets: 627
Perform buffer insertion and gate resizing...
repair_design 
[INFO RSZ-0058] Using max wire length 640um.
Placement Analysis
---------------------------------
total displacement          0.0 u
average displacement        0.0 u
max displacement            0.0 u
original HPWL            4622.1 u
legalized HPWL           4622.1 u
delta HPWL                    0 %

Repair setup and hold violations...
repair_timing -verbose -setup_margin 0 -hold_margin 0 -repair_tns 100
[INFO RSZ-0094] Found 39 endpoints with setup violations.
[INFO RSZ-0099] Repairing 39 out of 39 (100.00%) violating endpoints...
   Iter   | Removed | Resized | Inserted | Cloned |  Pin  |    WNS   |   TNS      |  Viol  | Worst
          | Buffers |  Gates  | Buffers  |  Gates | Swaps |          |            | Endpts | Endpt
---------------------------------------------------------------------------------------------------
        0 |       0 |       0 |        0 |      0 |     0 |   -0.058 |       -0.7 |     39 | resp_msg[15]
       10 |       0 |       5 |        2 |      0 |     3 |   -0.060 |       -0.7 |     39 | resp_msg[15]
       20 |       0 |      13 |        2 |      0 |     5 |   -0.058 |       -0.7 |     39 | resp_msg[15]
       30 |       0 |      16 |        8 |      0 |     9 |   -0.060 |       -0.7 |     39 | resp_msg[10]
       40 |       0 |      23 |        8 |      0 |    12 |   -0.058 |       -0.8 |     39 | resp_msg[12]
       42 |       0 |      15 |        7 |      0 |     7 |   -0.053 |       -0.7 |     39 | resp_msg[12]
       50 |       0 |      20 |        9 |      0 |     8 |   -0.053 |       -0.7 |     39 | resp_msg[12]
       54 |       0 |      23 |        9 |      0 |     8 |   -0.053 |       -0.7 |     39 | resp_msg[12]
       60 |       0 |      27 |        9 |      0 |     9 |   -0.058 |       -0.7 |     39 | resp_msg[13]
       70 |       0 |      33 |       11 |      0 |    12 |   -0.056 |       -0.7 |     39 | resp_msg[13]
       80 |       0 |      41 |       11 |      0 |    14 |   -0.061 |       -0.7 |     39 | resp_msg[13]
       84 |       0 |      27 |       10 |      0 |     8 |   -0.053 |       -0.7 |     39 | resp_msg[12]
       90 |       0 |      32 |       10 |      0 |     8 |   -0.057 |       -0.8 |     39 | resp_msg[10]
       91 |       0 |      30 |       10 |      0 |     8 |   -0.053 |       -0.7 |     39 | resp_msg[12]
      100 |       0 |      36 |       10 |      0 |    10 |   -0.055 |       -0.7 |     39 | resp_msg[15]
      100 |       0 |      31 |       10 |      0 |     8 |   -0.053 |       -0.7 |     39 | resp_msg[12]
      110 |       0 |      39 |       10 |      0 |     9 |   -0.055 |       -0.7 |     39 | resp_msg[15]
      120 |       0 |      48 |       10 |      0 |    10 |   -0.055 |       -0.7 |     39 | resp_msg[15]
      125 |       0 |      33 |       10 |      0 |     9 |   -0.053 |       -0.7 |     39 | resp_msg[12]
      130 |       0 |      35 |       10 |      0 |    11 |   -0.063 |       -0.7 |     39 | resp_msg[13]
      135 |       0 |      34 |       10 |      0 |     9 |   -0.053 |       -0.7 |     39 | resp_msg[12]
      140 |       0 |      36 |       10 |      0 |    11 |   -0.058 |       -0.8 |     39 | resp_msg[10]
      150 |       0 |      42 |       10 |      0 |    15 |   -0.060 |       -0.9 |     39 | resp_msg[10]
      152 |       0 |      37 |       10 |      0 |    10 |   -0.053 |       -0.7 |     39 | resp_msg[12]
      157 |       0 |      37 |       10 |      0 |    10 |   -0.053 |       -0.7 |     39 | resp_msg[12]
      160 |       0 |      39 |       10 |      0 |    10 |   -0.055 |       -0.7 |     39 | resp_msg[15]
      163 |       0 |      38 |       10 |      0 |    10 |   -0.053 |       -0.7 |     39 | resp_msg[12]
      170 |       0 |      43 |       10 |      0 |    11 |   -0.053 |       -0.6 |     39 | resp_msg[15]
      172 |       0 |      42 |       10 |      0 |    11 |   -0.053 |       -0.6 |     39 | resp_msg[12]
      179 |       0 |      44 |       10 |      0 |    11 |   -0.053 |       -0.6 |     39 | resp_msg[12]
      180 |       0 |      44 |       10 |      0 |    11 |   -0.053 |       -0.6 |     39 | resp_msg[12]
      184 |       0 |      44 |       10 |      0 |    11 |   -0.053 |       -0.6 |     38 | resp_msg[12]
      189 |       0 |      45 |       10 |      0 |    11 |   -0.053 |       -0.6 |     37 | resp_msg[12]
      190 |       0 |      45 |       10 |      0 |    11 |   -0.053 |       -0.6 |     37 | resp_msg[12]
      200 |       0 |      54 |       12 |      0 |    11 |   -0.056 |       -0.6 |     37 | resp_msg[15]
      201 |       0 |      48 |       11 |      0 |    11 |   -0.053 |       -0.6 |     37 | resp_msg[12]
      204 |       0 |      49 |       11 |      0 |    11 |   -0.053 |       -0.6 |     37 | resp_msg[12]
      209 |       0 |      50 |       11 |      0 |    11 |   -0.053 |       -0.6 |     36 | resp_msg[12]
      210 |       0 |      50 |       11 |      0 |    11 |   -0.053 |       -0.6 |     36 | resp_msg[12]
      215 |       0 |      52 |       13 |      2 |    11 |   -0.053 |       -0.7 |     34 | resp_msg[12]
      220 |       0 |      56 |       13 |      2 |    11 |   -0.053 |       -0.6 |     34 | resp_msg[12]
      222 |       0 |      54 |       13 |      2 |    11 |   -0.053 |       -0.7 |     34 | resp_msg[12]
      228 |       0 |      56 |       13 |      2 |    11 |   -0.053 |       -0.7 |     34 | resp_msg[12]
      230 |       0 |      57 |       13 |      2 |    11 |   -0.053 |       -0.6 |     34 | resp_msg[12]
      235 |       0 |      58 |       13 |      2 |    11 |   -0.053 |       -0.7 |     34 | resp_msg[12]
      240 |       0 |      62 |       13 |      2 |    11 |   -0.053 |       -0.6 |     34 | resp_msg[12]
      240 |       0 |      59 |       13 |      2 |    11 |   -0.053 |       -0.7 |     34 | resp_msg[12]
      245 |       0 |      60 |       13 |      2 |    11 |   -0.053 |       -0.7 |     34 | resp_msg[12]
      250 |       0 |      64 |       13 |      2 |    11 |   -0.053 |       -0.6 |     34 | resp_msg[12]
      252 |       0 |      62 |       13 |      2 |    11 |   -0.053 |       -0.7 |     34 | resp_msg[12]
      258 |       0 |      64 |       13 |      2 |    11 |   -0.053 |       -0.7 |     34 | resp_msg[12]
      260 |       0 |      65 |       13 |      2 |    11 |   -0.053 |       -0.6 |     34 | resp_msg[12]
      264 |       0 |      66 |       13 |      2 |    11 |   -0.053 |       -0.7 |     34 | resp_msg[12]
      269 |       0 |      67 |       13 |      2 |    11 |   -0.053 |       -0.7 |     34 | resp_msg[12]
      270 |       0 |      67 |       13 |      2 |    11 |   -0.053 |       -0.7 |     34 | resp_msg[12]
      272 |       0 |      69 |       13 |      2 |    11 |   -0.053 |       -0.7 |     32 | resp_msg[12]
      273 |       0 |      69 |       13 |      2 |    11 |   -0.053 |       -0.7 |     31 | resp_msg[12]
      274 |       0 |      69 |       13 |      2 |    11 |   -0.053 |       -0.7 |     30 | resp_msg[12]
      279 |       0 |      70 |       13 |      2 |    11 |   -0.053 |       -0.7 |     30 | resp_msg[12]
      280 |       0 |      70 |       13 |      2 |    11 |   -0.053 |       -0.7 |     30 | resp_msg[12]
      280 |       0 |      70 |       13 |      2 |    11 |   -0.053 |       -0.7 |     29 | resp_msg[12]
      281 |       0 |      70 |       13 |      2 |    11 |   -0.053 |       -0.7 |     28 | resp_msg[12]
      282 |       0 |      70 |       13 |      2 |    11 |   -0.053 |       -0.7 |     27 | resp_msg[12]
      283 |       0 |      70 |       13 |      2 |    11 |   -0.053 |       -0.7 |     26 | resp_msg[12]
      290 |       0 |      75 |       13 |      2 |    12 |   -0.053 |       -0.7 |     26 | resp_msg[12]
      290 |       0 |      72 |       13 |      2 |    11 |   -0.053 |       -0.7 |     25 | resp_msg[12]
      294 |       0 |      73 |       13 |      2 |    11 |   -0.053 |       -0.7 |     24 | resp_msg[12]
      295 |       0 |      73 |       13 |      2 |    11 |   -0.053 |       -0.7 |     23 | resp_msg[12]
      296 |       0 |      73 |       13 |      2 |    11 |   -0.053 |       -0.7 |     22 | resp_msg[12]
    final |       0 |      73 |       13 |      2 |    11 |   -0.053 |       -0.7 |     28 | resp_msg[12]
---------------------------------------------------------------------------------------------------
[INFO RSZ-0040] Inserted 5 buffers.
[INFO RSZ-0041] Resized 73 instances.
[INFO RSZ-0043] Swapped pins on 11 instances.
[INFO RSZ-0049] Cloned 2 instances.
[WARNING RSZ-0062] Unable to repair all setup violations.
[INFO RSZ-0033] No hold violations found.
Placement Analysis
---------------------------------
total displacement        768.9 u
average displacement        1.2 u
max displacement           30.3 u
original HPWL            4692.7 u
legalized HPWL           5537.1 u
delta HPWL                   18 %

Repair antennas...
[WARNING GRT-0246] No diode with LEF class CORE ANTENNACELL found.
[INFO ANT-0002] Found 0 net violations.
[INFO ANT-0001] Found 0 pin violations.
Estimate parasitics...
Report metrics stage 5, global route...

==========================================================================
global route report_design_area
--------------------------------------------------------------------------
Design area 847 u^2 88% utilization.
[INFO FLW-0007] clock core_clock period 0.460000
[INFO FLW-0008] Clock core_clock period 0.501
[INFO FLW-0009] Clock core_clock slack -0.067
[INFO FLW-0011] Path endpoint count 90
Elapsed time: 0:02.36[h:]min:sec. CPU time: user 2.79 sys 0.15 (124%). Peak memory: 366536KB.
