OpenROAD v2.0-17941-g7fb347f37 
Features included (+) or not (-): +GPU +GUI +Python
This program is licensed under the BSD-3 license. See the LICENSE file for details.
Components of this program may be licensed under more restrictive licenses which must be honored.
[INFO ORD-0030] Using 16 thread(s).
detailed_route -output_drc ./reports/nangate45/gcd/base/5_route_drc.rpt -output_maze ./results/nangate45/gcd/base/maze.log -bottom_routing_layer metal2 -top_routing_layer metal10 -droute_end_iter 64 -verbose 1 -drc_report_iter_step 5
[INFO DRT-0149] Reading tech and libs.

Units:                2000
Number of layers:     21
Number of macros:     135
Number of vias:       30
Number of viarulegen: 19

[INFO DRT-0150] Reading design.

Design:                   gcd
Die area:                 ( 0 0 ) ( 67250 67250 )
Number of track patterns: 20
Number of DEF vias:       0
Number of components:     644
Number of terminals:      54
Number of snets:          2
Number of nets:           668

[INFO DRT-0167] List of default vias:
  Layer via2
    default via: via2_5
  Layer via3
    default via: via3_2
  Layer via4
    default via: via4_0
  Layer via5
    default via: via5_0
  Layer via6
    default via: via6_0
  Layer via7
    default via: via7_0
  Layer via8
    default via: via8_0
  Layer via9
    default via: via9_0
[INFO DRT-0162] Library cell analysis.
[INFO DRT-0163] Instance analysis.
[INFO DRT-0164] Number of unique instances = 69.
[INFO DRT-0168] Init region query.
[INFO DRT-0024]   Complete active.
[INFO DRT-0024]   Complete Fr_VIA.
[INFO DRT-0024]   Complete metal1.
[INFO DRT-0024]   Complete via1.
[INFO DRT-0024]   Complete metal2.
[INFO DRT-0024]   Complete via2.
[INFO DRT-0024]   Complete metal3.
[INFO DRT-0024]   Complete via3.
[INFO DRT-0024]   Complete metal4.
[INFO DRT-0024]   Complete via4.
[INFO DRT-0024]   Complete metal5.
[INFO DRT-0024]   Complete via5.
[INFO DRT-0024]   Complete metal6.
[INFO DRT-0024]   Complete via6.
[INFO DRT-0024]   Complete metal7.
[INFO DRT-0024]   Complete via7.
[INFO DRT-0024]   Complete metal8.
[INFO DRT-0024]   Complete via8.
[INFO DRT-0024]   Complete metal9.
[INFO DRT-0024]   Complete via9.
[INFO DRT-0024]   Complete metal10.
[INFO DRT-0033] active shape region query size = 0.
[INFO DRT-0033] FR_VIA shape region query size = 0.
[INFO DRT-0033] metal1 shape region query size = 9409.
[INFO DRT-0033] via1 shape region query size = 69.
[INFO DRT-0033] metal2 shape region query size = 46.
[INFO DRT-0033] via2 shape region query size = 69.
[INFO DRT-0033] metal3 shape region query size = 46.
[INFO DRT-0033] via3 shape region query size = 69.
[INFO DRT-0033] metal4 shape region query size = 25.
[INFO DRT-0033] via4 shape region query size = 0.
[INFO DRT-0033] metal5 shape region query size = 24.
[INFO DRT-0033] via5 shape region query size = 0.
[INFO DRT-0033] metal6 shape region query size = 30.
[INFO DRT-0033] via6 shape region query size = 0.
[INFO DRT-0033] metal7 shape region query size = 0.
[INFO DRT-0033] via7 shape region query size = 0.
[INFO DRT-0033] metal8 shape region query size = 0.
[INFO DRT-0033] via8 shape region query size = 0.
[INFO DRT-0033] metal9 shape region query size = 0.
[INFO DRT-0033] via9 shape region query size = 0.
[INFO DRT-0033] metal10 shape region query size = 0.
[INFO DRT-0165] Start pin access.
[INFO DRT-0078]   Complete 348 pins.
[INFO DRT-0081]   Complete 69 unique inst patterns.
[INFO DRT-0084]   Complete 136 groups.
#scanned instances     = 644
#unique  instances     = 69
#stdCellGenAp          = 1882
#stdCellValidPlanarAp  = 0
#stdCellValidViaAp     = 1316
#stdCellPinNoAp        = 0
#stdCellPinCnt         = 1767
#instTermValidViaApCnt = 0
#macroGenAp            = 0
#macroValidPlanarAp    = 0
#macroValidViaAp       = 0
#macroNoAp             = 0
[INFO DRT-0166] Complete pin access.
[INFO DRT-0267] cpu time = 00:00:15, elapsed time = 00:00:01, memory = 207.81 (MB), peak = 207.81 (MB)

[INFO DRT-0157] Number of guides:     5226

[INFO DRT-0169] Post process guides.
[INFO DRT-0176] GCELLGRID X 0 DO 16 STEP 4200 ;
[INFO DRT-0177] GCELLGRID Y 0 DO 16 STEP 4200 ;
[INFO DRT-0028]   Complete active.
[INFO DRT-0028]   Complete Fr_VIA.
[INFO DRT-0028]   Complete metal1.
[INFO DRT-0028]   Complete via1.
[INFO DRT-0028]   Complete metal2.
[INFO DRT-0028]   Complete via2.
[INFO DRT-0028]   Complete metal3.
[INFO DRT-0028]   Complete via3.
[INFO DRT-0028]   Complete metal4.
[INFO DRT-0028]   Complete via4.
[INFO DRT-0028]   Complete metal5.
[INFO DRT-0028]   Complete via5.
[INFO DRT-0028]   Complete metal6.
[INFO DRT-0028]   Complete via6.
[INFO DRT-0028]   Complete metal7.
[INFO DRT-0028]   Complete via7.
[INFO DRT-0028]   Complete metal8.
[INFO DRT-0028]   Complete via8.
[INFO DRT-0028]   Complete metal9.
[INFO DRT-0028]   Complete via9.
[INFO DRT-0028]   Complete metal10.
[INFO DRT-0178] Init guide query.
[INFO DRT-0035]   Complete active (guide).
[INFO DRT-0035]   Complete Fr_VIA (guide).
[INFO DRT-0035]   Complete metal1 (guide).
[INFO DRT-0035]   Complete via1 (guide).
[INFO DRT-0035]   Complete metal2 (guide).
[INFO DRT-0035]   Complete via2 (guide).
[INFO DRT-0035]   Complete metal3 (guide).
[INFO DRT-0035]   Complete via3 (guide).
[INFO DRT-0035]   Complete metal4 (guide).
[INFO DRT-0035]   Complete via4 (guide).
[INFO DRT-0035]   Complete metal5 (guide).
[INFO DRT-0035]   Complete via5 (guide).
[INFO DRT-0035]   Complete metal6 (guide).
[INFO DRT-0035]   Complete via6 (guide).
[INFO DRT-0035]   Complete metal7 (guide).
[INFO DRT-0035]   Complete via7 (guide).
[INFO DRT-0035]   Complete metal8 (guide).
[INFO DRT-0035]   Complete via8 (guide).
[INFO DRT-0035]   Complete metal9 (guide).
[INFO DRT-0035]   Complete via9 (guide).
[INFO DRT-0035]   Complete metal10 (guide).
[INFO DRT-0036] active guide region query size = 0.
[INFO DRT-0036] FR_VIA guide region query size = 0.
[INFO DRT-0036] metal1 guide region query size = 1546.
[INFO DRT-0036] via1 guide region query size = 0.
[INFO DRT-0036] metal2 guide region query size = 1247.
[INFO DRT-0036] via2 guide region query size = 0.
[INFO DRT-0036] metal3 guide region query size = 701.
[INFO DRT-0036] via3 guide region query size = 0.
[INFO DRT-0036] metal4 guide region query size = 245.
[INFO DRT-0036] via4 guide region query size = 0.
[INFO DRT-0036] metal5 guide region query size = 136.
[INFO DRT-0036] via5 guide region query size = 0.
[INFO DRT-0036] metal6 guide region query size = 52.
[INFO DRT-0036] via6 guide region query size = 0.
[INFO DRT-0036] metal7 guide region query size = 8.
[INFO DRT-0036] via7 guide region query size = 0.
[INFO DRT-0036] metal8 guide region query size = 4.
[INFO DRT-0036] via8 guide region query size = 0.
[INFO DRT-0036] metal9 guide region query size = 2.
[INFO DRT-0036] via9 guide region query size = 0.
[INFO DRT-0036] metal10 guide region query size = 0.
[INFO DRT-0179] Init gr pin query.
[INFO DRT-0267] cpu time = 00:00:00, elapsed time = 00:00:00, memory = 209.44 (MB), peak = 209.44 (MB)
[INFO DRT-0245] skipped writing guide updates to database.
[INFO DRT-0185] Post process initialize RPin region query.
[INFO DRT-0181] Start track assignment.
[INFO DRT-0184] Done with 1548 vertical wires in 1 frboxes and 2393 horizontal wires in 1 frboxes.
[INFO DRT-0186] Done with 530 vertical wires in 1 frboxes and 586 horizontal wires in 1 frboxes.
[INFO DRT-0182] Complete track assignment.
[INFO DRT-0267] cpu time = 00:00:00, elapsed time = 00:00:00, memory = 215.41 (MB), peak = 215.41 (MB)
[INFO DRT-0187] Start routing data preparation.
[INFO DRT-0267] cpu time = 00:00:00, elapsed time = 00:00:00, memory = 215.41 (MB), peak = 215.41 (MB)
[INFO DRT-0194] Start detail routing.
[INFO DRT-0195] Start 0th optimization iteration.
    Completing 10% with 0 violations.
    elapsed time = 00:00:00, memory = 219.61 (MB).
    Completing 20% with 0 violations.
    elapsed time = 00:00:00, memory = 228.03 (MB).
    Completing 30% with 0 violations.
    elapsed time = 00:00:00, memory = 227.01 (MB).
    Completing 40% with 0 violations.
    elapsed time = 00:00:00, memory = 223.11 (MB).
    Completing 50% with 15 violations.
    elapsed time = 00:00:00, memory = 239.14 (MB).
    Completing 60% with 15 violations.
    elapsed time = 00:00:01, memory = 237.30 (MB).
    Completing 70% with 45 violations.
    elapsed time = 00:00:01, memory = 250.76 (MB).
    Completing 80% with 45 violations.
    elapsed time = 00:00:01, memory = 245.84 (MB).
    Completing 90% with 52 violations.
    elapsed time = 00:00:02, memory = 261.61 (MB).
    Completing 100% with 99 violations.
    elapsed time = 00:00:02, memory = 261.61 (MB).
[INFO DRT-0199]   Number of violations = 122.
Viol/Layer      metal1   via1 metal2 metal3 metal4   via4
Cut Spacing          0      0      0      0      0      1
Metal Spacing        1      0      2      1      0      0
Recheck              5      0     10      7      1      0
Short                2      2     73     14      3      0
[INFO DRT-0267] cpu time = 00:00:04, elapsed time = 00:00:03, memory = 809.66 (MB), peak = 809.66 (MB)
Total wire length = 6150 um.
Total wire length on LAYER metal1 = 0 um.
Total wire length on LAYER metal2 = 1914 um.
Total wire length on LAYER metal3 = 2431 um.
Total wire length on LAYER metal4 = 761 um.
Total wire length on LAYER metal5 = 665 um.
Total wire length on LAYER metal6 = 267 um.
Total wire length on LAYER metal7 = 69 um.
Total wire length on LAYER metal8 = 5 um.
Total wire length on LAYER metal9 = 36 um.
Total wire length on LAYER metal10 = 0 um.
Total number of vias = 4005.
Up-via summary (total 4005):

---------------
 active       0
 metal1    1760
 metal2    1677
 metal3     308
 metal4     176
 metal5      64
 metal6      12
 metal7       4
 metal8       4
 metal9       0
---------------
           4005


[INFO DRT-0195] Start 1st optimization iteration.
    Completing 10% with 122 violations.
    elapsed time = 00:00:00, memory = 827.74 (MB).
    Completing 20% with 122 violations.
    elapsed time = 00:00:00, memory = 827.74 (MB).
    Completing 30% with 122 violations.
    elapsed time = 00:00:00, memory = 829.54 (MB).
    Completing 40% with 122 violations.
    elapsed time = 00:00:00, memory = 829.54 (MB).
    Completing 50% with 114 violations.
    elapsed time = 00:00:00, memory = 845.77 (MB).
    Completing 60% with 114 violations.
    elapsed time = 00:00:00, memory = 850.61 (MB).
    Completing 70% with 69 violations.
    elapsed time = 00:00:00, memory = 866.77 (MB).
    Completing 80% with 69 violations.
    elapsed time = 00:00:01, memory = 866.77 (MB).
    Completing 90% with 74 violations.
    elapsed time = 00:00:01, memory = 882.49 (MB).
    Completing 100% with 38 violations.
    elapsed time = 00:00:01, memory = 882.49 (MB).
[INFO DRT-0199]   Number of violations = 38.
Viol/Layer      metal2 metal3
Metal Spacing        4      0
Short               29      5
[INFO DRT-0267] cpu time = 00:00:03, elapsed time = 00:00:02, memory = 883.27 (MB), peak = 894.99 (MB)
Total wire length = 6088 um.
Total wire length on LAYER metal1 = 0 um.
Total wire length on LAYER metal2 = 1882 um.
Total wire length on LAYER metal3 = 2413 um.
Total wire length on LAYER metal4 = 756 um.
Total wire length on LAYER metal5 = 652 um.
Total wire length on LAYER metal6 = 270 um.
Total wire length on LAYER metal7 = 71 um.
Total wire length on LAYER metal8 = 5 um.
Total wire length on LAYER metal9 = 36 um.
Total wire length on LAYER metal10 = 0 um.
Total number of vias = 3997.
Up-via summary (total 3997):

---------------
 active       0
 metal1    1765
 metal2    1659
 metal3     313
 metal4     173
 metal5      67
 metal6      12
 metal7       4
 metal8       4
 metal9       0
---------------
           3997


[INFO DRT-0195] Start 2nd optimization iteration.
    Completing 10% with 38 violations.
    elapsed time = 00:00:00, memory = 883.27 (MB).
    Completing 20% with 38 violations.
    elapsed time = 00:00:00, memory = 883.27 (MB).
    Completing 30% with 38 violations.
    elapsed time = 00:00:00, memory = 888.55 (MB).
    Completing 40% with 38 violations.
    elapsed time = 00:00:00, memory = 888.55 (MB).
    Completing 50% with 23 violations.
    elapsed time = 00:00:00, memory = 902.65 (MB).
    Completing 60% with 23 violations.
    elapsed time = 00:00:01, memory = 910.64 (MB).
    Completing 70% with 22 violations.
    elapsed time = 00:00:01, memory = 910.64 (MB).
    Completing 80% with 22 violations.
    elapsed time = 00:00:01, memory = 910.64 (MB).
    Completing 90% with 22 violations.
    elapsed time = 00:00:01, memory = 913.48 (MB).
    Completing 100% with 14 violations.
    elapsed time = 00:00:01, memory = 913.48 (MB).
[INFO DRT-0199]   Number of violations = 14.
Viol/Layer      metal2
Metal Spacing        5
Short                9
[INFO DRT-0267] cpu time = 00:00:02, elapsed time = 00:00:02, memory = 913.48 (MB), peak = 913.48 (MB)
Total wire length = 6089 um.
Total wire length on LAYER metal1 = 0 um.
Total wire length on LAYER metal2 = 1882 um.
Total wire length on LAYER metal3 = 2401 um.
Total wire length on LAYER metal4 = 753 um.
Total wire length on LAYER metal5 = 664 um.
Total wire length on LAYER metal6 = 274 um.
Total wire length on LAYER metal7 = 69 um.
Total wire length on LAYER metal8 = 5 um.
Total wire length on LAYER metal9 = 36 um.
Total wire length on LAYER metal10 = 0 um.
Total number of vias = 3981.
Up-via summary (total 3981):

---------------
 active       0
 metal1    1763
 metal2    1645
 metal3     313
 metal4     174
 metal5      66
 metal6      12
 metal7       4
 metal8       4
 metal9       0
---------------
           3981


[INFO DRT-0195] Start 3rd optimization iteration.
    Completing 10% with 14 violations.
    elapsed time = 00:00:00, memory = 913.48 (MB).
    Completing 20% with 14 violations.
    elapsed time = 00:00:00, memory = 913.48 (MB).
    Completing 30% with 14 violations.
    elapsed time = 00:00:00, memory = 913.48 (MB).
    Completing 40% with 14 violations.
    elapsed time = 00:00:00, memory = 929.45 (MB).
    Completing 50% with 4 violations.
    elapsed time = 00:00:00, memory = 929.45 (MB).
    Completing 60% with 4 violations.
    elapsed time = 00:00:00, memory = 929.45 (MB).
    Completing 70% with 3 violations.
    elapsed time = 00:00:00, memory = 929.45 (MB).
    Completing 80% with 3 violations.
    elapsed time = 00:00:00, memory = 932.48 (MB).
    Completing 90% with 1 violations.
    elapsed time = 00:00:01, memory = 941.11 (MB).
    Completing 100% with 0 violations.
    elapsed time = 00:00:01, memory = 941.11 (MB).
[INFO DRT-0199]   Number of violations = 0.
[INFO DRT-0267] cpu time = 00:00:01, elapsed time = 00:00:01, memory = 941.11 (MB), peak = 941.11 (MB)
Total wire length = 6082 um.
Total wire length on LAYER metal1 = 0 um.
Total wire length on LAYER metal2 = 1863 um.
Total wire length on LAYER metal3 = 2401 um.
Total wire length on LAYER metal4 = 769 um.
Total wire length on LAYER metal5 = 662 um.
Total wire length on LAYER metal6 = 274 um.
Total wire length on LAYER metal7 = 69 um.
Total wire length on LAYER metal8 = 5 um.
Total wire length on LAYER metal9 = 36 um.
Total wire length on LAYER metal10 = 0 um.
Total number of vias = 3995.
Up-via summary (total 3995):

---------------
 active       0
 metal1    1763
 metal2    1653
 metal3     319
 metal4     174
 metal5      66
 metal6      12
 metal7       4
 metal8       4
 metal9       0
---------------
           3995


[INFO DRT-0198] Complete detail routing.
Total wire length = 6082 um.
Total wire length on LAYER metal1 = 0 um.
Total wire length on LAYER metal2 = 1863 um.
Total wire length on LAYER metal3 = 2401 um.
Total wire length on LAYER metal4 = 769 um.
Total wire length on LAYER metal5 = 662 um.
Total wire length on LAYER metal6 = 274 um.
Total wire length on LAYER metal7 = 69 um.
Total wire length on LAYER metal8 = 5 um.
Total wire length on LAYER metal9 = 36 um.
Total wire length on LAYER metal10 = 0 um.
Total number of vias = 3995.
Up-via summary (total 3995):

---------------
 active       0
 metal1    1763
 metal2    1653
 metal3     319
 metal4     174
 metal5      66
 metal6      12
 metal7       4
 metal8       4
 metal9       0
---------------
           3995


[INFO DRT-0267] cpu time = 00:00:12, elapsed time = 00:00:09, memory = 941.11 (MB), peak = 941.11 (MB)

[INFO DRT-0180] Post processing.
[WARNING GRT-0246] No diode with LEF class CORE ANTENNACELL found.
[INFO ANT-0002] Found 0 net violations.
[INFO ANT-0001] Found 0 pin violations.
[INFO ANT-0002] Found 0 net violations.
[INFO ANT-0001] Found 0 pin violations.
Elapsed time: 0:10.79[h:]min:sec. CPU time: user 28.51 sys 0.77 (271%). Peak memory: 964796KB.
