OpenROAD v2.0-17941-g7fb347f37 
Features included (+) or not (-): +GPU +GUI +Python
This program is licensed under the BSD-3 license. See the LICENSE file for details.
Components of this program may be licensed under more restrictive licenses which must be honored.
[INFO ORD-0030] Using 16 thread(s).
Deleted 0 routing obstructions
[INFO RCX-0431] Defined process_corner X with ext_model_index 0
[INFO RCX-0029] Defined extraction corner X
[INFO RCX-0435] Reading extraction model file /home/ahan2004/OpenROAD-flow-scripts/flow/platforms/nangate45/rcx_patterns.rules ...
[INFO RCX-0436] RC segment generation gcd (max_merge_res 50.0) ...
[INFO RCX-0040] Final 1794 rc segments
[INFO RCX-0439] Coupling Cap extraction gcd ...
[INFO RCX-0440] Coupling threshhold is 0.1000 fF, coupling capacitance less than 0.1000 fF will be grounded.
[INFO RCX-0442] 48% of 3880 wires extracted
[INFO RCX-0442] 100% of 3880 wires extracted
[INFO RCX-0045] Extract 668 nets, 2428 rsegs, 2428 caps, 5939 ccs
[INFO RCX-0443] 668 nets finished
[INFO PSM-0040] All shapes on net VDD are connected.
[INFO PSM-0073] Using bump pattern with x-pitch 140.0000um, y-pitch 140.0000um, and size 70.0000um with an reduction factor of 3x.
########## IR report #################
Net              : VDD
Corner           : default
Supply voltage   : 1.10e+00 V
Worstcase voltage: 1.09e+00 V
Average voltage  : 1.10e+00 V
Average IR drop  : 4.83e-03 V
Worstcase IR drop: 1.32e-02 V
Percentage drop  : 1.20 %
######################################
[INFO PSM-0040] All shapes on net VSS are connected.
[INFO PSM-0073] Using bump pattern with x-pitch 140.0000um, y-pitch 140.0000um, and size 70.0000um with an reduction factor of 3x.
########## IR report #################
Net              : VSS
Corner           : default
Supply voltage   : 0.00e+00 V
Worstcase voltage: 1.21e-02 V
Average voltage  : 4.29e-03 V
Average IR drop  : 4.29e-03 V
Worstcase IR drop: 1.21e-02 V
Percentage drop  : 1.10 %
######################################
Cell type report:                       Count       Area
  Buffer                                   13      23.41
  Clock buffer                              6       7.45
  Timing Repair Buffer                     88      90.44
  Inverter                                 85      60.65
  Clock inverter                            2       1.33
  Sequential cell                          35     158.80
  Multi-Input combinational cell          371     493.70
  Total                                   600     835.77
Report metrics stage 6, finish...

==========================================================================
finish report_design_area
--------------------------------------------------------------------------
Design area 847 u^2 88% utilization.
[WARNING GUI-0076] QStandardPaths: wrong permissions on runtime directory /run/user/1000/, 0755 instead of 0700
Dropped Escape call with ulEscapeCode : 0x03007703
Elapsed time: 0:01.58[h:]min:sec. CPU time: user 1.29 sys 0.37 (105%). Peak memory: 340168KB.
