OpenROAD v2.0-17941-g7fb347f37 
Features included (+) or not (-): +GPU +GUI +Python
This program is licensed under the BSD-3 license. See the LICENSE file for details.
Components of this program may be licensed under more restrictive licenses which must be honored.
[INFO ORD-0030] Using 16 thread(s).
[INFO GPL-0002] DBU: 2000
[INFO GPL-0003] SiteSize: (  0.190  1.400 ) um
[INFO GPL-0004] CoreBBox: (  1.140  1.400 ) ( 37.050 36.400 ) um
[INFO GPL-0006] NumInstances:               553
[INFO GPL-0007] NumPlaceInstances:          503
[INFO GPL-0008] NumFixedInstances:           50
[INFO GPL-0009] NumDummyInstances:            0
[INFO GPL-0010] NumNets:                    574
[INFO GPL-0011] NumPins:                   1626
[INFO GPL-0012] DieBBox:  (  0.000  0.000 ) ( 38.060 38.060 ) um
[INFO GPL-0013] CoreBBox: (  1.140  1.400 ) ( 37.050 36.400 ) um
[INFO GPL-0016] CoreArea:              1256.850 um^2
[INFO GPL-0017] NonPlaceInstsArea:       13.300 um^2
[INFO GPL-0018] PlaceInstsArea:         650.104 um^2
[INFO GPL-0019] Util:                    52.278 %
[INFO GPL-0020] StdInstsArea:           650.104 um^2
[INFO GPL-0021] MacroInstsArea:           0.000 um^2
[INFO GPL-0031] FillerInit:NumGCells:      1019
[INFO GPL-0032] FillerInit:NumGNets:        574
[INFO GPL-0033] FillerInit:NumGPins:       1626
[INFO GPL-0023] TargetDensity:            1.000
[INFO GPL-0024] AvrgPlaceInstArea:        1.292 um^2
[INFO GPL-0025] IdealBinArea:             1.292 um^2
[INFO GPL-0026] IdealBinCnt:                972
[INFO GPL-0027] TotalBinArea:          1256.850 um^2
[INFO GPL-0028] BinCnt:        16     16
[INFO GPL-0029] BinSize: (  2.244  2.188 )
[INFO GPL-0030] NumBins: 256
Placement density is 0.6282246208190918, computed from PLACE_DENSITY_LB_ADDON 0.20 and lower bound 0.5227807760238647
global_placement -skip_io -density 0.6282246208190918 -pad_left 0 -pad_right 0
[INFO GPL-0002] DBU: 2000
[INFO GPL-0003] SiteSize: (  0.190  1.400 ) um
[INFO GPL-0004] CoreBBox: (  1.140  1.400 ) ( 37.050 36.400 ) um
[INFO GPL-0006] NumInstances:               553
[INFO GPL-0007] NumPlaceInstances:          503
[INFO GPL-0008] NumFixedInstances:           50
[INFO GPL-0009] NumDummyInstances:            0
[INFO GPL-0010] NumNets:                    574
[INFO GPL-0011] NumPins:                   1572
[INFO GPL-0012] DieBBox:  (  0.000  0.000 ) ( 38.060 38.060 ) um
[INFO GPL-0013] CoreBBox: (  1.140  1.400 ) ( 37.050 36.400 ) um
[INFO GPL-0016] CoreArea:              1256.850 um^2
[INFO GPL-0017] NonPlaceInstsArea:       13.300 um^2
[INFO GPL-0018] PlaceInstsArea:         650.104 um^2
[INFO GPL-0019] Util:                    52.278 %
[INFO GPL-0020] StdInstsArea:           650.104 um^2
[INFO GPL-0021] MacroInstsArea:           0.000 um^2
[INFO GPL-0031] FillerInit:NumGCells:       617
[INFO GPL-0032] FillerInit:NumGNets:        574
[INFO GPL-0033] FillerInit:NumGPins:       1572
[INFO GPL-0023] TargetDensity:            0.628
[INFO GPL-0024] AvrgPlaceInstArea:        1.292 um^2
[INFO GPL-0025] IdealBinArea:             2.057 um^2
[INFO GPL-0026] IdealBinCnt:                610
[INFO GPL-0027] TotalBinArea:          1256.850 um^2
[INFO GPL-0028] BinCnt:        16     16
[INFO GPL-0029] BinSize: (  2.244  2.188 )
[INFO GPL-0030] NumBins: 256
[NesterovSolve] Iter:    1 overflow: 0.978 HPWL: 890729
[NesterovSolve] Iter:   10 overflow: 0.980 HPWL: 458542
[NesterovSolve] Iter:   20 overflow: 0.979 HPWL: 457205
[NesterovSolve] Iter:   30 overflow: 0.979 HPWL: 456826
[NesterovSolve] Iter:   40 overflow: 0.980 HPWL: 456274
[NesterovSolve] Iter:   50 overflow: 0.980 HPWL: 456686
[NesterovSolve] Iter:   60 overflow: 0.979 HPWL: 457141
[NesterovSolve] Iter:   70 overflow: 0.979 HPWL: 457826
[NesterovSolve] Iter:   80 overflow: 0.979 HPWL: 459163
[NesterovSolve] Iter:   90 overflow: 0.979 HPWL: 461746
[NesterovSolve] Iter:  100 overflow: 0.978 HPWL: 465904
[NesterovSolve] Iter:  110 overflow: 0.976 HPWL: 473793
[NesterovSolve] Iter:  120 overflow: 0.970 HPWL: 488152
[NesterovSolve] Iter:  130 overflow: 0.963 HPWL: 521272
[NesterovSolve] Iter:  140 overflow: 0.961 HPWL: 684531
[NesterovSolve] Iter:  150 overflow: 0.919 HPWL: 1047760
[NesterovSolve] Iter:  160 overflow: 0.900 HPWL: 1318557
[NesterovSolve] Iter:  170 overflow: 0.873 HPWL: 1550902
[NesterovSolve] Iter:  180 overflow: 0.847 HPWL: 1833384
[NesterovSolve] Iter:  190 overflow: 0.800 HPWL: 2123973
[NesterovSolve] Iter:  200 overflow: 0.768 HPWL: 2399997
[NesterovSolve] Iter:  210 overflow: 0.721 HPWL: 2663844
[NesterovSolve] Iter:  220 overflow: 0.674 HPWL: 2898081
[NesterovSolve] Iter:  230 overflow: 0.626 HPWL: 3184179
[NesterovSolve] Iter:  240 overflow: 0.574 HPWL: 3419766
[NesterovSolve] Iter:  250 overflow: 0.524 HPWL: 3659901
[NesterovSolve] Iter:  260 overflow: 0.469 HPWL: 3906937
[NesterovSolve] Iter:  270 overflow: 0.415 HPWL: 4099021
[NesterovSolve] Iter:  280 overflow: 0.355 HPWL: 4236297
[NesterovSolve] Iter:  290 overflow: 0.311 HPWL: 4306957
[NesterovSolve] Iter:  300 overflow: 0.271 HPWL: 4370158
[NesterovSolve] Iter:  310 overflow: 0.239 HPWL: 4459664
[NesterovSolve] Iter:  320 overflow: 0.202 HPWL: 4545488
[NesterovSolve] Iter:  330 overflow: 0.170 HPWL: 4569680
[NesterovSolve] Iter:  340 overflow: 0.144 HPWL: 4594938
[NesterovSolve] Iter:  350 overflow: 0.120 HPWL: 4616673
[NesterovSolve] Finished with Overflow: 0.099866
Elapsed time: 0:00.50[h:]min:sec. CPU time: user 4.70 sys 0.01 (932%). Peak memory: 120528KB.
