OpenROAD v2.0-17941-g7fb347f37 
Features included (+) or not (-): +GPU +GUI +Python
This program is licensed under the BSD-3 license. See the LICENSE file for details.
Components of this program may be licensed under more restrictive licenses which must be honored.
[INFO ORD-0030] Using 16 thread(s).
global_route -congestion_report_file ./reports/nangate45/gcd/base/congestion.rpt -congestion_iterations 30 -congestion_report_iter_step 5 -verbose
[INFO GRT-0020] Min routing layer: metal2
[INFO GRT-0021] Max routing layer: metal10
[INFO GRT-0022] Global adjustment: 0%
[INFO GRT-0023] Grid origin: (0, 0)
[INFO GRT-0043] No OR_DEFAULT vias defined.
[INFO GRT-0088] Layer metal1  Track-Pitch = 0.1400  line-2-Via Pitch: 0.1350
[INFO GRT-0088] Layer metal2  Track-Pitch = 0.1900  line-2-Via Pitch: 0.1400
[INFO GRT-0088] Layer metal3  Track-Pitch = 0.1400  line-2-Via Pitch: 0.1400
[INFO GRT-0088] Layer metal4  Track-Pitch = 0.2800  line-2-Via Pitch: 0.2800
[INFO GRT-0088] Layer metal5  Track-Pitch = 0.2800  line-2-Via Pitch: 0.2800
[INFO GRT-0088] Layer metal6  Track-Pitch = 0.2800  line-2-Via Pitch: 0.2800
[INFO GRT-0088] Layer metal7  Track-Pitch = 0.8000  line-2-Via Pitch: 0.8000
[INFO GRT-0088] Layer metal8  Track-Pitch = 0.8000  line-2-Via Pitch: 0.8000
[INFO GRT-0088] Layer metal9  Track-Pitch = 1.6000  line-2-Via Pitch: 1.6000
[INFO GRT-0088] Layer metal10 Track-Pitch = 1.6000  line-2-Via Pitch: 1.6000
[INFO GRT-0019] Found 6 clock nets.
[INFO GRT-0001] Minimum degree: 2
[INFO GRT-0002] Maximum degree: 13
[INFO GRT-0003] Macros: 0
[INFO GRT-0043] No OR_DEFAULT vias defined.
[INFO GRT-0004] Blockages: 0

[INFO GRT-0053] Routing resources analysis:
          Routing      Original      Derated      Resource
Layer     Direction    Resources     Resources    Reduction (%)
---------------------------------------------------------------
metal1     Horizontal          0             0          0.00%
metal2     Vertical         3582          1522          57.51%
metal3     Horizontal       4878          2158          55.76%
metal4     Vertical         2286          1481          35.21%
metal5     Horizontal       2286          1547          32.33%
metal6     Vertical         2286          1547          32.33%
metal7     Horizontal        648           306          52.78%
metal8     Vertical          648           306          52.78%
metal9     Horizontal        324           289          10.80%
metal10    Vertical          324           289          10.80%
---------------------------------------------------------------

[INFO GRT-0197] Via related to pin nodes: 3289
[INFO GRT-0198] Via related Steiner nodes: 63
[INFO GRT-0199] Via filling finished.
[INFO GRT-0111] Final number of vias: 4169
[INFO GRT-0112] Final usage 3D: 14405

[INFO GRT-0096] Final congestion report:
Layer         Resource        Demand        Usage (%)    Max H / Max V / Total Overflow
---------------------------------------------------------------------------------------
metal1               0             0            0.00%             0 /  0 /  0
metal2            1522           736           48.36%             0 /  0 /  0
metal3            2158           859           39.81%             0 /  0 /  0
metal4            1481           200           13.50%             0 /  0 /  0
metal5            1547            97            6.27%             0 /  0 /  0
metal6            1547             6            0.39%             0 /  0 /  0
metal7             306             0            0.00%             0 /  0 /  0
metal8             306             0            0.00%             0 /  0 /  0
metal9             289             0            0.00%             0 /  0 /  0
metal10            289             0            0.00%             0 /  0 /  0
---------------------------------------------------------------------------------------
Total             9445          1898           20.10%             0 /  0 /  0

[INFO GRT-0018] Total wirelength: 6699 um
[INFO GRT-0014] Routed nets: 634
Perform buffer insertion and gate resizing...
repair_design 
[INFO RSZ-0058] Using max wire length 640um.
Placement Analysis
---------------------------------
total displacement          0.0 u
average displacement        0.0 u
max displacement            0.0 u
original HPWL            3620.5 u
legalized HPWL           3620.5 u
delta HPWL                    0 %

Repair setup and hold violations...
repair_timing -verbose -setup_margin 0 -hold_margin 0 -repair_tns 100
[INFO RSZ-0094] Found 36 endpoints with setup violations.
[INFO RSZ-0099] Repairing 36 out of 36 (100.00%) violating endpoints...
   Iter   | Removed | Resized | Inserted | Cloned |  Pin  |    WNS   |   TNS      |  Viol  | Worst
          | Buffers |  Gates  | Buffers  |  Gates | Swaps |          |            | Endpts | Endpt
---------------------------------------------------------------------------------------------------
        0 |       0 |       0 |        0 |      0 |     0 |   -0.060 |       -0.6 |     36 | resp_msg[15]
       10 |       0 |       4 |        8 |      0 |     1 |   -0.066 |       -0.6 |     36 | resp_msg[13]
       20 |       0 |      11 |        8 |      0 |     4 |   -0.065 |       -0.6 |     36 | resp_msg[13]
       30 |       0 |      21 |        8 |      0 |     4 |   -0.062 |       -0.6 |     36 | resp_msg[13]
       40 |       0 |      28 |       10 |      0 |     6 |   -0.064 |       -0.6 |     36 | resp_msg[13]
       44 |       0 |      11 |        7 |      0 |     0 |   -0.058 |       -0.6 |     36 | resp_msg[15]
       50 |       0 |      13 |       11 |      0 |     1 |   -0.058 |       -0.5 |     36 | resp_msg[15]
       60 |       0 |      19 |       13 |      0 |     4 |   -0.061 |       -0.7 |     36 | resp_msg[13]
       69 |       0 |      19 |       13 |      0 |     2 |   -0.058 |       -0.6 |     36 | resp_msg[15]
       70 |       0 |      19 |       13 |      0 |     2 |   -0.058 |       -0.6 |     36 | resp_msg[15]
       80 |       0 |      27 |       17 |      0 |     2 |   -0.059 |       -0.6 |     36 | resp_msg[15]
       90 |       0 |      35 |       17 |      0 |     4 |   -0.059 |       -0.6 |     36 | resp_msg[15]
      100 |       0 |      45 |       17 |      0 |     4 |   -0.070 |       -0.7 |     36 | resp_msg[15]
      106 |       0 |      35 |       17 |      0 |     2 |   -0.057 |       -0.6 |     36 | resp_msg[15]
      110 |       0 |      38 |       17 |      0 |     2 |   -0.059 |       -0.6 |     36 | resp_msg[15]
      120 |       0 |      45 |       19 |      0 |     4 |   -0.057 |       -0.6 |     36 | resp_msg[15]
      130 |       0 |      50 |       25 |      0 |     6 |   -0.057 |       -0.6 |     36 | resp_msg[15]
      140 |       0 |      56 |       27 |      0 |     9 |   -0.058 |       -0.7 |     36 | resp_msg[15]
      150 |       0 |      64 |       27 |      0 |    11 |   -0.058 |       -0.7 |     36 | resp_msg[15]
      151 |       0 |      53 |       26 |      0 |     6 |   -0.057 |       -0.7 |     36 | resp_msg[15]
      160 |       0 |      57 |       28 |      0 |     9 |   -0.057 |       -0.7 |     36 | resp_msg[15]
      170 |       0 |      64 |       31 |      0 |    11 |   -0.062 |       -0.7 |     36 | resp_msg[15]
      173 |       0 |      59 |       29 |      0 |     9 |   -0.057 |       -0.7 |     36 | resp_msg[15]
      180 |       0 |      63 |       29 |      0 |    11 |   -0.058 |       -0.7 |     36 | resp_msg[15]
      190 |       0 |      72 |       31 |      0 |    11 |   -0.059 |       -0.7 |     36 | resp_msg[15]
      200 |       0 |      82 |       31 |      0 |    11 |   -0.059 |       -0.8 |     36 | resp_msg[15]
      210 |       0 |      90 |       33 |      0 |    12 |   -0.061 |       -0.8 |     36 | resp_msg[15]
      216 |       0 |      66 |       31 |      0 |     9 |   -0.057 |       -0.7 |     36 | resp_msg[15]
      220 |       0 |      69 |       31 |      0 |     9 |   -0.057 |       -0.7 |     36 | resp_msg[15]
      230 |       0 |      76 |       34 |      0 |    11 |   -0.059 |       -0.7 |     36 | resp_msg[15]
      233 |       0 |      71 |       32 |      0 |     9 |   -0.057 |       -0.7 |     36 | resp_msg[15]
      240 |       1 |      74 |       34 |      0 |    10 |   -0.055 |       -0.7 |     36 | resp_msg[15]
      243 |       1 |      74 |       34 |      0 |    10 |   -0.055 |       -0.7 |     35 | resp_msg[15]
      250 |       1 |      79 |       37 |      0 |    10 |   -0.060 |       -0.7 |     35 | resp_msg[15]
      252 |       1 |      75 |       35 |      0 |    10 |   -0.055 |       -0.7 |     35 | resp_msg[15]
      260 |       1 |      82 |       35 |      0 |    10 |   -0.055 |       -0.7 |     35 | resp_msg[15]
      264 |       1 |      78 |       35 |      0 |    10 |   -0.055 |       -0.7 |     35 | resp_msg[15]
      270 |       1 |      80 |       35 |      0 |    13 |   -0.056 |       -0.7 |     35 | resp_msg[15]
      280 |       1 |      88 |       37 |      0 |    14 |   -0.056 |       -0.5 |     35 | resp_msg[15]
      290 |       1 |      96 |       39 |      0 |    15 |   -0.057 |       -0.5 |     35 | resp_msg[15]
      294 |       1 |      81 |       37 |      0 |    11 |   -0.055 |       -0.6 |     35 | resp_msg[15]
      299 |       1 |      84 |       37 |      0 |    12 |   -0.055 |       -0.4 |     33 | resp_msg[15]
      300 |       1 |      84 |       37 |      0 |    12 |   -0.055 |       -0.4 |     33 | resp_msg[15]
      300 |       1 |      84 |       37 |      0 |    12 |   -0.055 |       -0.4 |     32 | resp_msg[15]
      301 |       1 |      84 |       37 |      0 |    12 |   -0.055 |       -0.4 |     31 | resp_msg[15]
      302 |       1 |      84 |       37 |      0 |    12 |   -0.055 |       -0.4 |     30 | resp_msg[15]
      303 |       1 |      84 |       37 |      0 |    12 |   -0.055 |       -0.4 |     29 | resp_msg[15]
      304 |       1 |      84 |       37 |      0 |    12 |   -0.055 |       -0.4 |     28 | resp_msg[15]
      305 |       1 |      84 |       37 |      0 |    12 |   -0.055 |       -0.4 |     27 | resp_msg[15]
      306 |       1 |      84 |       37 |      0 |    12 |   -0.055 |       -0.4 |     26 | resp_msg[15]
      310 |       1 |      86 |       37 |      0 |    13 |   -0.055 |       -0.4 |     26 | resp_msg[15]
      320 |       1 |      94 |       39 |      0 |    14 |   -0.055 |       -0.5 |     26 | resp_msg[15]
      325 |       1 |      90 |       38 |      0 |    13 |   -0.055 |       -0.4 |     26 | resp_msg[15]
      326 |       1 |      90 |       38 |      0 |    13 |   -0.055 |       -0.4 |     25 | resp_msg[15]
      327 |       1 |      90 |       38 |      0 |    13 |   -0.055 |       -0.4 |     24 | resp_msg[15]
      328 |       1 |      90 |       38 |      0 |    13 |   -0.055 |       -0.4 |     23 | resp_msg[15]
      329 |       1 |      90 |       38 |      0 |    13 |   -0.055 |       -0.4 |     22 | resp_msg[15]
      330 |       1 |      90 |       38 |      0 |    13 |   -0.055 |       -0.4 |     22 | resp_msg[15]
      330 |       1 |      90 |       38 |      0 |    13 |   -0.055 |       -0.4 |     21 | resp_msg[15]
      331 |       1 |      90 |       38 |      0 |    13 |   -0.055 |       -0.4 |     20 | resp_msg[15]
      332 |       1 |      90 |       38 |      0 |    13 |   -0.055 |       -0.4 |     19 | resp_msg[15]
      333 |       1 |      90 |       38 |      0 |    13 |   -0.055 |       -0.4 |     18 | resp_msg[15]
      334 |       1 |      90 |       38 |      0 |    13 |   -0.055 |       -0.4 |     17 | resp_msg[15]
      335 |       1 |      90 |       38 |      0 |    13 |   -0.055 |       -0.4 |     16 | resp_msg[15]
      336 |       1 |      90 |       38 |      0 |    13 |   -0.055 |       -0.4 |     15 | resp_msg[15]
      337 |       1 |      90 |       38 |      0 |    13 |   -0.055 |       -0.4 |     14 | resp_msg[15]
      338 |       1 |      90 |       38 |      0 |    13 |   -0.055 |       -0.4 |     13 | resp_msg[15]
      339 |       1 |      90 |       38 |      0 |    13 |   -0.055 |       -0.4 |     12 | resp_msg[15]
      340 |       1 |      90 |       38 |      0 |    13 |   -0.055 |       -0.4 |     12 | resp_msg[15]
      340 |       1 |      90 |       38 |      0 |    13 |   -0.055 |       -0.4 |     11 | resp_msg[15]
      342 |       1 |      91 |       38 |      0 |    13 |   -0.055 |       -0.4 |      9 | resp_msg[15]
     345* |       1 |      93 |       38 |      0 |    13 |   -0.052 |       -0.4 |     12 | resp_msg[15]
     346* |       1 |      93 |       38 |      0 |    13 |   -0.052 |       -0.4 |     12 | resp_msg[15]
     347* |       1 |      93 |       38 |      0 |    13 |   -0.052 |       -0.4 |     12 | resp_msg[15]
     348* |       1 |      93 |       38 |      0 |    13 |   -0.052 |       -0.4 |     12 | resp_msg[15]
     349* |       1 |      93 |       38 |      0 |    13 |   -0.052 |       -0.4 |     12 | resp_msg[15]
     350* |       1 |      93 |       38 |      0 |    13 |   -0.052 |       -0.4 |     12 | resp_msg[15]
     350* |       1 |      93 |       38 |      0 |    13 |   -0.052 |       -0.4 |     12 | resp_msg[15]
     360* |       1 |     102 |       38 |      0 |    13 |   -0.052 |       -0.4 |     12 | resp_msg[15]
     360* |       1 |     103 |       38 |      0 |    13 |   -0.052 |       -0.4 |     12 | resp_msg[15]
     361* |       1 |     103 |       38 |      0 |    13 |   -0.052 |       -0.4 |     12 | resp_msg[15]
     362* |       1 |     103 |       38 |      0 |    13 |   -0.052 |       -0.4 |     12 | resp_msg[15]
     363* |       1 |     103 |       38 |      0 |    13 |   -0.052 |       -0.4 |     12 | resp_msg[15]
     364* |       1 |     103 |       38 |      0 |    13 |   -0.052 |       -0.4 |     12 | resp_msg[15]
     366* |       1 |     104 |       38 |      0 |    13 |   -0.052 |       -0.4 |     12 | resp_msg[15]
    final |       1 |     104 |       38 |      0 |    13 |   -0.052 |       -0.4 |     12 | resp_msg[15]
---------------------------------------------------------------------------------------------------
[INFO RSZ-0059] Removed 1 buffers.
[INFO RSZ-0040] Inserted 13 buffers.
[INFO RSZ-0041] Resized 104 instances.
[INFO RSZ-0043] Swapped pins on 13 instances.
[WARNING RSZ-0062] Unable to repair all setup violations.
[INFO RSZ-0033] No hold violations found.
Placement Analysis
---------------------------------
total displacement        436.7 u
average displacement        0.7 u
max displacement            7.9 u
original HPWL            3648.3 u
legalized HPWL           4083.4 u
delta HPWL                   12 %

Repair antennas...
[WARNING GRT-0246] No diode with LEF class CORE ANTENNACELL found.
[INFO ANT-0002] Found 0 net violations.
[INFO ANT-0001] Found 0 pin violations.
Estimate parasitics...
Report metrics stage 5, global route...

==========================================================================
global route report_design_area
--------------------------------------------------------------------------
Design area 834 u^2 66% utilization.
[INFO FLW-0007] clock core_clock period 0.460000
[INFO FLW-0008] Clock core_clock period 0.489
[INFO FLW-0009] Clock core_clock slack -0.054
[INFO FLW-0011] Path endpoint count 90
Elapsed time: 0:02.26[h:]min:sec. CPU time: user 2.66 sys 0.14 (124%). Peak memory: 356908KB.
