OpenROAD v2.0-17941-g7fb347f37 
Features included (+) or not (-): +GPU +GUI +Python
This program is licensed under the BSD-3 license. See the LICENSE file for details.
Components of this program may be licensed under more restrictive licenses which must be honored.
[INFO ORD-0030] Using 16 thread(s).
detailed_route -output_drc ./reports/nangate45/gcd/base/5_route_drc.rpt -output_maze ./results/nangate45/gcd/base/maze.log -bottom_routing_layer metal2 -top_routing_layer metal10 -droute_end_iter 64 -verbose 1 -drc_report_iter_step 5
[INFO DRT-0149] Reading tech and libs.

Units:                2000
Number of layers:     21
Number of macros:     135
Number of vias:       30
Number of viarulegen: 19

[INFO DRT-0150] Reading design.

Design:                   gcd
Die area:                 ( 0 0 ) ( 76120 76120 )
Number of track patterns: 20
Number of DEF vias:       0
Number of components:     662
Number of terminals:      54
Number of snets:          2
Number of nets:           680

[INFO DRT-0167] List of default vias:
  Layer via2
    default via: via2_5
  Layer via3
    default via: via3_2
  Layer via4
    default via: via4_0
  Layer via5
    default via: via5_0
  Layer via6
    default via: via6_0
  Layer via7
    default via: via7_0
  Layer via8
    default via: via8_0
  Layer via9
    default via: via9_0
[INFO DRT-0162] Library cell analysis.
[INFO DRT-0163] Instance analysis.
[INFO DRT-0164] Number of unique instances = 70.
[INFO DRT-0168] Init region query.
[INFO DRT-0024]   Complete active.
[INFO DRT-0024]   Complete Fr_VIA.
[INFO DRT-0024]   Complete metal1.
[INFO DRT-0024]   Complete via1.
[INFO DRT-0024]   Complete metal2.
[INFO DRT-0024]   Complete via2.
[INFO DRT-0024]   Complete metal3.
[INFO DRT-0024]   Complete via3.
[INFO DRT-0024]   Complete metal4.
[INFO DRT-0024]   Complete via4.
[INFO DRT-0024]   Complete metal5.
[INFO DRT-0024]   Complete via5.
[INFO DRT-0024]   Complete metal6.
[INFO DRT-0024]   Complete via6.
[INFO DRT-0024]   Complete metal7.
[INFO DRT-0024]   Complete via7.
[INFO DRT-0024]   Complete metal8.
[INFO DRT-0024]   Complete via8.
[INFO DRT-0024]   Complete metal9.
[INFO DRT-0024]   Complete via9.
[INFO DRT-0024]   Complete metal10.
[INFO DRT-0033] active shape region query size = 0.
[INFO DRT-0033] FR_VIA shape region query size = 0.
[INFO DRT-0033] metal1 shape region query size = 9349.
[INFO DRT-0033] via1 shape region query size = 78.
[INFO DRT-0033] metal2 shape region query size = 52.
[INFO DRT-0033] via2 shape region query size = 78.
[INFO DRT-0033] metal3 shape region query size = 52.
[INFO DRT-0033] via3 shape region query size = 78.
[INFO DRT-0033] metal4 shape region query size = 28.
[INFO DRT-0033] via4 shape region query size = 0.
[INFO DRT-0033] metal5 shape region query size = 27.
[INFO DRT-0033] via5 shape region query size = 0.
[INFO DRT-0033] metal6 shape region query size = 27.
[INFO DRT-0033] via6 shape region query size = 0.
[INFO DRT-0033] metal7 shape region query size = 0.
[INFO DRT-0033] via7 shape region query size = 0.
[INFO DRT-0033] metal8 shape region query size = 0.
[INFO DRT-0033] via8 shape region query size = 0.
[INFO DRT-0033] metal9 shape region query size = 0.
[INFO DRT-0033] via9 shape region query size = 0.
[INFO DRT-0033] metal10 shape region query size = 0.
[INFO DRT-0165] Start pin access.
[INFO DRT-0078]   Complete 353 pins.
[INFO DRT-0081]   Complete 70 unique inst patterns.
[INFO DRT-0084]   Complete 196 groups.
#scanned instances     = 662
#unique  instances     = 70
#stdCellGenAp          = 1902
#stdCellValidPlanarAp  = 0
#stdCellValidViaAp     = 1329
#stdCellPinNoAp        = 0
#stdCellPinCnt         = 1787
#instTermValidViaApCnt = 0
#macroGenAp            = 0
#macroValidPlanarAp    = 0
#macroValidViaAp       = 0
#macroNoAp             = 0
[INFO DRT-0166] Complete pin access.
[INFO DRT-0267] cpu time = 00:00:12, elapsed time = 00:00:00, memory = 209.38 (MB), peak = 209.38 (MB)

[INFO DRT-0157] Number of guides:     4787

[INFO DRT-0169] Post process guides.
[INFO DRT-0176] GCELLGRID X 0 DO 18 STEP 4200 ;
[INFO DRT-0177] GCELLGRID Y 0 DO 18 STEP 4200 ;
[INFO DRT-0028]   Complete active.
[INFO DRT-0028]   Complete Fr_VIA.
[INFO DRT-0028]   Complete metal1.
[INFO DRT-0028]   Complete via1.
[INFO DRT-0028]   Complete metal2.
[INFO DRT-0028]   Complete via2.
[INFO DRT-0028]   Complete metal3.
[INFO DRT-0028]   Complete via3.
[INFO DRT-0028]   Complete metal4.
[INFO DRT-0028]   Complete via4.
[INFO DRT-0028]   Complete metal5.
[INFO DRT-0028]   Complete via5.
[INFO DRT-0028]   Complete metal6.
[INFO DRT-0028]   Complete via6.
[INFO DRT-0028]   Complete metal7.
[INFO DRT-0028]   Complete via7.
[INFO DRT-0028]   Complete metal8.
[INFO DRT-0028]   Complete via8.
[INFO DRT-0028]   Complete metal9.
[INFO DRT-0028]   Complete via9.
[INFO DRT-0028]   Complete metal10.
[INFO DRT-0178] Init guide query.
[INFO DRT-0035]   Complete active (guide).
[INFO DRT-0035]   Complete Fr_VIA (guide).
[INFO DRT-0035]   Complete metal1 (guide).
[INFO DRT-0035]   Complete via1 (guide).
[INFO DRT-0035]   Complete metal2 (guide).
[INFO DRT-0035]   Complete via2 (guide).
[INFO DRT-0035]   Complete metal3 (guide).
[INFO DRT-0035]   Complete via3 (guide).
[INFO DRT-0035]   Complete metal4 (guide).
[INFO DRT-0035]   Complete via4 (guide).
[INFO DRT-0035]   Complete metal5 (guide).
[INFO DRT-0035]   Complete via5 (guide).
[INFO DRT-0035]   Complete metal6 (guide).
[INFO DRT-0035]   Complete via6 (guide).
[INFO DRT-0035]   Complete metal7 (guide).
[INFO DRT-0035]   Complete via7 (guide).
[INFO DRT-0035]   Complete metal8 (guide).
[INFO DRT-0035]   Complete via8 (guide).
[INFO DRT-0035]   Complete metal9 (guide).
[INFO DRT-0035]   Complete via9 (guide).
[INFO DRT-0035]   Complete metal10 (guide).
[INFO DRT-0036] active guide region query size = 0.
[INFO DRT-0036] FR_VIA guide region query size = 0.
[INFO DRT-0036] metal1 guide region query size = 1525.
[INFO DRT-0036] via1 guide region query size = 0.
[INFO DRT-0036] metal2 guide region query size = 1186.
[INFO DRT-0036] via2 guide region query size = 0.
[INFO DRT-0036] metal3 guide region query size = 638.
[INFO DRT-0036] via3 guide region query size = 0.
[INFO DRT-0036] metal4 guide region query size = 161.
[INFO DRT-0036] via4 guide region query size = 0.
[INFO DRT-0036] metal5 guide region query size = 93.
[INFO DRT-0036] via5 guide region query size = 0.
[INFO DRT-0036] metal6 guide region query size = 33.
[INFO DRT-0036] via6 guide region query size = 0.
[INFO DRT-0036] metal7 guide region query size = 0.
[INFO DRT-0036] via7 guide region query size = 0.
[INFO DRT-0036] metal8 guide region query size = 0.
[INFO DRT-0036] via8 guide region query size = 0.
[INFO DRT-0036] metal9 guide region query size = 0.
[INFO DRT-0036] via9 guide region query size = 0.
[INFO DRT-0036] metal10 guide region query size = 0.
[INFO DRT-0179] Init gr pin query.
[INFO DRT-0267] cpu time = 00:00:00, elapsed time = 00:00:00, memory = 210.64 (MB), peak = 210.64 (MB)
[INFO DRT-0245] skipped writing guide updates to database.
[INFO DRT-0185] Post process initialize RPin region query.
[INFO DRT-0181] Start track assignment.
[INFO DRT-0184] Done with 1380 vertical wires in 1 frboxes and 2256 horizontal wires in 1 frboxes.
[INFO DRT-0186] Done with 402 vertical wires in 1 frboxes and 499 horizontal wires in 1 frboxes.
[INFO DRT-0182] Complete track assignment.
[INFO DRT-0267] cpu time = 00:00:00, elapsed time = 00:00:00, memory = 218.25 (MB), peak = 218.25 (MB)
[INFO DRT-0187] Start routing data preparation.
[INFO DRT-0267] cpu time = 00:00:00, elapsed time = 00:00:00, memory = 218.25 (MB), peak = 218.25 (MB)
[INFO DRT-0194] Start detail routing.
[INFO DRT-0195] Start 0th optimization iteration.
    Completing 10% with 0 violations.
    elapsed time = 00:00:00, memory = 231.54 (MB).
    Completing 20% with 0 violations.
    elapsed time = 00:00:00, memory = 233.54 (MB).
    Completing 30% with 0 violations.
    elapsed time = 00:00:00, memory = 229.09 (MB).
    Completing 40% with 0 violations.
    elapsed time = 00:00:00, memory = 226.98 (MB).
    Completing 50% with 11 violations.
    elapsed time = 00:00:00, memory = 248.17 (MB).
    Completing 60% with 11 violations.
    elapsed time = 00:00:00, memory = 247.70 (MB).
    Completing 70% with 36 violations.
    elapsed time = 00:00:01, memory = 259.62 (MB).
    Completing 80% with 36 violations.
    elapsed time = 00:00:01, memory = 257.64 (MB).
    Completing 90% with 46 violations.
    elapsed time = 00:00:02, memory = 267.30 (MB).
    Completing 100% with 71 violations.
    elapsed time = 00:00:02, memory = 267.30 (MB).
[INFO DRT-0199]   Number of violations = 121.
Viol/Layer      metal1   via1 metal2 metal3 metal4
Metal Spacing        7      0      5      0      0
Recheck              9      0     24     14      3
Short                2      4     49      4      0
[INFO DRT-0267] cpu time = 00:00:04, elapsed time = 00:00:02, memory = 818.41 (MB), peak = 818.41 (MB)
Total wire length = 4602 um.
Total wire length on LAYER metal1 = 0 um.
Total wire length on LAYER metal2 = 1768 um.
Total wire length on LAYER metal3 = 1949 um.
Total wire length on LAYER metal4 = 528 um.
Total wire length on LAYER metal5 = 260 um.
Total wire length on LAYER metal6 = 95 um.
Total wire length on LAYER metal7 = 0 um.
Total wire length on LAYER metal8 = 0 um.
Total wire length on LAYER metal9 = 0 um.
Total wire length on LAYER metal10 = 0 um.
Total number of vias = 3760.
Up-via summary (total 3760):

---------------
 active       0
 metal1    1774
 metal2    1616
 metal3     215
 metal4     113
 metal5      42
 metal6       0
 metal7       0
 metal8       0
 metal9       0
---------------
           3760


[INFO DRT-0195] Start 1st optimization iteration.
    Completing 10% with 121 violations.
    elapsed time = 00:00:00, memory = 829.61 (MB).
    Completing 20% with 121 violations.
    elapsed time = 00:00:00, memory = 832.45 (MB).
    Completing 30% with 121 violations.
    elapsed time = 00:00:00, memory = 832.71 (MB).
    Completing 40% with 121 violations.
    elapsed time = 00:00:00, memory = 834.77 (MB).
    Completing 50% with 105 violations.
    elapsed time = 00:00:00, memory = 848.56 (MB).
    Completing 60% with 105 violations.
    elapsed time = 00:00:00, memory = 854.75 (MB).
    Completing 70% with 58 violations.
    elapsed time = 00:00:01, memory = 860.35 (MB).
    Completing 80% with 58 violations.
    elapsed time = 00:00:01, memory = 860.35 (MB).
    Completing 90% with 31 violations.
    elapsed time = 00:00:01, memory = 871.38 (MB).
    Completing 100% with 6 violations.
    elapsed time = 00:00:01, memory = 871.38 (MB).
[INFO DRT-0199]   Number of violations = 6.
Viol/Layer      metal2
Metal Spacing        3
Short                3
[INFO DRT-0267] cpu time = 00:00:03, elapsed time = 00:00:01, memory = 871.63 (MB), peak = 881.74 (MB)
Total wire length = 4525 um.
Total wire length on LAYER metal1 = 0 um.
Total wire length on LAYER metal2 = 1702 um.
Total wire length on LAYER metal3 = 1917 um.
Total wire length on LAYER metal4 = 569 um.
Total wire length on LAYER metal5 = 241 um.
Total wire length on LAYER metal6 = 95 um.
Total wire length on LAYER metal7 = 0 um.
Total wire length on LAYER metal8 = 0 um.
Total wire length on LAYER metal9 = 0 um.
Total wire length on LAYER metal10 = 0 um.
Total number of vias = 3717.
Up-via summary (total 3717):

---------------
 active       0
 metal1    1775
 metal2    1583
 metal3     214
 metal4     106
 metal5      39
 metal6       0
 metal7       0
 metal8       0
 metal9       0
---------------
           3717


[INFO DRT-0195] Start 2nd optimization iteration.
    Completing 10% with 6 violations.
    elapsed time = 00:00:00, memory = 871.63 (MB).
    Completing 20% with 6 violations.
    elapsed time = 00:00:00, memory = 871.63 (MB).
    Completing 30% with 6 violations.
    elapsed time = 00:00:00, memory = 871.63 (MB).
    Completing 40% with 6 violations.
    elapsed time = 00:00:00, memory = 871.63 (MB).
    Completing 50% with 6 violations.
    elapsed time = 00:00:00, memory = 887.38 (MB).
    Completing 60% with 10 violations.
    elapsed time = 00:00:00, memory = 887.38 (MB).
    Completing 70% with 10 violations.
    elapsed time = 00:00:01, memory = 895.30 (MB).
    Completing 80% with 10 violations.
    elapsed time = 00:00:01, memory = 895.30 (MB).
    Completing 90% with 10 violations.
    elapsed time = 00:00:01, memory = 901.73 (MB).
    Completing 100% with 9 violations.
    elapsed time = 00:00:01, memory = 901.73 (MB).
[INFO DRT-0199]   Number of violations = 9.
Viol/Layer      metal2
Metal Spacing        2
Short                7
[INFO DRT-0267] cpu time = 00:00:02, elapsed time = 00:00:01, memory = 901.73 (MB), peak = 901.73 (MB)
Total wire length = 4521 um.
Total wire length on LAYER metal1 = 0 um.
Total wire length on LAYER metal2 = 1716 um.
Total wire length on LAYER metal3 = 1909 um.
Total wire length on LAYER metal4 = 555 um.
Total wire length on LAYER metal5 = 244 um.
Total wire length on LAYER metal6 = 95 um.
Total wire length on LAYER metal7 = 0 um.
Total wire length on LAYER metal8 = 0 um.
Total wire length on LAYER metal9 = 0 um.
Total wire length on LAYER metal10 = 0 um.
Total number of vias = 3700.
Up-via summary (total 3700):

---------------
 active       0
 metal1    1776
 metal2    1567
 metal3     212
 metal4     105
 metal5      40
 metal6       0
 metal7       0
 metal8       0
 metal9       0
---------------
           3700


[INFO DRT-0195] Start 3rd stubborn tiles iteration.
    Completing 10% with 9 violations.
    elapsed time = 00:00:01, memory = 1155.76 (MB).
    Completing 20% with 9 violations.
    elapsed time = 00:00:02, memory = 1231.74 (MB).
    Completing 30% with 9 violations.
    elapsed time = 00:00:02, memory = 1312.80 (MB).
    Completing 40% with 9 violations.
    elapsed time = 00:00:03, memory = 1371.50 (MB).
    Completing 50% with 9 violations.
    elapsed time = 00:00:03, memory = 1436.84 (MB).
    Completing 60% with 3 violations.
    elapsed time = 00:00:04, memory = 1436.84 (MB).
    Completing 70% with 3 violations.
    elapsed time = 00:00:04, memory = 1436.84 (MB).
    Completing 80% with 3 violations.
    elapsed time = 00:00:05, memory = 1437.09 (MB).
    Completing 90% with 3 violations.
    elapsed time = 00:00:06, memory = 1437.09 (MB).
    Completing 100% with 0 violations.
    elapsed time = 00:00:07, memory = 1411.20 (MB).
[INFO DRT-0199]   Number of violations = 0.
[INFO DRT-0267] cpu time = 00:01:29, elapsed time = 00:00:07, memory = 1411.20 (MB), peak = 1446.71 (MB)
Total wire length = 4519 um.
Total wire length on LAYER metal1 = 0 um.
Total wire length on LAYER metal2 = 1689 um.
Total wire length on LAYER metal3 = 1913 um.
Total wire length on LAYER metal4 = 576 um.
Total wire length on LAYER metal5 = 244 um.
Total wire length on LAYER metal6 = 95 um.
Total wire length on LAYER metal7 = 0 um.
Total wire length on LAYER metal8 = 0 um.
Total wire length on LAYER metal9 = 0 um.
Total wire length on LAYER metal10 = 0 um.
Total number of vias = 3721.
Up-via summary (total 3721):

---------------
 active       0
 metal1    1776
 metal2    1573
 metal3     227
 metal4     105
 metal5      40
 metal6       0
 metal7       0
 metal8       0
 metal9       0
---------------
           3721


[INFO DRT-0198] Complete detail routing.
Total wire length = 4519 um.
Total wire length on LAYER metal1 = 0 um.
Total wire length on LAYER metal2 = 1689 um.
Total wire length on LAYER metal3 = 1913 um.
Total wire length on LAYER metal4 = 576 um.
Total wire length on LAYER metal5 = 244 um.
Total wire length on LAYER metal6 = 95 um.
Total wire length on LAYER metal7 = 0 um.
Total wire length on LAYER metal8 = 0 um.
Total wire length on LAYER metal9 = 0 um.
Total wire length on LAYER metal10 = 0 um.
Total number of vias = 3721.
Up-via summary (total 3721):

---------------
 active       0
 metal1    1776
 metal2    1573
 metal3     227
 metal4     105
 metal5      40
 metal6       0
 metal7       0
 metal8       0
 metal9       0
---------------
           3721


[INFO DRT-0267] cpu time = 00:01:39, elapsed time = 00:00:14, memory = 1411.20 (MB), peak = 1446.71 (MB)

[INFO DRT-0180] Post processing.
[WARNING GRT-0246] No diode with LEF class CORE ANTENNACELL found.
[INFO ANT-0002] Found 0 net violations.
[INFO ANT-0001] Found 0 pin violations.
[INFO ANT-0002] Found 0 net violations.
[INFO ANT-0001] Found 0 pin violations.
Elapsed time: 0:15.80[h:]min:sec. CPU time: user 112.10 sys 1.97 (721%). Peak memory: 1481428KB.
