
==========================================================================
resizer report_tns
--------------------------------------------------------------------------
tns -0.28

==========================================================================
resizer report_wns
--------------------------------------------------------------------------
wns -0.02

==========================================================================
resizer report_worst_slack
--------------------------------------------------------------------------
worst slack -0.02

==========================================================================
resizer report_checks -path_delay min
--------------------------------------------------------------------------
Startpoint: ctrl.state.out[1]$_DFF_P_
            (rising edge-triggered flip-flop clocked by core_clock)
Endpoint: ctrl.state.out[1]$_DFF_P_
          (rising edge-triggered flip-flop clocked by core_clock)
Path Group: core_clock
Path Type: min

Fanout     Cap    Slew   Delay    Time   Description
-----------------------------------------------------------------------------
                  0.00    0.00    0.00   clock core_clock (rise edge)
                          0.00    0.00   clock network delay (ideal)
                  0.00    0.00    0.00 ^ ctrl.state.out[1]$_DFF_P_/CK (DFF_X1)
     2    2.46    0.01    0.08    0.08 v ctrl.state.out[1]$_DFF_P_/Q (DFF_X1)
                                         ctrl.state.out[1] (net)
                  0.01    0.00    0.08 v _522_/A2 (NAND2_X1)
     1    1.72    0.01    0.02    0.10 ^ _522_/ZN (NAND2_X1)
                                         _069_ (net)
                  0.01    0.00    0.10 ^ _524_/A (OAI21_X1)
     1    1.24    0.01    0.01    0.11 v _524_/ZN (OAI21_X1)
                                         _001_ (net)
                  0.01    0.00    0.11 v ctrl.state.out[1]$_DFF_P_/D (DFF_X1)
                                  0.11   data arrival time

                  0.00    0.00    0.00   clock core_clock (rise edge)
                          0.00    0.00   clock network delay (ideal)
                          0.00    0.00   clock reconvergence pessimism
                                  0.00 ^ ctrl.state.out[1]$_DFF_P_/CK (DFF_X1)
                          0.00    0.00   library hold time
                                  0.00   data required time
-----------------------------------------------------------------------------
                                  0.00   data required time
                                 -0.11   data arrival time
-----------------------------------------------------------------------------
                                  0.11   slack (MET)



==========================================================================
resizer report_checks -path_delay max
--------------------------------------------------------------------------
Startpoint: dpath.b_reg.out[6]$_DFFE_PP_
            (rising edge-triggered flip-flop clocked by core_clock)
Endpoint: dpath.b_reg.out[4]$_DFFE_PP_
          (rising edge-triggered flip-flop clocked by core_clock)
Path Group: core_clock
Path Type: max

Fanout     Cap    Slew   Delay    Time   Description
-----------------------------------------------------------------------------
                  0.00    0.00    0.00   clock core_clock (rise edge)
                          0.00    0.00   clock network delay (ideal)
                  0.00    0.00    0.00 ^ dpath.b_reg.out[6]$_DFFE_PP_/CK (DFF_X1)
     2    5.10    0.01    0.09    0.09 ^ dpath.b_reg.out[6]$_DFFE_PP_/Q (DFF_X1)
                                         dpath.a_lt_b$in1[6] (net)
                  0.01    0.00    0.09 ^ _502_/A (INV_X2)
     4    8.07    0.01    0.01    0.11 v _502_/ZN (INV_X2)
                                         _052_ (net)
                  0.01    0.00    0.11 v _549_/A1 (NAND2_X1)
     3    5.35    0.02    0.02    0.13 ^ _549_/ZN (NAND2_X1)
                                         _094_ (net)
                  0.02    0.00    0.13 ^ _552_/A1 (NAND2_X1)
     3    5.76    0.01    0.02    0.15 v _552_/ZN (NAND2_X1)
                                         _097_ (net)
                  0.01    0.00    0.15 v _553_/A2 (NOR2_X1)
     4    6.54    0.04    0.05    0.21 ^ _553_/ZN (NOR2_X1)
                                         _098_ (net)
                  0.04    0.00    0.21 ^ _563_/A1 (AND2_X1)
     2    3.38    0.01    0.04    0.25 ^ _563_/ZN (AND2_X1)
                                         _108_ (net)
                  0.01    0.00    0.25 ^ _564_/A2 (NAND2_X1)
     2    3.27    0.01    0.02    0.27 v _564_/ZN (NAND2_X1)
                                         _109_ (net)
                  0.01    0.00    0.27 v _573_/A1 (NAND2_X1)
     2    7.83    0.02    0.03    0.30 ^ _573_/ZN (NAND2_X1)
                                         _118_ (net)
                  0.02    0.00    0.30 ^ _616_/A1 (NAND2_X4)
     4   20.69    0.01    0.02    0.32 v _616_/ZN (NAND2_X4)
                                         _161_ (net)
                  0.01    0.00    0.32 v _648_/A1 (NAND3_X2)
     2    9.46    0.02    0.03    0.35 ^ _648_/ZN (NAND3_X2)
                                         _192_ (net)
                  0.02    0.00    0.35 ^ _888_/A1 (NAND2_X4)
     5   22.19    0.01    0.02    0.38 v _888_/ZN (NAND2_X4)
                                         _402_ (net)
                  0.01    0.00    0.38 v _907_/A (BUF_X8)
    10   21.72    0.01    0.03    0.41 v _907_/Z (BUF_X8)
                                         _417_ (net)
                  0.01    0.00    0.41 v _932_/A1 (NAND2_X1)
     1    1.74    0.01    0.01    0.42 ^ _932_/ZN (NAND2_X1)
                                         _436_ (net)
                  0.01    0.00    0.42 ^ _933_/A (OAI21_X1)
     1    1.20    0.01    0.02    0.44 v _933_/ZN (OAI21_X1)
                                         _030_ (net)
                  0.01    0.00    0.44 v dpath.b_reg.out[4]$_DFFE_PP_/D (DFF_X1)
                                  0.44   data arrival time

                  0.00    0.46    0.46   clock core_clock (rise edge)
                          0.00    0.46   clock network delay (ideal)
                          0.00    0.46   clock reconvergence pessimism
                                  0.46 ^ dpath.b_reg.out[4]$_DFFE_PP_/CK (DFF_X1)
                         -0.04    0.42   library setup time
                                  0.42   data required time
-----------------------------------------------------------------------------
                                  0.42   data required time
                                 -0.44   data arrival time
-----------------------------------------------------------------------------
                                 -0.02   slack (VIOLATED)



==========================================================================
resizer report_checks -unconstrained
--------------------------------------------------------------------------
Startpoint: dpath.b_reg.out[6]$_DFFE_PP_
            (rising edge-triggered flip-flop clocked by core_clock)
Endpoint: dpath.b_reg.out[4]$_DFFE_PP_
          (rising edge-triggered flip-flop clocked by core_clock)
Path Group: core_clock
Path Type: max

Fanout     Cap    Slew   Delay    Time   Description
-----------------------------------------------------------------------------
                  0.00    0.00    0.00   clock core_clock (rise edge)
                          0.00    0.00   clock network delay (ideal)
                  0.00    0.00    0.00 ^ dpath.b_reg.out[6]$_DFFE_PP_/CK (DFF_X1)
     2    5.10    0.01    0.09    0.09 ^ dpath.b_reg.out[6]$_DFFE_PP_/Q (DFF_X1)
                                         dpath.a_lt_b$in1[6] (net)
                  0.01    0.00    0.09 ^ _502_/A (INV_X2)
     4    8.07    0.01    0.01    0.11 v _502_/ZN (INV_X2)
                                         _052_ (net)
                  0.01    0.00    0.11 v _549_/A1 (NAND2_X1)
     3    5.35    0.02    0.02    0.13 ^ _549_/ZN (NAND2_X1)
                                         _094_ (net)
                  0.02    0.00    0.13 ^ _552_/A1 (NAND2_X1)
     3    5.76    0.01    0.02    0.15 v _552_/ZN (NAND2_X1)
                                         _097_ (net)
                  0.01    0.00    0.15 v _553_/A2 (NOR2_X1)
     4    6.54    0.04    0.05    0.21 ^ _553_/ZN (NOR2_X1)
                                         _098_ (net)
                  0.04    0.00    0.21 ^ _563_/A1 (AND2_X1)
     2    3.38    0.01    0.04    0.25 ^ _563_/ZN (AND2_X1)
                                         _108_ (net)
                  0.01    0.00    0.25 ^ _564_/A2 (NAND2_X1)
     2    3.27    0.01    0.02    0.27 v _564_/ZN (NAND2_X1)
                                         _109_ (net)
                  0.01    0.00    0.27 v _573_/A1 (NAND2_X1)
     2    7.83    0.02    0.03    0.30 ^ _573_/ZN (NAND2_X1)
                                         _118_ (net)
                  0.02    0.00    0.30 ^ _616_/A1 (NAND2_X4)
     4   20.69    0.01    0.02    0.32 v _616_/ZN (NAND2_X4)
                                         _161_ (net)
                  0.01    0.00    0.32 v _648_/A1 (NAND3_X2)
     2    9.46    0.02    0.03    0.35 ^ _648_/ZN (NAND3_X2)
                                         _192_ (net)
                  0.02    0.00    0.35 ^ _888_/A1 (NAND2_X4)
     5   22.19    0.01    0.02    0.38 v _888_/ZN (NAND2_X4)
                                         _402_ (net)
                  0.01    0.00    0.38 v _907_/A (BUF_X8)
    10   21.72    0.01    0.03    0.41 v _907_/Z (BUF_X8)
                                         _417_ (net)
                  0.01    0.00    0.41 v _932_/A1 (NAND2_X1)
     1    1.74    0.01    0.01    0.42 ^ _932_/ZN (NAND2_X1)
                                         _436_ (net)
                  0.01    0.00    0.42 ^ _933_/A (OAI21_X1)
     1    1.20    0.01    0.02    0.44 v _933_/ZN (OAI21_X1)
                                         _030_ (net)
                  0.01    0.00    0.44 v dpath.b_reg.out[4]$_DFFE_PP_/D (DFF_X1)
                                  0.44   data arrival time

                  0.00    0.46    0.46   clock core_clock (rise edge)
                          0.00    0.46   clock network delay (ideal)
                          0.00    0.46   clock reconvergence pessimism
                                  0.46 ^ dpath.b_reg.out[4]$_DFFE_PP_/CK (DFF_X1)
                         -0.04    0.42   library setup time
                                  0.42   data required time
-----------------------------------------------------------------------------
                                  0.42   data required time
                                 -0.44   data arrival time
-----------------------------------------------------------------------------
                                 -0.02   slack (VIOLATED)



==========================================================================
resizer report_check_types -max_slew -max_cap -max_fanout -violators
--------------------------------------------------------------------------

==========================================================================
resizer max_slew_check_slack
--------------------------------------------------------------------------
0.15299786627292633

==========================================================================
resizer max_slew_check_limit
--------------------------------------------------------------------------
0.1985349953174591

==========================================================================
resizer max_slew_check_slack_limit
--------------------------------------------------------------------------
0.7706

==========================================================================
resizer max_fanout_check_slack
--------------------------------------------------------------------------
1.0000000150474662e+30

==========================================================================
resizer max_fanout_check_limit
--------------------------------------------------------------------------
1.0000000150474662e+30

==========================================================================
resizer max_capacitance_check_slack
--------------------------------------------------------------------------
16.78755760192871

==========================================================================
resizer max_capacitance_check_limit
--------------------------------------------------------------------------
20.904499053955078

==========================================================================
resizer max_capacitance_check_slack_limit
--------------------------------------------------------------------------
0.8031

==========================================================================
resizer max_slew_violation_count
--------------------------------------------------------------------------
max slew violation count 0

==========================================================================
resizer max_fanout_violation_count
--------------------------------------------------------------------------
max fanout violation count 0

==========================================================================
resizer max_cap_violation_count
--------------------------------------------------------------------------
max cap violation count 0

==========================================================================
resizer setup_violation_count
--------------------------------------------------------------------------
setup violation count 23

==========================================================================
resizer hold_violation_count
--------------------------------------------------------------------------
hold violation count 0

==========================================================================
resizer report_checks -path_delay max reg to reg
--------------------------------------------------------------------------
Startpoint: dpath.b_reg.out[6]$_DFFE_PP_
            (rising edge-triggered flip-flop clocked by core_clock)
Endpoint: dpath.b_reg.out[4]$_DFFE_PP_
          (rising edge-triggered flip-flop clocked by core_clock)
Path Group: core_clock
Path Type: max

  Delay    Time   Description
---------------------------------------------------------
   0.00    0.00   clock core_clock (rise edge)
   0.00    0.00   clock network delay (ideal)
   0.00    0.00 ^ dpath.b_reg.out[6]$_DFFE_PP_/CK (DFF_X1)
   0.09    0.09 ^ dpath.b_reg.out[6]$_DFFE_PP_/Q (DFF_X1)
   0.01    0.11 v _502_/ZN (INV_X2)
   0.02    0.13 ^ _549_/ZN (NAND2_X1)
   0.02    0.15 v _552_/ZN (NAND2_X1)
   0.05    0.21 ^ _553_/ZN (NOR2_X1)
   0.04    0.25 ^ _563_/ZN (AND2_X1)
   0.02    0.27 v _564_/ZN (NAND2_X1)
   0.03    0.30 ^ _573_/ZN (NAND2_X1)
   0.02    0.32 v _616_/ZN (NAND2_X4)
   0.03    0.35 ^ _648_/ZN (NAND3_X2)
   0.02    0.38 v _888_/ZN (NAND2_X4)
   0.03    0.41 v _907_/Z (BUF_X8)
   0.01    0.42 ^ _932_/ZN (NAND2_X1)
   0.02    0.44 v _933_/ZN (OAI21_X1)
   0.00    0.44 v dpath.b_reg.out[4]$_DFFE_PP_/D (DFF_X1)
           0.44   data arrival time

   0.46    0.46   clock core_clock (rise edge)
   0.00    0.46   clock network delay (ideal)
   0.00    0.46   clock reconvergence pessimism
           0.46 ^ dpath.b_reg.out[4]$_DFFE_PP_/CK (DFF_X1)
  -0.04    0.42   library setup time
           0.42   data required time
---------------------------------------------------------
           0.42   data required time
          -0.44   data arrival time
---------------------------------------------------------
          -0.02   slack (VIOLATED)



==========================================================================
resizer report_checks -path_delay min reg to reg
--------------------------------------------------------------------------
Startpoint: ctrl.state.out[1]$_DFF_P_
            (rising edge-triggered flip-flop clocked by core_clock)
Endpoint: ctrl.state.out[1]$_DFF_P_
          (rising edge-triggered flip-flop clocked by core_clock)
Path Group: core_clock
Path Type: min

  Delay    Time   Description
---------------------------------------------------------
   0.00    0.00   clock core_clock (rise edge)
   0.00    0.00   clock network delay (ideal)
   0.00    0.00 ^ ctrl.state.out[1]$_DFF_P_/CK (DFF_X1)
   0.08    0.08 v ctrl.state.out[1]$_DFF_P_/Q (DFF_X1)
   0.02    0.10 ^ _522_/ZN (NAND2_X1)
   0.01    0.11 v _524_/ZN (OAI21_X1)
   0.00    0.11 v ctrl.state.out[1]$_DFF_P_/D (DFF_X1)
           0.11   data arrival time

   0.00    0.00   clock core_clock (rise edge)
   0.00    0.00   clock network delay (ideal)
   0.00    0.00   clock reconvergence pessimism
           0.00 ^ ctrl.state.out[1]$_DFF_P_/CK (DFF_X1)
   0.00    0.00   library hold time
           0.00   data required time
---------------------------------------------------------
           0.00   data required time
          -0.11   data arrival time
---------------------------------------------------------
           0.11   slack (MET)



==========================================================================
resizer critical path target clock latency max path
--------------------------------------------------------------------------
0.0000

==========================================================================
resizer critical path target clock latency min path
--------------------------------------------------------------------------
0.0000

==========================================================================
resizer critical path source clock latency min path
--------------------------------------------------------------------------
0.0000

==========================================================================
resizer critical path delay
--------------------------------------------------------------------------
0.4366

==========================================================================
resizer critical path slack
--------------------------------------------------------------------------
-0.0173

==========================================================================
resizer slack div critical path delay
--------------------------------------------------------------------------
-3.962437

==========================================================================
resizer report_power
--------------------------------------------------------------------------
Group                  Internal  Switching    Leakage      Total
                          Power      Power      Power      Power (Watts)
----------------------------------------------------------------
Sequential             4.83e-04   6.78e-05   2.80e-06   5.54e-04  27.8%
Combinational          6.73e-04   7.53e-04   1.25e-05   1.44e-03  72.2%
Clock                  0.00e+00   0.00e+00   0.00e+00   0.00e+00   0.0%
Macro                  0.00e+00   0.00e+00   0.00e+00   0.00e+00   0.0%
Pad                    0.00e+00   0.00e+00   0.00e+00   0.00e+00   0.0%
----------------------------------------------------------------
Total                  1.16e-03   8.21e-04   1.53e-05   1.99e-03 100.0%
                          58.0%      41.2%       0.8%
