
==========================================================================
global route report_tns
--------------------------------------------------------------------------
tns -0.53

==========================================================================
global route report_wns
--------------------------------------------------------------------------
wns -0.06

==========================================================================
global route report_worst_slack
--------------------------------------------------------------------------
worst slack -0.06

==========================================================================
global route report_clock_skew
--------------------------------------------------------------------------
Clock core_clock
   0.07 source latency dpath.b_reg.out[6]$_DFFE_PP_/CK ^
  -0.07 target latency dpath.b_reg.out[9]$_DFFE_PP_/CK ^
   0.00 CRPR
--------------
  -0.00 setup skew


==========================================================================
global route report_checks -path_delay min
--------------------------------------------------------------------------
Startpoint: req_val (input port clocked by core_clock)
Endpoint: ctrl.state.out[0]$_DFF_P_
          (rising edge-triggered flip-flop clocked by core_clock)
Path Group: core_clock
Path Type: min

Fanout     Cap    Slew   Delay    Time   Description
-----------------------------------------------------------------------------
                          0.00    0.00   clock core_clock (rise edge)
                          0.00    0.00   clock network delay (propagated)
                          0.09    0.09 ^ input external delay
     1    1.43    0.00    0.00    0.09 ^ req_val (in)
                                         req_val (net)
                  0.00    0.00    0.09 ^ input33/A (BUF_X1)
     2    3.93    0.01    0.02    0.12 ^ input33/Z (BUF_X1)
                                         net33 (net)
                  0.01    0.00    0.12 ^ _521_/B2 (OAI21_X1)
     1    1.45    0.01    0.02    0.13 v _521_/ZN (OAI21_X1)
                                         _000_ (net)
                  0.01    0.00    0.13 v ctrl.state.out[0]$_DFF_P_/D (DFF_X1)
                                  0.13   data arrival time

                          0.00    0.00   clock core_clock (rise edge)
                          0.00    0.00   clock source latency
     1    4.92    0.00    0.00    0.00 ^ clk (in)
                                         clk (net)
                  0.00    0.00    0.00 ^ clkbuf_0_clk/A (CLKBUF_X3)
     4    9.73    0.01    0.03    0.03 ^ clkbuf_0_clk/Z (CLKBUF_X3)
                                         clknet_0_clk (net)
                  0.01    0.00    0.03 ^ clkbuf_2_2__f_clk/A (CLKBUF_X3)
    10   13.14    0.01    0.04    0.07 ^ clkbuf_2_2__f_clk/Z (CLKBUF_X3)
                                         clknet_2_2__leaf_clk (net)
                  0.01    0.00    0.07 ^ ctrl.state.out[0]$_DFF_P_/CK (DFF_X1)
                          0.00    0.07   clock reconvergence pessimism
                          0.00    0.08   library hold time
                                  0.08   data required time
-----------------------------------------------------------------------------
                                  0.08   data required time
                                 -0.13   data arrival time
-----------------------------------------------------------------------------
                                  0.06   slack (MET)



==========================================================================
global route report_checks -path_delay max
--------------------------------------------------------------------------
Startpoint: dpath.a_reg.out[11]$_DFFE_PP_
            (rising edge-triggered flip-flop clocked by core_clock)
Endpoint: resp_msg[14] (output port clocked by core_clock)
Path Group: core_clock
Path Type: max

Fanout     Cap    Slew   Delay    Time   Description
-----------------------------------------------------------------------------
                          0.00    0.00   clock core_clock (rise edge)
                          0.00    0.00   clock source latency
     1    4.92    0.00    0.00    0.00 ^ clk (in)
                                         clk (net)
                  0.00    0.00    0.00 ^ clkbuf_0_clk/A (CLKBUF_X3)
     4    9.73    0.01    0.03    0.03 ^ clkbuf_0_clk/Z (CLKBUF_X3)
                                         clknet_0_clk (net)
                  0.01    0.00    0.03 ^ clkbuf_2_3__f_clk/A (CLKBUF_X3)
     9   14.69    0.01    0.04    0.07 ^ clkbuf_2_3__f_clk/Z (CLKBUF_X3)
                                         clknet_2_3__leaf_clk (net)
                  0.01    0.00    0.07 ^ dpath.a_reg.out[11]$_DFFE_PP_/CK (DFF_X1)
     3   11.56    0.03    0.11    0.18 ^ dpath.a_reg.out[11]$_DFFE_PP_/Q (DFF_X1)
                                         dpath.a_lt_b$in0[11] (net)
                  0.03    0.00    0.19 ^ _594_/A (INV_X2)
     2    7.96    0.01    0.02    0.20 v _594_/ZN (INV_X2)
                                         _139_ (net)
                  0.01    0.00    0.20 v _595_/A1 (NAND2_X4)
     2    8.18    0.01    0.02    0.22 ^ _595_/ZN (NAND2_X4)
                                         _140_ (net)
                  0.01    0.00    0.22 ^ _596_/A1 (NAND2_X4)
     3   13.80    0.01    0.02    0.23 v _596_/ZN (NAND2_X4)
                                         _141_ (net)
                  0.01    0.00    0.23 v _601_/A2 (NOR2_X4)
     3   10.21    0.02    0.03    0.27 ^ _601_/ZN (NOR2_X4)
                                         _146_ (net)
                  0.02    0.00    0.27 ^ _768_/A1 (NAND3_X1)
     2    6.17    0.02    0.03    0.30 v _768_/ZN (NAND3_X1)
                                         _304_ (net)
                  0.02    0.00    0.30 v _772_/A (INV_X1)
     1    2.64    0.01    0.02    0.32 ^ _772_/ZN (INV_X1)
                                         _308_ (net)
                  0.01    0.00    0.32 ^ _773_/A2 (NAND2_X1)
     1    3.29    0.01    0.02    0.34 v _773_/ZN (NAND2_X1)
                                         _309_ (net)
                  0.01    0.00    0.34 v _777_/A2 (NAND2_X2)
     2   10.19    0.02    0.03    0.36 ^ _777_/ZN (NAND2_X2)
                                         _313_ (net)
                  0.02    0.00    0.37 ^ _779_/A (INV_X2)
     1    3.45    0.01    0.01    0.37 v _779_/ZN (INV_X2)
                                         _315_ (net)
                  0.01    0.00    0.37 v _780_/A1 (NAND3_X2)
     1    3.57    0.01    0.01    0.39 ^ _780_/ZN (NAND3_X2)
                                         _316_ (net)
                  0.01    0.00    0.39 ^ _781_/A1 (NAND2_X2)
     2    3.66    0.01    0.01    0.40 v _781_/ZN (NAND2_X2)
                                         net42 (net)
                  0.01    0.00    0.40 v output42/A (BUF_X1)
     1    0.34    0.00    0.02    0.43 v output42/Z (BUF_X1)
                                         resp_msg[14] (net)
                  0.00    0.00    0.43 v resp_msg[14] (out)
                                  0.43   data arrival time

                          0.46    0.46   clock core_clock (rise edge)
                          0.00    0.46   clock network delay (propagated)
                          0.00    0.46   clock reconvergence pessimism
                         -0.09    0.37   output external delay
                                  0.37   data required time
-----------------------------------------------------------------------------
                                  0.37   data required time
                                 -0.43   data arrival time
-----------------------------------------------------------------------------
                                 -0.06   slack (VIOLATED)



==========================================================================
global route report_checks -unconstrained
--------------------------------------------------------------------------
Startpoint: dpath.a_reg.out[11]$_DFFE_PP_
            (rising edge-triggered flip-flop clocked by core_clock)
Endpoint: resp_msg[14] (output port clocked by core_clock)
Path Group: core_clock
Path Type: max

Fanout     Cap    Slew   Delay    Time   Description
-----------------------------------------------------------------------------
                          0.00    0.00   clock core_clock (rise edge)
                          0.00    0.00   clock source latency
     1    4.92    0.00    0.00    0.00 ^ clk (in)
                                         clk (net)
                  0.00    0.00    0.00 ^ clkbuf_0_clk/A (CLKBUF_X3)
     4    9.73    0.01    0.03    0.03 ^ clkbuf_0_clk/Z (CLKBUF_X3)
                                         clknet_0_clk (net)
                  0.01    0.00    0.03 ^ clkbuf_2_3__f_clk/A (CLKBUF_X3)
     9   14.69    0.01    0.04    0.07 ^ clkbuf_2_3__f_clk/Z (CLKBUF_X3)
                                         clknet_2_3__leaf_clk (net)
                  0.01    0.00    0.07 ^ dpath.a_reg.out[11]$_DFFE_PP_/CK (DFF_X1)
     3   11.56    0.03    0.11    0.18 ^ dpath.a_reg.out[11]$_DFFE_PP_/Q (DFF_X1)
                                         dpath.a_lt_b$in0[11] (net)
                  0.03    0.00    0.19 ^ _594_/A (INV_X2)
     2    7.96    0.01    0.02    0.20 v _594_/ZN (INV_X2)
                                         _139_ (net)
                  0.01    0.00    0.20 v _595_/A1 (NAND2_X4)
     2    8.18    0.01    0.02    0.22 ^ _595_/ZN (NAND2_X4)
                                         _140_ (net)
                  0.01    0.00    0.22 ^ _596_/A1 (NAND2_X4)
     3   13.80    0.01    0.02    0.23 v _596_/ZN (NAND2_X4)
                                         _141_ (net)
                  0.01    0.00    0.23 v _601_/A2 (NOR2_X4)
     3   10.21    0.02    0.03    0.27 ^ _601_/ZN (NOR2_X4)
                                         _146_ (net)
                  0.02    0.00    0.27 ^ _768_/A1 (NAND3_X1)
     2    6.17    0.02    0.03    0.30 v _768_/ZN (NAND3_X1)
                                         _304_ (net)
                  0.02    0.00    0.30 v _772_/A (INV_X1)
     1    2.64    0.01    0.02    0.32 ^ _772_/ZN (INV_X1)
                                         _308_ (net)
                  0.01    0.00    0.32 ^ _773_/A2 (NAND2_X1)
     1    3.29    0.01    0.02    0.34 v _773_/ZN (NAND2_X1)
                                         _309_ (net)
                  0.01    0.00    0.34 v _777_/A2 (NAND2_X2)
     2   10.19    0.02    0.03    0.36 ^ _777_/ZN (NAND2_X2)
                                         _313_ (net)
                  0.02    0.00    0.37 ^ _779_/A (INV_X2)
     1    3.45    0.01    0.01    0.37 v _779_/ZN (INV_X2)
                                         _315_ (net)
                  0.01    0.00    0.37 v _780_/A1 (NAND3_X2)
     1    3.57    0.01    0.01    0.39 ^ _780_/ZN (NAND3_X2)
                                         _316_ (net)
                  0.01    0.00    0.39 ^ _781_/A1 (NAND2_X2)
     2    3.66    0.01    0.01    0.40 v _781_/ZN (NAND2_X2)
                                         net42 (net)
                  0.01    0.00    0.40 v output42/A (BUF_X1)
     1    0.34    0.00    0.02    0.43 v output42/Z (BUF_X1)
                                         resp_msg[14] (net)
                  0.00    0.00    0.43 v resp_msg[14] (out)
                                  0.43   data arrival time

                          0.46    0.46   clock core_clock (rise edge)
                          0.00    0.46   clock network delay (propagated)
                          0.00    0.46   clock reconvergence pessimism
                         -0.09    0.37   output external delay
                                  0.37   data required time
-----------------------------------------------------------------------------
                                  0.37   data required time
                                 -0.43   data arrival time
-----------------------------------------------------------------------------
                                 -0.06   slack (VIOLATED)



==========================================================================
global route report_check_types -max_slew -max_cap -max_fanout -violators
--------------------------------------------------------------------------

==========================================================================
global route max_slew_check_slack
--------------------------------------------------------------------------
0.15314410626888275

==========================================================================
global route max_slew_check_limit
--------------------------------------------------------------------------
0.1985349953174591

==========================================================================
global route max_slew_check_slack_limit
--------------------------------------------------------------------------
0.7714

==========================================================================
global route max_fanout_check_slack
--------------------------------------------------------------------------
1.0000000150474662e+30

==========================================================================
global route max_fanout_check_limit
--------------------------------------------------------------------------
1.0000000150474662e+30

==========================================================================
global route max_capacitance_check_slack
--------------------------------------------------------------------------
16.818933486938477

==========================================================================
global route max_capacitance_check_limit
--------------------------------------------------------------------------
20.904499053955078

==========================================================================
global route max_capacitance_check_slack_limit
--------------------------------------------------------------------------
0.8046

==========================================================================
global route max_slew_violation_count
--------------------------------------------------------------------------
max slew violation count 0

==========================================================================
global route max_fanout_violation_count
--------------------------------------------------------------------------
max fanout violation count 0

==========================================================================
global route max_cap_violation_count
--------------------------------------------------------------------------
max cap violation count 0

==========================================================================
global route setup_violation_count
--------------------------------------------------------------------------
setup violation count 28

==========================================================================
global route hold_violation_count
--------------------------------------------------------------------------
hold violation count 0

==========================================================================
global route report_checks -path_delay max reg to reg
--------------------------------------------------------------------------
Startpoint: dpath.a_reg.out[12]$_DFFE_PP_
            (rising edge-triggered flip-flop clocked by core_clock)
Endpoint: dpath.a_reg.out[5]$_DFFE_PP_
          (rising edge-triggered flip-flop clocked by core_clock)
Path Group: core_clock
Path Type: max

  Delay    Time   Description
---------------------------------------------------------
   0.00    0.00   clock core_clock (rise edge)
   0.00    0.00   clock source latency
   0.00    0.00 ^ clk (in)
   0.03    0.03 ^ clkbuf_0_clk/Z (CLKBUF_X3)
   0.04    0.07 ^ clkbuf_2_2__f_clk/Z (CLKBUF_X3)
   0.00    0.07 ^ dpath.a_reg.out[12]$_DFFE_PP_/CK (DFF_X1)
   0.10    0.18 ^ dpath.a_reg.out[12]$_DFFE_PP_/Q (DFF_X1)
   0.02    0.20 ^ rebuffer10/Z (BUF_X4)
   0.01    0.21 v _582_/ZN (NOR2_X4)
   0.03    0.24 ^ _583_/ZN (NOR2_X4)
   0.03    0.27 ^ rebuffer11/Z (BUF_X1)
   0.01    0.29 v _584_/ZN (NAND2_X2)
   0.04    0.33 ^ _592_/ZN (NOR2_X1)
   0.04    0.37 ^ _615_/ZN (AND2_X2)
   0.02    0.39 v _616_/ZN (NAND2_X4)
   0.02    0.42 ^ _634_/ZN (NAND2_X4)
   0.02    0.44 v _841_/ZN (NAND3_X1)
   0.02    0.46 ^ _842_/ZN (OAI21_X1)
   0.02    0.49 v _843_/ZN (NAND2_X1)
   0.02    0.51 ^ _846_/ZN (NAND2_X1)
   0.00    0.51 ^ dpath.a_reg.out[5]$_DFFE_PP_/D (DFF_X1)
           0.51   data arrival time

   0.46    0.46   clock core_clock (rise edge)
   0.00    0.46   clock source latency
   0.00    0.46 ^ clk (in)
   0.03    0.49 ^ clkbuf_0_clk/Z (CLKBUF_X3)
   0.04    0.53 ^ clkbuf_2_1__f_clk/Z (CLKBUF_X3)
   0.00    0.53 ^ dpath.a_reg.out[5]$_DFFE_PP_/CK (DFF_X1)
   0.00    0.53   clock reconvergence pessimism
  -0.03    0.50   library setup time
           0.50   data required time
---------------------------------------------------------
           0.50   data required time
          -0.51   data arrival time
---------------------------------------------------------
          -0.01   slack (VIOLATED)



==========================================================================
global route report_checks -path_delay min reg to reg
--------------------------------------------------------------------------
Startpoint: ctrl.state.out[1]$_DFF_P_
            (rising edge-triggered flip-flop clocked by core_clock)
Endpoint: ctrl.state.out[1]$_DFF_P_
          (rising edge-triggered flip-flop clocked by core_clock)
Path Group: core_clock
Path Type: min

  Delay    Time   Description
---------------------------------------------------------
   0.00    0.00   clock core_clock (rise edge)
   0.00    0.00   clock source latency
   0.00    0.00 ^ clk (in)
   0.03    0.03 ^ clkbuf_0_clk/Z (CLKBUF_X3)
   0.04    0.07 ^ clkbuf_2_2__f_clk/Z (CLKBUF_X3)
   0.00    0.07 ^ ctrl.state.out[1]$_DFF_P_/CK (DFF_X1)
   0.09    0.16 v ctrl.state.out[1]$_DFF_P_/Q (DFF_X1)
   0.02    0.17 ^ _522_/ZN (NAND2_X1)
   0.01    0.19 v _524_/ZN (OAI21_X1)
   0.00    0.19 v ctrl.state.out[1]$_DFF_P_/D (DFF_X1)
           0.19   data arrival time

   0.00    0.00   clock core_clock (rise edge)
   0.00    0.00   clock source latency
   0.00    0.00 ^ clk (in)
   0.03    0.03 ^ clkbuf_0_clk/Z (CLKBUF_X3)
   0.04    0.07 ^ clkbuf_2_2__f_clk/Z (CLKBUF_X3)
   0.00    0.07 ^ ctrl.state.out[1]$_DFF_P_/CK (DFF_X1)
   0.00    0.07   clock reconvergence pessimism
   0.00    0.08   library hold time
           0.08   data required time
---------------------------------------------------------
           0.08   data required time
          -0.19   data arrival time
---------------------------------------------------------
           0.11   slack (MET)



==========================================================================
global route critical path target clock latency max path
--------------------------------------------------------------------------
0.0715

==========================================================================
global route critical path target clock latency min path
--------------------------------------------------------------------------
0.0712

==========================================================================
global route critical path source clock latency min path
--------------------------------------------------------------------------
0.0000

==========================================================================
global route critical path delay
--------------------------------------------------------------------------
0.4267

==========================================================================
global route critical path slack
--------------------------------------------------------------------------
-0.0587

==========================================================================
global route slack div critical path delay
--------------------------------------------------------------------------
-13.756738

==========================================================================
global route report_power
--------------------------------------------------------------------------
Group                  Internal  Switching    Leakage      Total
                          Power      Power      Power      Power (Watts)
----------------------------------------------------------------
Sequential             4.81e-04   9.85e-05   2.80e-06   5.83e-04  17.5%
Combinational          1.15e-03   1.29e-03   2.00e-05   2.46e-03  73.7%
Clock                  1.28e-04   1.67e-04   1.93e-07   2.95e-04   8.8%
Macro                  0.00e+00   0.00e+00   0.00e+00   0.00e+00   0.0%
Pad                    0.00e+00   0.00e+00   0.00e+00   0.00e+00   0.0%
----------------------------------------------------------------
Total                  1.76e-03   1.55e-03   2.30e-05   3.34e-03 100.0%
                          52.8%      46.5%       0.7%
