
==========================================================================
finish report_tns
--------------------------------------------------------------------------
tns -0.54

==========================================================================
finish report_wns
--------------------------------------------------------------------------
wns -0.06

==========================================================================
finish report_worst_slack
--------------------------------------------------------------------------
worst slack -0.06

==========================================================================
finish report_clock_skew
--------------------------------------------------------------------------
Clock core_clock
   0.07 source latency ctrl.state.out[2]$_DFF_P_/CK ^
  -0.07 target latency dpath.b_reg.out[6]$_DFFE_PP_/CK ^
   0.00 CRPR
--------------
   0.00 setup skew


==========================================================================
finish report_checks -path_delay min
--------------------------------------------------------------------------
Startpoint: req_val (input port clocked by core_clock)
Endpoint: ctrl.state.out[0]$_DFF_P_
          (rising edge-triggered flip-flop clocked by core_clock)
Path Group: core_clock
Path Type: min

Fanout     Cap    Slew   Delay    Time   Description
-----------------------------------------------------------------------------
                          0.00    0.00   clock core_clock (rise edge)
                          0.00    0.00   clock network delay (propagated)
                          0.09    0.09 ^ input external delay
     1    1.25    0.00    0.00    0.09 ^ req_val (in)
                                         req_val (net)
                  0.00    0.00    0.09 ^ input33/A (BUF_X1)
     2    3.93    0.01    0.02    0.12 ^ input33/Z (BUF_X1)
                                         net33 (net)
                  0.01    0.00    0.12 ^ _521_/B2 (OAI21_X1)
     1    1.29    0.01    0.02    0.13 v _521_/ZN (OAI21_X1)
                                         _000_ (net)
                  0.01    0.00    0.13 v ctrl.state.out[0]$_DFF_P_/D (DFF_X1)
                                  0.13   data arrival time

                          0.00    0.00   clock core_clock (rise edge)
                          0.00    0.00   clock source latency
     1    4.22    0.00    0.00    0.00 ^ clk (in)
                                         clk (net)
                  0.00    0.00    0.00 ^ clkbuf_0_clk/A (CLKBUF_X3)
     4    9.19    0.01    0.03    0.03 ^ clkbuf_0_clk/Z (CLKBUF_X3)
                                         clknet_0_clk (net)
                  0.01    0.00    0.03 ^ clkbuf_2_2__f_clk/A (CLKBUF_X3)
    10   13.64    0.01    0.04    0.07 ^ clkbuf_2_2__f_clk/Z (CLKBUF_X3)
                                         clknet_2_2__leaf_clk (net)
                  0.01    0.00    0.07 ^ ctrl.state.out[0]$_DFF_P_/CK (DFF_X1)
                          0.00    0.07   clock reconvergence pessimism
                          0.00    0.08   library hold time
                                  0.08   data required time
-----------------------------------------------------------------------------
                                  0.08   data required time
                                 -0.13   data arrival time
-----------------------------------------------------------------------------
                                  0.06   slack (MET)



==========================================================================
finish report_checks -path_delay max
--------------------------------------------------------------------------
Startpoint: dpath.b_reg.out[12]$_DFFE_PP_
            (rising edge-triggered flip-flop clocked by core_clock)
Endpoint: resp_msg[13] (output port clocked by core_clock)
Path Group: core_clock
Path Type: max

Fanout     Cap    Slew   Delay    Time   Description
-----------------------------------------------------------------------------
                          0.00    0.00   clock core_clock (rise edge)
                          0.00    0.00   clock source latency
     1    4.22    0.00    0.00    0.00 ^ clk (in)
                                         clk (net)
                  0.00    0.00    0.00 ^ clkbuf_0_clk/A (CLKBUF_X3)
     4    9.19    0.01    0.03    0.03 ^ clkbuf_0_clk/Z (CLKBUF_X3)
                                         clknet_0_clk (net)
                  0.01    0.00    0.03 ^ clkbuf_2_2__f_clk/A (CLKBUF_X3)
    10   13.64    0.01    0.04    0.07 ^ clkbuf_2_2__f_clk/Z (CLKBUF_X3)
                                         clknet_2_2__leaf_clk (net)
                  0.01    0.00    0.07 ^ dpath.b_reg.out[12]$_DFFE_PP_/CK (DFF_X1)
     3   14.23    0.03    0.12    0.19 ^ dpath.b_reg.out[12]$_DFFE_PP_/Q (DFF_X1)
                                         dpath.a_lt_b$in1[12] (net)
                  0.03    0.00    0.19 ^ _494_/A (INV_X4)
     3   12.27    0.01    0.01    0.20 v _494_/ZN (INV_X4)
                                         _044_ (net)
                  0.01    0.00    0.20 v _582_/A2 (NOR2_X4)
     2    9.16    0.02    0.03    0.23 ^ _582_/ZN (NOR2_X4)
                                         _127_ (net)
                  0.02    0.00    0.24 ^ _750_/A (INV_X1)
     1    2.39    0.01    0.01    0.25 v _750_/ZN (INV_X1)
                                         _288_ (net)
                  0.01    0.00    0.25 v _751_/A (OAI21_X1)
     1    2.76    0.02    0.02    0.27 ^ _751_/ZN (OAI21_X1)
                                         _289_ (net)
                  0.02    0.00    0.27 ^ _752_/A (INV_X1)
     2    4.10    0.01    0.01    0.28 v _752_/ZN (INV_X1)
                                         _290_ (net)
                  0.01    0.00    0.28 v _754_/A (AOI21_X1)
     1    2.30    0.02    0.04    0.32 ^ _754_/ZN (AOI21_X1)
                                         _292_ (net)
                  0.02    0.00    0.32 ^ _755_/A2 (NAND2_X1)
     1    3.27    0.01    0.02    0.35 v _755_/ZN (NAND2_X1)
                                         _293_ (net)
                  0.01    0.00    0.35 v _756_/A (INV_X2)
     2    7.18    0.01    0.02    0.36 ^ _756_/ZN (INV_X2)
                                         _294_ (net)
                  0.01    0.00    0.36 ^ _757_/A2 (NAND2_X2)
     1    3.28    0.01    0.01    0.38 v _757_/ZN (NAND2_X2)
                                         _295_ (net)
                  0.01    0.00    0.38 v _758_/A1 (NAND2_X2)
     1    3.21    0.01    0.01    0.39 ^ _758_/ZN (NAND2_X2)
                                         _296_ (net)
                  0.01    0.00    0.39 ^ _760_/A1 (NAND2_X2)
     2    4.07    0.01    0.01    0.40 v _760_/ZN (NAND2_X2)
                                         net41 (net)
                  0.01    0.00    0.40 v output41/A (BUF_X1)
     1    0.12    0.00    0.02    0.43 v output41/Z (BUF_X1)
                                         resp_msg[13] (net)
                  0.00    0.00    0.43 v resp_msg[13] (out)
                                  0.43   data arrival time

                          0.46    0.46   clock core_clock (rise edge)
                          0.00    0.46   clock network delay (propagated)
                          0.00    0.46   clock reconvergence pessimism
                         -0.09    0.37   output external delay
                                  0.37   data required time
-----------------------------------------------------------------------------
                                  0.37   data required time
                                 -0.43   data arrival time
-----------------------------------------------------------------------------
                                 -0.06   slack (VIOLATED)



==========================================================================
finish report_checks -unconstrained
--------------------------------------------------------------------------
Startpoint: dpath.b_reg.out[12]$_DFFE_PP_
            (rising edge-triggered flip-flop clocked by core_clock)
Endpoint: resp_msg[13] (output port clocked by core_clock)
Path Group: core_clock
Path Type: max

Fanout     Cap    Slew   Delay    Time   Description
-----------------------------------------------------------------------------
                          0.00    0.00   clock core_clock (rise edge)
                          0.00    0.00   clock source latency
     1    4.22    0.00    0.00    0.00 ^ clk (in)
                                         clk (net)
                  0.00    0.00    0.00 ^ clkbuf_0_clk/A (CLKBUF_X3)
     4    9.19    0.01    0.03    0.03 ^ clkbuf_0_clk/Z (CLKBUF_X3)
                                         clknet_0_clk (net)
                  0.01    0.00    0.03 ^ clkbuf_2_2__f_clk/A (CLKBUF_X3)
    10   13.64    0.01    0.04    0.07 ^ clkbuf_2_2__f_clk/Z (CLKBUF_X3)
                                         clknet_2_2__leaf_clk (net)
                  0.01    0.00    0.07 ^ dpath.b_reg.out[12]$_DFFE_PP_/CK (DFF_X1)
     3   14.23    0.03    0.12    0.19 ^ dpath.b_reg.out[12]$_DFFE_PP_/Q (DFF_X1)
                                         dpath.a_lt_b$in1[12] (net)
                  0.03    0.00    0.19 ^ _494_/A (INV_X4)
     3   12.27    0.01    0.01    0.20 v _494_/ZN (INV_X4)
                                         _044_ (net)
                  0.01    0.00    0.20 v _582_/A2 (NOR2_X4)
     2    9.16    0.02    0.03    0.23 ^ _582_/ZN (NOR2_X4)
                                         _127_ (net)
                  0.02    0.00    0.24 ^ _750_/A (INV_X1)
     1    2.39    0.01    0.01    0.25 v _750_/ZN (INV_X1)
                                         _288_ (net)
                  0.01    0.00    0.25 v _751_/A (OAI21_X1)
     1    2.76    0.02    0.02    0.27 ^ _751_/ZN (OAI21_X1)
                                         _289_ (net)
                  0.02    0.00    0.27 ^ _752_/A (INV_X1)
     2    4.10    0.01    0.01    0.28 v _752_/ZN (INV_X1)
                                         _290_ (net)
                  0.01    0.00    0.28 v _754_/A (AOI21_X1)
     1    2.30    0.02    0.04    0.32 ^ _754_/ZN (AOI21_X1)
                                         _292_ (net)
                  0.02    0.00    0.32 ^ _755_/A2 (NAND2_X1)
     1    3.27    0.01    0.02    0.35 v _755_/ZN (NAND2_X1)
                                         _293_ (net)
                  0.01    0.00    0.35 v _756_/A (INV_X2)
     2    7.18    0.01    0.02    0.36 ^ _756_/ZN (INV_X2)
                                         _294_ (net)
                  0.01    0.00    0.36 ^ _757_/A2 (NAND2_X2)
     1    3.28    0.01    0.01    0.38 v _757_/ZN (NAND2_X2)
                                         _295_ (net)
                  0.01    0.00    0.38 v _758_/A1 (NAND2_X2)
     1    3.21    0.01    0.01    0.39 ^ _758_/ZN (NAND2_X2)
                                         _296_ (net)
                  0.01    0.00    0.39 ^ _760_/A1 (NAND2_X2)
     2    4.07    0.01    0.01    0.40 v _760_/ZN (NAND2_X2)
                                         net41 (net)
                  0.01    0.00    0.40 v output41/A (BUF_X1)
     1    0.12    0.00    0.02    0.43 v output41/Z (BUF_X1)
                                         resp_msg[13] (net)
                  0.00    0.00    0.43 v resp_msg[13] (out)
                                  0.43   data arrival time

                          0.46    0.46   clock core_clock (rise edge)
                          0.00    0.46   clock network delay (propagated)
                          0.00    0.46   clock reconvergence pessimism
                         -0.09    0.37   output external delay
                                  0.37   data required time
-----------------------------------------------------------------------------
                                  0.37   data required time
                                 -0.43   data arrival time
-----------------------------------------------------------------------------
                                 -0.06   slack (VIOLATED)



==========================================================================
finish report_check_types -max_slew -max_cap -max_fanout -violators
--------------------------------------------------------------------------

==========================================================================
finish max_slew_check_slack
--------------------------------------------------------------------------
0.15360139310359955

==========================================================================
finish max_slew_check_limit
--------------------------------------------------------------------------
0.1985349953174591

==========================================================================
finish max_slew_check_slack_limit
--------------------------------------------------------------------------
0.7737

==========================================================================
finish max_fanout_check_slack
--------------------------------------------------------------------------
1.0000000150474662e+30

==========================================================================
finish max_fanout_check_limit
--------------------------------------------------------------------------
1.0000000150474662e+30

==========================================================================
finish max_capacitance_check_slack
--------------------------------------------------------------------------
16.919401168823242

==========================================================================
finish max_capacitance_check_limit
--------------------------------------------------------------------------
20.904499053955078

==========================================================================
finish max_capacitance_check_slack_limit
--------------------------------------------------------------------------
0.8094

==========================================================================
finish max_slew_violation_count
--------------------------------------------------------------------------
max slew violation count 0

==========================================================================
finish max_fanout_violation_count
--------------------------------------------------------------------------
max fanout violation count 0

==========================================================================
finish max_cap_violation_count
--------------------------------------------------------------------------
max cap violation count 0

==========================================================================
finish setup_violation_count
--------------------------------------------------------------------------
setup violation count 27

==========================================================================
finish hold_violation_count
--------------------------------------------------------------------------
hold violation count 0

==========================================================================
finish report_checks -path_delay max reg to reg
--------------------------------------------------------------------------
Startpoint: dpath.b_reg.out[7]$_DFFE_PP_
            (rising edge-triggered flip-flop clocked by core_clock)
Endpoint: dpath.a_reg.out[5]$_DFFE_PP_
          (rising edge-triggered flip-flop clocked by core_clock)
Path Group: core_clock
Path Type: max

  Delay    Time   Description
---------------------------------------------------------
   0.00    0.00   clock core_clock (rise edge)
   0.00    0.00   clock source latency
   0.00    0.00 ^ clk (in)
   0.03    0.03 ^ clkbuf_0_clk/Z (CLKBUF_X3)
   0.04    0.07 ^ clkbuf_2_1__f_clk/Z (CLKBUF_X3)
   0.00    0.07 ^ dpath.b_reg.out[7]$_DFFE_PP_/CK (DFF_X1)
   0.10    0.17 ^ dpath.b_reg.out[7]$_DFFE_PP_/Q (DFF_X1)
   0.02    0.19 v _501_/ZN (INV_X2)
   0.02    0.21 ^ _547_/ZN (NAND2_X2)
   0.02    0.23 v _565_/ZN (NAND2_X1)
   0.02    0.26 ^ _566_/ZN (NAND2_X2)
   0.02    0.27 v _567_/ZN (INV_X1)
   0.04    0.32 ^ _572_/ZN (AOI21_X4)
   0.02    0.34 v _573_/ZN (NAND2_X4)
   0.02    0.36 v rebuffer83/Z (BUF_X4)
   0.02    0.38 ^ _616_/ZN (NAND2_X4)
   0.04    0.42 v _638_/ZN (NAND4_X4)
   0.04    0.46 ^ _842_/ZN (OAI21_X1)
   0.03    0.49 v _843_/ZN (NAND2_X1)
   0.02    0.51 ^ _846_/ZN (NAND2_X1)
   0.00    0.51 ^ dpath.a_reg.out[5]$_DFFE_PP_/D (DFF_X1)
           0.51   data arrival time

   0.46    0.46   clock core_clock (rise edge)
   0.00    0.46   clock source latency
   0.00    0.46 ^ clk (in)
   0.03    0.49 ^ clkbuf_0_clk/Z (CLKBUF_X3)
   0.04    0.53 ^ clkbuf_2_1__f_clk/Z (CLKBUF_X3)
   0.00    0.53 ^ dpath.a_reg.out[5]$_DFFE_PP_/CK (DFF_X1)
   0.00    0.53   clock reconvergence pessimism
  -0.03    0.50   library setup time
           0.50   data required time
---------------------------------------------------------
           0.50   data required time
          -0.51   data arrival time
---------------------------------------------------------
          -0.01   slack (VIOLATED)



==========================================================================
finish report_checks -path_delay min reg to reg
--------------------------------------------------------------------------
Startpoint: ctrl.state.out[1]$_DFF_P_
            (rising edge-triggered flip-flop clocked by core_clock)
Endpoint: ctrl.state.out[1]$_DFF_P_
          (rising edge-triggered flip-flop clocked by core_clock)
Path Group: core_clock
Path Type: min

  Delay    Time   Description
---------------------------------------------------------
   0.00    0.00   clock core_clock (rise edge)
   0.00    0.00   clock source latency
   0.00    0.00 ^ clk (in)
   0.03    0.03 ^ clkbuf_0_clk/Z (CLKBUF_X3)
   0.04    0.07 ^ clkbuf_2_2__f_clk/Z (CLKBUF_X3)
   0.00    0.07 ^ ctrl.state.out[1]$_DFF_P_/CK (DFF_X1)
   0.09    0.16 v ctrl.state.out[1]$_DFF_P_/Q (DFF_X1)
   0.02    0.17 ^ _522_/ZN (NAND2_X1)
   0.01    0.19 v _524_/ZN (OAI21_X1)
   0.00    0.19 v ctrl.state.out[1]$_DFF_P_/D (DFF_X1)
           0.19   data arrival time

   0.00    0.00   clock core_clock (rise edge)
   0.00    0.00   clock source latency
   0.00    0.00 ^ clk (in)
   0.03    0.03 ^ clkbuf_0_clk/Z (CLKBUF_X3)
   0.04    0.07 ^ clkbuf_2_2__f_clk/Z (CLKBUF_X3)
   0.00    0.07 ^ ctrl.state.out[1]$_DFF_P_/CK (DFF_X1)
   0.00    0.07   clock reconvergence pessimism
   0.00    0.08   library hold time
           0.08   data required time
---------------------------------------------------------
           0.08   data required time
          -0.19   data arrival time
---------------------------------------------------------
           0.11   slack (MET)



==========================================================================
finish critical path target clock latency max path
--------------------------------------------------------------------------
0.0717

==========================================================================
finish critical path target clock latency min path
--------------------------------------------------------------------------
0.0710

==========================================================================
finish critical path source clock latency min path
--------------------------------------------------------------------------
0.0000

==========================================================================
finish critical path delay
--------------------------------------------------------------------------
0.4273

==========================================================================
finish critical path slack
--------------------------------------------------------------------------
-0.0593

==========================================================================
finish slack div critical path delay
--------------------------------------------------------------------------
-13.877838

==========================================================================
finish report_power
--------------------------------------------------------------------------
Group                  Internal  Switching    Leakage      Total
                          Power      Power      Power      Power (Watts)
----------------------------------------------------------------
Sequential             4.81e-04   9.83e-05   2.80e-06   5.83e-04  17.5%
Combinational          1.15e-03   1.28e-03   2.00e-05   2.45e-03  73.6%
Clock                  1.28e-04   1.70e-04   1.93e-07   2.98e-04   8.9%
Macro                  0.00e+00   0.00e+00   0.00e+00   0.00e+00   0.0%
Pad                    0.00e+00   0.00e+00   0.00e+00   0.00e+00   0.0%
----------------------------------------------------------------
Total                  1.76e-03   1.55e-03   2.30e-05   3.33e-03 100.0%
                          52.9%      46.4%       0.7%
