
==========================================================================
cts final report_tns
--------------------------------------------------------------------------
tns -0.38

==========================================================================
cts final report_wns
--------------------------------------------------------------------------
wns -0.05

==========================================================================
cts final report_worst_slack
--------------------------------------------------------------------------
worst slack -0.05

==========================================================================
cts final report_clock_skew
--------------------------------------------------------------------------
Clock core_clock
   0.07 source latency dpath.a_reg.out[13]$_DFFE_PP_/CK ^
  -0.07 target latency dpath.b_reg.out[8]$_DFFE_PP_/CK ^
   0.00 CRPR
--------------
   0.00 setup skew


==========================================================================
cts final report_checks -path_delay min
--------------------------------------------------------------------------
Startpoint: req_val (input port clocked by core_clock)
Endpoint: ctrl.state.out[0]$_DFF_P_
          (rising edge-triggered flip-flop clocked by core_clock)
Path Group: core_clock
Path Type: min

Fanout     Cap    Slew   Delay    Time   Description
-----------------------------------------------------------------------------
                          0.00    0.00   clock core_clock (rise edge)
                          0.00    0.00   clock network delay (propagated)
                          0.09    0.09 ^ input external delay
     1    1.24    0.00    0.00    0.09 ^ req_val (in)
                                         req_val (net)
                  0.00    0.00    0.09 ^ input33/A (BUF_X1)
     2    3.61    0.01    0.02    0.12 ^ input33/Z (BUF_X1)
                                         net33 (net)
                  0.01    0.00    0.12 ^ _521_/B2 (OAI21_X1)
     1    1.30    0.01    0.02    0.13 v _521_/ZN (OAI21_X1)
                                         _000_ (net)
                  0.01    0.00    0.13 v ctrl.state.out[0]$_DFF_P_/D (DFF_X1)
                                  0.13   data arrival time

                          0.00    0.00   clock core_clock (rise edge)
                          0.00    0.00   clock source latency
     1    5.05    0.00    0.00    0.00 ^ clk (in)
                                         clk (net)
                  0.00    0.00    0.00 ^ clkbuf_0_clk/A (CLKBUF_X3)
     4    9.64    0.01    0.03    0.03 ^ clkbuf_0_clk/Z (CLKBUF_X3)
                                         clknet_0_clk (net)
                  0.01    0.00    0.03 ^ clkbuf_2_0__f_clk/A (CLKBUF_X3)
    11   14.95    0.01    0.04    0.07 ^ clkbuf_2_0__f_clk/Z (CLKBUF_X3)
                                         clknet_2_0__leaf_clk (net)
                  0.01    0.00    0.07 ^ ctrl.state.out[0]$_DFF_P_/CK (DFF_X1)
                          0.00    0.07   clock reconvergence pessimism
                          0.00    0.08   library hold time
                                  0.08   data required time
-----------------------------------------------------------------------------
                                  0.08   data required time
                                 -0.13   data arrival time
-----------------------------------------------------------------------------
                                  0.05   slack (MET)



==========================================================================
cts final report_checks -path_delay max
--------------------------------------------------------------------------
Startpoint: dpath.a_reg.out[12]$_DFFE_PP_
            (rising edge-triggered flip-flop clocked by core_clock)
Endpoint: resp_msg[15] (output port clocked by core_clock)
Path Group: core_clock
Path Type: max

Fanout     Cap    Slew   Delay    Time   Description
-----------------------------------------------------------------------------
                          0.00    0.00   clock core_clock (rise edge)
                          0.00    0.00   clock source latency
     1    5.05    0.00    0.00    0.00 ^ clk (in)
                                         clk (net)
                  0.00    0.00    0.00 ^ clkbuf_0_clk/A (CLKBUF_X3)
     4    9.64    0.01    0.03    0.03 ^ clkbuf_0_clk/Z (CLKBUF_X3)
                                         clknet_0_clk (net)
                  0.01    0.00    0.03 ^ clkbuf_2_1__f_clk/A (CLKBUF_X3)
    12   14.95    0.01    0.04    0.07 ^ clkbuf_2_1__f_clk/Z (CLKBUF_X3)
                                         clknet_2_1__leaf_clk (net)
                  0.01    0.00    0.07 ^ dpath.a_reg.out[12]$_DFFE_PP_/CK (DFF_X1)
     3    8.16    0.02    0.11    0.18 ^ dpath.a_reg.out[12]$_DFFE_PP_/Q (DFF_X1)
                                         dpath.a_lt_b$in0[12] (net)
                  0.02    0.00    0.18 ^ _580_/A (INV_X2)
     2    4.57    0.01    0.01    0.19 v _580_/ZN (INV_X2)
                                         _125_ (net)
                  0.01    0.00    0.19 v _581_/A1 (NOR2_X2)
     3   10.46    0.03    0.04    0.23 ^ _581_/ZN (NOR2_X2)
                                         _126_ (net)
                  0.03    0.00    0.23 ^ _583_/A2 (NOR2_X4)
     4    6.67    0.01    0.01    0.24 v _583_/ZN (NOR2_X4)
                                         _128_ (net)
                  0.01    0.00    0.24 v _730_/A (INV_X1)
     2    5.20    0.01    0.02    0.26 ^ _730_/ZN (INV_X1)
                                         _270_ (net)
                  0.01    0.00    0.26 ^ _740_/A1 (NOR2_X2)
     3    4.29    0.01    0.01    0.27 v _740_/ZN (NOR2_X2)
                                         _278_ (net)
                  0.01    0.00    0.27 v _790_/A1 (AND2_X1)
     2    2.59    0.01    0.03    0.30 v _790_/ZN (AND2_X1)
                                         _324_ (net)
                  0.01    0.00    0.30 v _791_/A1 (AND2_X1)
     1    1.53    0.01    0.03    0.33 v _791_/ZN (AND2_X1)
                                         _325_ (net)
                  0.01    0.00    0.33 v _792_/A2 (NAND2_X1)
     2    3.52    0.01    0.02    0.35 ^ _792_/ZN (NAND2_X1)
                                         _326_ (net)
                  0.01    0.00    0.35 ^ _798_/A1 (NAND2_X1)
     1    1.74    0.01    0.01    0.36 v _798_/ZN (NAND2_X1)
                                         _332_ (net)
                  0.01    0.00    0.36 v _799_/A1 (NAND2_X1)
     1    3.31    0.01    0.02    0.38 ^ _799_/ZN (NAND2_X1)
                                         _333_ (net)
                  0.01    0.00    0.38 ^ _801_/A1 (NAND2_X2)
     2    3.75    0.01    0.01    0.40 v _801_/ZN (NAND2_X2)
                                         net43 (net)
                  0.01    0.00    0.40 v output43/A (BUF_X1)
     1    0.18    0.00    0.02    0.42 v output43/Z (BUF_X1)
                                         resp_msg[15] (net)
                  0.00    0.00    0.42 v resp_msg[15] (out)
                                  0.42   data arrival time

                          0.46    0.46   clock core_clock (rise edge)
                          0.00    0.46   clock network delay (propagated)
                          0.00    0.46   clock reconvergence pessimism
                         -0.09    0.37   output external delay
                                  0.37   data required time
-----------------------------------------------------------------------------
                                  0.37   data required time
                                 -0.42   data arrival time
-----------------------------------------------------------------------------
                                 -0.05   slack (VIOLATED)



==========================================================================
cts final report_checks -unconstrained
--------------------------------------------------------------------------
Startpoint: dpath.a_reg.out[12]$_DFFE_PP_
            (rising edge-triggered flip-flop clocked by core_clock)
Endpoint: resp_msg[15] (output port clocked by core_clock)
Path Group: core_clock
Path Type: max

Fanout     Cap    Slew   Delay    Time   Description
-----------------------------------------------------------------------------
                          0.00    0.00   clock core_clock (rise edge)
                          0.00    0.00   clock source latency
     1    5.05    0.00    0.00    0.00 ^ clk (in)
                                         clk (net)
                  0.00    0.00    0.00 ^ clkbuf_0_clk/A (CLKBUF_X3)
     4    9.64    0.01    0.03    0.03 ^ clkbuf_0_clk/Z (CLKBUF_X3)
                                         clknet_0_clk (net)
                  0.01    0.00    0.03 ^ clkbuf_2_1__f_clk/A (CLKBUF_X3)
    12   14.95    0.01    0.04    0.07 ^ clkbuf_2_1__f_clk/Z (CLKBUF_X3)
                                         clknet_2_1__leaf_clk (net)
                  0.01    0.00    0.07 ^ dpath.a_reg.out[12]$_DFFE_PP_/CK (DFF_X1)
     3    8.16    0.02    0.11    0.18 ^ dpath.a_reg.out[12]$_DFFE_PP_/Q (DFF_X1)
                                         dpath.a_lt_b$in0[12] (net)
                  0.02    0.00    0.18 ^ _580_/A (INV_X2)
     2    4.57    0.01    0.01    0.19 v _580_/ZN (INV_X2)
                                         _125_ (net)
                  0.01    0.00    0.19 v _581_/A1 (NOR2_X2)
     3   10.46    0.03    0.04    0.23 ^ _581_/ZN (NOR2_X2)
                                         _126_ (net)
                  0.03    0.00    0.23 ^ _583_/A2 (NOR2_X4)
     4    6.67    0.01    0.01    0.24 v _583_/ZN (NOR2_X4)
                                         _128_ (net)
                  0.01    0.00    0.24 v _730_/A (INV_X1)
     2    5.20    0.01    0.02    0.26 ^ _730_/ZN (INV_X1)
                                         _270_ (net)
                  0.01    0.00    0.26 ^ _740_/A1 (NOR2_X2)
     3    4.29    0.01    0.01    0.27 v _740_/ZN (NOR2_X2)
                                         _278_ (net)
                  0.01    0.00    0.27 v _790_/A1 (AND2_X1)
     2    2.59    0.01    0.03    0.30 v _790_/ZN (AND2_X1)
                                         _324_ (net)
                  0.01    0.00    0.30 v _791_/A1 (AND2_X1)
     1    1.53    0.01    0.03    0.33 v _791_/ZN (AND2_X1)
                                         _325_ (net)
                  0.01    0.00    0.33 v _792_/A2 (NAND2_X1)
     2    3.52    0.01    0.02    0.35 ^ _792_/ZN (NAND2_X1)
                                         _326_ (net)
                  0.01    0.00    0.35 ^ _798_/A1 (NAND2_X1)
     1    1.74    0.01    0.01    0.36 v _798_/ZN (NAND2_X1)
                                         _332_ (net)
                  0.01    0.00    0.36 v _799_/A1 (NAND2_X1)
     1    3.31    0.01    0.02    0.38 ^ _799_/ZN (NAND2_X1)
                                         _333_ (net)
                  0.01    0.00    0.38 ^ _801_/A1 (NAND2_X2)
     2    3.75    0.01    0.01    0.40 v _801_/ZN (NAND2_X2)
                                         net43 (net)
                  0.01    0.00    0.40 v output43/A (BUF_X1)
     1    0.18    0.00    0.02    0.42 v output43/Z (BUF_X1)
                                         resp_msg[15] (net)
                  0.00    0.00    0.42 v resp_msg[15] (out)
                                  0.42   data arrival time

                          0.46    0.46   clock core_clock (rise edge)
                          0.00    0.46   clock network delay (propagated)
                          0.00    0.46   clock reconvergence pessimism
                         -0.09    0.37   output external delay
                                  0.37   data required time
-----------------------------------------------------------------------------
                                  0.37   data required time
                                 -0.42   data arrival time
-----------------------------------------------------------------------------
                                 -0.05   slack (VIOLATED)



==========================================================================
cts final report_check_types -max_slew -max_cap -max_fanout -violators
--------------------------------------------------------------------------

==========================================================================
cts final max_slew_check_slack
--------------------------------------------------------------------------
0.15072748064994812

==========================================================================
cts final max_slew_check_limit
--------------------------------------------------------------------------
0.1985349953174591

==========================================================================
cts final max_slew_check_slack_limit
--------------------------------------------------------------------------
0.7592

==========================================================================
cts final max_fanout_check_slack
--------------------------------------------------------------------------
1.0000000150474662e+30

==========================================================================
cts final max_fanout_check_limit
--------------------------------------------------------------------------
1.0000000150474662e+30

==========================================================================
cts final max_capacitance_check_slack
--------------------------------------------------------------------------
16.29229736328125

==========================================================================
cts final max_capacitance_check_limit
--------------------------------------------------------------------------
20.904499053955078

==========================================================================
cts final max_capacitance_check_slack_limit
--------------------------------------------------------------------------
0.7794

==========================================================================
cts final max_slew_violation_count
--------------------------------------------------------------------------
max slew violation count 0

==========================================================================
cts final max_fanout_violation_count
--------------------------------------------------------------------------
max fanout violation count 0

==========================================================================
cts final max_cap_violation_count
--------------------------------------------------------------------------
max cap violation count 0

==========================================================================
cts final setup_violation_count
--------------------------------------------------------------------------
setup violation count 11

==========================================================================
cts final hold_violation_count
--------------------------------------------------------------------------
hold violation count 0

==========================================================================
cts final report_checks -path_delay max reg to reg
--------------------------------------------------------------------------
Startpoint: dpath.b_reg.out[9]$_DFFE_PP_
            (rising edge-triggered flip-flop clocked by core_clock)
Endpoint: dpath.a_reg.out[9]$_DFFE_PP_
          (rising edge-triggered flip-flop clocked by core_clock)
Path Group: core_clock
Path Type: max

  Delay    Time   Description
---------------------------------------------------------
   0.00    0.00   clock core_clock (rise edge)
   0.00    0.00   clock source latency
   0.00    0.00 ^ clk (in)
   0.03    0.03 ^ clkbuf_0_clk/Z (CLKBUF_X3)
   0.04    0.07 ^ clkbuf_2_1__f_clk/Z (CLKBUF_X3)
   0.00    0.07 ^ dpath.b_reg.out[9]$_DFFE_PP_/CK (DFF_X1)
   0.09    0.16 v dpath.b_reg.out[9]$_DFFE_PP_/Q (DFF_X1)
   0.03    0.19 v rebuffer17/Z (BUF_X2)
   0.02    0.21 v rebuffer16/Z (BUF_X4)
   0.02    0.23 v rebuffer15/Z (BUF_X4)
   0.02    0.25 v rebuffer14/Z (BUF_X4)
   0.02    0.27 v rebuffer13/Z (BUF_X4)
   0.02    0.29 v rebuffer12/Z (BUF_X4)
   0.02    0.31 v rebuffer11/Z (BUF_X4)
   0.02    0.34 v rebuffer10/Z (BUF_X4)
   0.02    0.36 v rebuffer9/Z (BUF_X4)
   0.02    0.38 v rebuffer8/Z (BUF_X4)
   0.02    0.40 v rebuffer7/Z (BUF_X4)
   0.02    0.42 v rebuffer6/Z (BUF_X4)
   0.02    0.44 v rebuffer5/Z (BUF_X4)
   0.02    0.46 v rebuffer3/Z (BUF_X4)
   0.02    0.48 ^ _872_/ZN (NAND3_X4)
   0.01    0.49 v _883_/ZN (NAND2_X4)
   0.01    0.50 ^ _884_/ZN (NAND2_X4)
   0.01    0.51 v _887_/ZN (NAND2_X2)
   0.00    0.51 v dpath.a_reg.out[9]$_DFFE_PP_/D (DFF_X1)
           0.51   data arrival time

   0.46    0.46   clock core_clock (rise edge)
   0.00    0.46   clock source latency
   0.00    0.46 ^ clk (in)
   0.03    0.49 ^ clkbuf_0_clk/Z (CLKBUF_X3)
   0.04    0.53 ^ clkbuf_2_1__f_clk/Z (CLKBUF_X3)
   0.00    0.53 ^ dpath.a_reg.out[9]$_DFFE_PP_/CK (DFF_X1)
   0.00    0.53   clock reconvergence pessimism
  -0.03    0.50   library setup time
           0.50   data required time
---------------------------------------------------------
           0.50   data required time
          -0.51   data arrival time
---------------------------------------------------------
          -0.01   slack (VIOLATED)



==========================================================================
cts final report_checks -path_delay min reg to reg
--------------------------------------------------------------------------
Startpoint: ctrl.state.out[1]$_DFF_P_
            (rising edge-triggered flip-flop clocked by core_clock)
Endpoint: ctrl.state.out[1]$_DFF_P_
          (rising edge-triggered flip-flop clocked by core_clock)
Path Group: core_clock
Path Type: min

  Delay    Time   Description
---------------------------------------------------------
   0.00    0.00   clock core_clock (rise edge)
   0.00    0.00   clock source latency
   0.00    0.00 ^ clk (in)
   0.03    0.03 ^ clkbuf_0_clk/Z (CLKBUF_X3)
   0.04    0.07 ^ clkbuf_2_0__f_clk/Z (CLKBUF_X3)
   0.00    0.07 ^ ctrl.state.out[1]$_DFF_P_/CK (DFF_X1)
   0.09    0.16 v ctrl.state.out[1]$_DFF_P_/Q (DFF_X1)
   0.02    0.18 ^ _522_/ZN (NAND2_X1)
   0.01    0.19 v _524_/ZN (OAI21_X1)
   0.00    0.19 v ctrl.state.out[1]$_DFF_P_/D (DFF_X1)
           0.19   data arrival time

   0.00    0.00   clock core_clock (rise edge)
   0.00    0.00   clock source latency
   0.00    0.00 ^ clk (in)
   0.03    0.03 ^ clkbuf_0_clk/Z (CLKBUF_X3)
   0.04    0.07 ^ clkbuf_2_0__f_clk/Z (CLKBUF_X3)
   0.00    0.07 ^ ctrl.state.out[1]$_DFF_P_/CK (DFF_X1)
   0.00    0.07   clock reconvergence pessimism
   0.00    0.08   library hold time
           0.08   data required time
---------------------------------------------------------
           0.08   data required time
          -0.19   data arrival time
---------------------------------------------------------
           0.11   slack (MET)



==========================================================================
cts final critical path target clock latency max path
--------------------------------------------------------------------------
0.0711

==========================================================================
cts final critical path target clock latency min path
--------------------------------------------------------------------------
0.0724

==========================================================================
cts final critical path source clock latency min path
--------------------------------------------------------------------------
0.0000

==========================================================================
cts final critical path delay
--------------------------------------------------------------------------
0.4194

==========================================================================
cts final critical path slack
--------------------------------------------------------------------------
-0.0514

==========================================================================
cts final slack div critical path delay
--------------------------------------------------------------------------
-12.255603

==========================================================================
cts final report_power
--------------------------------------------------------------------------
Group                  Internal  Switching    Leakage      Total
                          Power      Power      Power      Power (Watts)
----------------------------------------------------------------
Sequential             4.81e-04   8.36e-05   2.80e-06   5.68e-04  19.8%
Combinational          9.85e-04   9.74e-04   1.75e-05   1.98e-03  69.1%
Clock                  1.39e-04   1.76e-04   2.53e-07   3.15e-04  11.0%
Macro                  0.00e+00   0.00e+00   0.00e+00   0.00e+00   0.0%
Pad                    0.00e+00   0.00e+00   0.00e+00   0.00e+00   0.0%
----------------------------------------------------------------
Total                  1.61e-03   1.23e-03   2.05e-05   2.86e-03 100.0%
                          56.2%      43.1%       0.7%
