
==========================================================================
global route report_tns
--------------------------------------------------------------------------
tns -1.00

==========================================================================
global route report_wns
--------------------------------------------------------------------------
wns -0.07

==========================================================================
global route report_worst_slack
--------------------------------------------------------------------------
worst slack -0.07

==========================================================================
global route report_clock_skew
--------------------------------------------------------------------------
Clock core_clock
   0.07 source latency dpath.a_reg.out[10]$_DFFE_PP_/CK ^
  -0.07 target latency dpath.a_reg.out[9]$_DFFE_PP_/CK ^
   0.00 CRPR
--------------
   0.00 setup skew


==========================================================================
global route report_checks -path_delay min
--------------------------------------------------------------------------
Startpoint: req_val (input port clocked by core_clock)
Endpoint: ctrl.state.out[0]$_DFF_P_
          (rising edge-triggered flip-flop clocked by core_clock)
Path Group: core_clock
Path Type: min

Fanout     Cap    Slew   Delay    Time   Description
-----------------------------------------------------------------------------
                          0.00    0.00   clock core_clock (rise edge)
                          0.00    0.00   clock network delay (propagated)
                          0.09    0.09 ^ input external delay
     1    1.14    0.00    0.00    0.09 ^ req_val (in)
                                         req_val (net)
                  0.00    0.00    0.09 ^ input33/A (BUF_X1)
     2    3.94    0.01    0.02    0.12 ^ input33/Z (BUF_X1)
                                         net33 (net)
                  0.01    0.00    0.12 ^ _521_/B2 (OAI21_X1)
     1    1.40    0.01    0.02    0.13 v _521_/ZN (OAI21_X1)
                                         _000_ (net)
                  0.01    0.00    0.13 v ctrl.state.out[0]$_DFF_P_/D (DFF_X1)
                                  0.13   data arrival time

                          0.00    0.00   clock core_clock (rise edge)
                          0.00    0.00   clock source latency
     1    4.53    0.00    0.00    0.00 ^ clk (in)
                                         clk (net)
                  0.00    0.00    0.00 ^ clkbuf_0_clk/A (CLKBUF_X3)
     4    9.81    0.01    0.03    0.03 ^ clkbuf_0_clk/Z (CLKBUF_X3)
                                         clknet_0_clk (net)
                  0.01    0.00    0.03 ^ clkbuf_2_2__f_clk/A (CLKBUF_X3)
    11   14.05    0.01    0.04    0.07 ^ clkbuf_2_2__f_clk/Z (CLKBUF_X3)
                                         clknet_2_2__leaf_clk (net)
                  0.01    0.00    0.07 ^ ctrl.state.out[0]$_DFF_P_/CK (DFF_X1)
                          0.00    0.07   clock reconvergence pessimism
                          0.00    0.08   library hold time
                                  0.08   data required time
-----------------------------------------------------------------------------
                                  0.08   data required time
                                 -0.13   data arrival time
-----------------------------------------------------------------------------
                                  0.05   slack (MET)



==========================================================================
global route report_checks -path_delay max
--------------------------------------------------------------------------
Startpoint: dpath.a_reg.out[6]$_DFFE_PP_
            (rising edge-triggered flip-flop clocked by core_clock)
Endpoint: resp_msg[14] (output port clocked by core_clock)
Path Group: core_clock
Path Type: max

Fanout     Cap    Slew   Delay    Time   Description
-----------------------------------------------------------------------------
                          0.00    0.00   clock core_clock (rise edge)
                          0.00    0.00   clock source latency
     1    4.53    0.00    0.00    0.00 ^ clk (in)
                                         clk (net)
                  0.00    0.00    0.00 ^ clkbuf_0_clk/A (CLKBUF_X3)
     4    9.81    0.01    0.03    0.03 ^ clkbuf_0_clk/Z (CLKBUF_X3)
                                         clknet_0_clk (net)
                  0.01    0.00    0.03 ^ clkbuf_2_1__f_clk/A (CLKBUF_X3)
     8   13.53    0.01    0.04    0.07 ^ clkbuf_2_1__f_clk/Z (CLKBUF_X3)
                                         clknet_2_1__leaf_clk (net)
                  0.01    0.00    0.07 ^ dpath.a_reg.out[6]$_DFFE_PP_/CK (DFF_X1)
     3   11.25    0.03    0.11    0.18 ^ dpath.a_reg.out[6]$_DFFE_PP_/Q (DFF_X1)
                                         dpath.a_lt_b$in0[6] (net)
                  0.03    0.00    0.18 ^ rebuffer6/A (BUF_X4)
     1    6.87    0.01    0.03    0.21 ^ rebuffer6/Z (BUF_X4)
                                         net59 (net)
                  0.01    0.00    0.21 ^ _549_/A2 (NAND2_X4)
     3   15.17    0.01    0.02    0.23 v _549_/ZN (NAND2_X4)
                                         _094_ (net)
                  0.01    0.00    0.23 v _565_/A2 (NAND2_X1)
     1    3.98    0.01    0.02    0.25 ^ _565_/ZN (NAND2_X1)
                                         _110_ (net)
                  0.01    0.00    0.25 ^ _566_/A1 (NAND2_X1)
     3    8.01    0.02    0.03    0.28 v _566_/ZN (NAND2_X1)
                                         _111_ (net)
                  0.02    0.00    0.28 v _659_/B2 (OAI21_X1)
     2    4.25    0.03    0.05    0.33 ^ _659_/ZN (OAI21_X1)
                                         _203_ (net)
                  0.03    0.00    0.33 ^ _773_/A1 (NAND2_X1)
     1    2.66    0.01    0.02    0.35 v _773_/ZN (NAND2_X1)
                                         _309_ (net)
                  0.01    0.00    0.35 v _777_/A1 (NAND2_X1)
     2    3.54    0.01    0.02    0.37 ^ _777_/ZN (NAND2_X1)
                                         _313_ (net)
                  0.01    0.00    0.37 ^ _779_/A (INV_X1)
     1    1.77    0.01    0.01    0.38 v _779_/ZN (INV_X1)
                                         _315_ (net)
                  0.01    0.00    0.38 v _780_/A1 (NAND3_X1)
     1    1.91    0.01    0.01    0.39 ^ _780_/ZN (NAND3_X1)
                                         _316_ (net)
                  0.01    0.00    0.39 ^ _781_/A2 (NAND2_X1)
     2    3.48    0.01    0.02    0.41 v _781_/ZN (NAND2_X1)
                                         net42 (net)
                  0.01    0.00    0.41 v output42/A (BUF_X1)
     1    0.82    0.00    0.03    0.44 v output42/Z (BUF_X1)
                                         resp_msg[14] (net)
                  0.00    0.00    0.44 v resp_msg[14] (out)
                                  0.44   data arrival time

                          0.46    0.46   clock core_clock (rise edge)
                          0.00    0.46   clock network delay (propagated)
                          0.00    0.46   clock reconvergence pessimism
                         -0.09    0.37   output external delay
                                  0.37   data required time
-----------------------------------------------------------------------------
                                  0.37   data required time
                                 -0.44   data arrival time
-----------------------------------------------------------------------------
                                 -0.07   slack (VIOLATED)



==========================================================================
global route report_checks -unconstrained
--------------------------------------------------------------------------
Startpoint: dpath.a_reg.out[6]$_DFFE_PP_
            (rising edge-triggered flip-flop clocked by core_clock)
Endpoint: resp_msg[14] (output port clocked by core_clock)
Path Group: core_clock
Path Type: max

Fanout     Cap    Slew   Delay    Time   Description
-----------------------------------------------------------------------------
                          0.00    0.00   clock core_clock (rise edge)
                          0.00    0.00   clock source latency
     1    4.53    0.00    0.00    0.00 ^ clk (in)
                                         clk (net)
                  0.00    0.00    0.00 ^ clkbuf_0_clk/A (CLKBUF_X3)
     4    9.81    0.01    0.03    0.03 ^ clkbuf_0_clk/Z (CLKBUF_X3)
                                         clknet_0_clk (net)
                  0.01    0.00    0.03 ^ clkbuf_2_1__f_clk/A (CLKBUF_X3)
     8   13.53    0.01    0.04    0.07 ^ clkbuf_2_1__f_clk/Z (CLKBUF_X3)
                                         clknet_2_1__leaf_clk (net)
                  0.01    0.00    0.07 ^ dpath.a_reg.out[6]$_DFFE_PP_/CK (DFF_X1)
     3   11.25    0.03    0.11    0.18 ^ dpath.a_reg.out[6]$_DFFE_PP_/Q (DFF_X1)
                                         dpath.a_lt_b$in0[6] (net)
                  0.03    0.00    0.18 ^ rebuffer6/A (BUF_X4)
     1    6.87    0.01    0.03    0.21 ^ rebuffer6/Z (BUF_X4)
                                         net59 (net)
                  0.01    0.00    0.21 ^ _549_/A2 (NAND2_X4)
     3   15.17    0.01    0.02    0.23 v _549_/ZN (NAND2_X4)
                                         _094_ (net)
                  0.01    0.00    0.23 v _565_/A2 (NAND2_X1)
     1    3.98    0.01    0.02    0.25 ^ _565_/ZN (NAND2_X1)
                                         _110_ (net)
                  0.01    0.00    0.25 ^ _566_/A1 (NAND2_X1)
     3    8.01    0.02    0.03    0.28 v _566_/ZN (NAND2_X1)
                                         _111_ (net)
                  0.02    0.00    0.28 v _659_/B2 (OAI21_X1)
     2    4.25    0.03    0.05    0.33 ^ _659_/ZN (OAI21_X1)
                                         _203_ (net)
                  0.03    0.00    0.33 ^ _773_/A1 (NAND2_X1)
     1    2.66    0.01    0.02    0.35 v _773_/ZN (NAND2_X1)
                                         _309_ (net)
                  0.01    0.00    0.35 v _777_/A1 (NAND2_X1)
     2    3.54    0.01    0.02    0.37 ^ _777_/ZN (NAND2_X1)
                                         _313_ (net)
                  0.01    0.00    0.37 ^ _779_/A (INV_X1)
     1    1.77    0.01    0.01    0.38 v _779_/ZN (INV_X1)
                                         _315_ (net)
                  0.01    0.00    0.38 v _780_/A1 (NAND3_X1)
     1    1.91    0.01    0.01    0.39 ^ _780_/ZN (NAND3_X1)
                                         _316_ (net)
                  0.01    0.00    0.39 ^ _781_/A2 (NAND2_X1)
     2    3.48    0.01    0.02    0.41 v _781_/ZN (NAND2_X1)
                                         net42 (net)
                  0.01    0.00    0.41 v output42/A (BUF_X1)
     1    0.82    0.00    0.03    0.44 v output42/Z (BUF_X1)
                                         resp_msg[14] (net)
                  0.00    0.00    0.44 v resp_msg[14] (out)
                                  0.44   data arrival time

                          0.46    0.46   clock core_clock (rise edge)
                          0.00    0.46   clock network delay (propagated)
                          0.00    0.46   clock reconvergence pessimism
                         -0.09    0.37   output external delay
                                  0.37   data required time
-----------------------------------------------------------------------------
                                  0.37   data required time
                                 -0.44   data arrival time
-----------------------------------------------------------------------------
                                 -0.07   slack (VIOLATED)



==========================================================================
global route report_check_types -max_slew -max_cap -max_fanout -violators
--------------------------------------------------------------------------

==========================================================================
global route max_slew_check_slack
--------------------------------------------------------------------------
0.1500726044178009

==========================================================================
global route max_slew_check_limit
--------------------------------------------------------------------------
0.1985349953174591

==========================================================================
global route max_slew_check_slack_limit
--------------------------------------------------------------------------
0.7559

==========================================================================
global route max_fanout_check_slack
--------------------------------------------------------------------------
1.0000000150474662e+30

==========================================================================
global route max_fanout_check_limit
--------------------------------------------------------------------------
1.0000000150474662e+30

==========================================================================
global route max_capacitance_check_slack
--------------------------------------------------------------------------
16.14838218688965

==========================================================================
global route max_capacitance_check_limit
--------------------------------------------------------------------------
20.904499053955078

==========================================================================
global route max_capacitance_check_slack_limit
--------------------------------------------------------------------------
0.7725

==========================================================================
global route max_slew_violation_count
--------------------------------------------------------------------------
max slew violation count 0

==========================================================================
global route max_fanout_violation_count
--------------------------------------------------------------------------
max fanout violation count 0

==========================================================================
global route max_cap_violation_count
--------------------------------------------------------------------------
max cap violation count 0

==========================================================================
global route setup_violation_count
--------------------------------------------------------------------------
setup violation count 43

==========================================================================
global route hold_violation_count
--------------------------------------------------------------------------
hold violation count 0

==========================================================================
global route report_checks -path_delay max reg to reg
--------------------------------------------------------------------------
Startpoint: dpath.a_reg.out[6]$_DFFE_PP_
            (rising edge-triggered flip-flop clocked by core_clock)
Endpoint: dpath.b_reg.out[4]$_DFFE_PP_
          (rising edge-triggered flip-flop clocked by core_clock)
Path Group: core_clock
Path Type: max

  Delay    Time   Description
---------------------------------------------------------
   0.00    0.00   clock core_clock (rise edge)
   0.00    0.00   clock source latency
   0.00    0.00 ^ clk (in)
   0.03    0.03 ^ clkbuf_0_clk/Z (CLKBUF_X3)
   0.04    0.07 ^ clkbuf_2_1__f_clk/Z (CLKBUF_X3)
   0.00    0.07 ^ dpath.a_reg.out[6]$_DFFE_PP_/CK (DFF_X1)
   0.10    0.17 v dpath.a_reg.out[6]$_DFFE_PP_/Q (DFF_X1)
   0.03    0.20 v rebuffer6/Z (BUF_X4)
   0.02    0.22 ^ _549_/ZN (NAND2_X4)
   0.02    0.24 v _565_/ZN (NAND2_X1)
   0.03    0.27 ^ _566_/ZN (NAND2_X1)
   0.02    0.29 v _567_/ZN (INV_X1)
   0.04    0.33 ^ _572_/ZN (AOI21_X4)
   0.02    0.35 v _573_/ZN (NAND2_X4)
   0.02    0.37 v rebuffer47/Z (BUF_X4)
   0.03    0.40 ^ _616_/ZN (NAND2_X4)
   0.03    0.43 v _648_/ZN (NAND3_X4)
   0.04    0.46 ^ _888_/ZN (NAND2_X4)
   0.03    0.49 ^ _907_/Z (BUF_X8)
   0.02    0.51 v _932_/ZN (NAND2_X1)
   0.02    0.53 ^ _933_/ZN (OAI21_X1)
   0.00    0.53 ^ dpath.b_reg.out[4]$_DFFE_PP_/D (DFF_X1)
           0.53   data arrival time

   0.46    0.46   clock core_clock (rise edge)
   0.00    0.46   clock source latency
   0.00    0.46 ^ clk (in)
   0.03    0.49 ^ clkbuf_0_clk/Z (CLKBUF_X3)
   0.04    0.53 ^ clkbuf_2_1__f_clk/Z (CLKBUF_X3)
   0.00    0.53 ^ dpath.b_reg.out[4]$_DFFE_PP_/CK (DFF_X1)
   0.00    0.53   clock reconvergence pessimism
  -0.03    0.50   library setup time
           0.50   data required time
---------------------------------------------------------
           0.50   data required time
          -0.53   data arrival time
---------------------------------------------------------
          -0.03   slack (VIOLATED)



==========================================================================
global route report_checks -path_delay min reg to reg
--------------------------------------------------------------------------
Startpoint: ctrl.state.out[1]$_DFF_P_
            (rising edge-triggered flip-flop clocked by core_clock)
Endpoint: ctrl.state.out[1]$_DFF_P_
          (rising edge-triggered flip-flop clocked by core_clock)
Path Group: core_clock
Path Type: min

  Delay    Time   Description
---------------------------------------------------------
   0.00    0.00   clock core_clock (rise edge)
   0.00    0.00   clock source latency
   0.00    0.00 ^ clk (in)
   0.03    0.03 ^ clkbuf_0_clk/Z (CLKBUF_X3)
   0.04    0.07 ^ clkbuf_2_0__f_clk/Z (CLKBUF_X3)
   0.00    0.07 ^ ctrl.state.out[1]$_DFF_P_/CK (DFF_X1)
   0.09    0.16 v ctrl.state.out[1]$_DFF_P_/Q (DFF_X1)
   0.02    0.17 ^ _522_/ZN (NAND2_X1)
   0.01    0.19 v _524_/ZN (OAI21_X1)
   0.00    0.19 v ctrl.state.out[1]$_DFF_P_/D (DFF_X1)
           0.19   data arrival time

   0.00    0.00   clock core_clock (rise edge)
   0.00    0.00   clock source latency
   0.00    0.00 ^ clk (in)
   0.03    0.03 ^ clkbuf_0_clk/Z (CLKBUF_X3)
   0.04    0.07 ^ clkbuf_2_0__f_clk/Z (CLKBUF_X3)
   0.00    0.07 ^ ctrl.state.out[1]$_DFF_P_/CK (DFF_X1)
   0.00    0.07   clock reconvergence pessimism
   0.00    0.08   library hold time
           0.08   data required time
---------------------------------------------------------
           0.08   data required time
          -0.19   data arrival time
---------------------------------------------------------
           0.11   slack (MET)



==========================================================================
global route critical path target clock latency max path
--------------------------------------------------------------------------
0.0717

==========================================================================
global route critical path target clock latency min path
--------------------------------------------------------------------------
0.0725

==========================================================================
global route critical path source clock latency min path
--------------------------------------------------------------------------
0.0000

==========================================================================
global route critical path delay
--------------------------------------------------------------------------
0.4351

==========================================================================
global route critical path slack
--------------------------------------------------------------------------
-0.0671

==========================================================================
global route slack div critical path delay
--------------------------------------------------------------------------
-15.421742

==========================================================================
global route report_power
--------------------------------------------------------------------------
Group                  Internal  Switching    Leakage      Total
                          Power      Power      Power      Power (Watts)
----------------------------------------------------------------
Sequential             4.81e-04   9.56e-05   2.80e-06   5.80e-04  17.5%
Combinational          1.13e-03   1.28e-03   1.95e-05   2.43e-03  73.4%
Clock                  1.32e-04   1.70e-04   2.07e-07   3.02e-04   9.1%
Macro                  0.00e+00   0.00e+00   0.00e+00   0.00e+00   0.0%
Pad                    0.00e+00   0.00e+00   0.00e+00   0.00e+00   0.0%
----------------------------------------------------------------
Total                  1.74e-03   1.55e-03   2.25e-05   3.32e-03 100.0%
                          52.6%      46.7%       0.7%
