
==========================================================================
finish report_tns
--------------------------------------------------------------------------
tns -1.04

==========================================================================
finish report_wns
--------------------------------------------------------------------------
wns -0.07

==========================================================================
finish report_worst_slack
--------------------------------------------------------------------------
worst slack -0.07

==========================================================================
finish report_clock_skew
--------------------------------------------------------------------------
Clock core_clock
   0.07 source latency dpath.a_reg.out[9]$_DFFE_PP_/CK ^
  -0.07 target latency dpath.b_reg.out[9]$_DFFE_PP_/CK ^
   0.00 CRPR
--------------
  -0.00 setup skew


==========================================================================
finish report_checks -path_delay min
--------------------------------------------------------------------------
Startpoint: req_val (input port clocked by core_clock)
Endpoint: ctrl.state.out[0]$_DFF_P_
          (rising edge-triggered flip-flop clocked by core_clock)
Path Group: core_clock
Path Type: min

Fanout     Cap    Slew   Delay    Time   Description
-----------------------------------------------------------------------------
                          0.00    0.00   clock core_clock (rise edge)
                          0.00    0.00   clock network delay (propagated)
                          0.09    0.09 ^ input external delay
     1    1.13    0.00    0.00    0.09 ^ req_val (in)
                                         req_val (net)
                  0.00    0.00    0.09 ^ input33/A (BUF_X1)
     2    3.75    0.01    0.02    0.12 ^ input33/Z (BUF_X1)
                                         net33 (net)
                  0.01    0.00    0.12 ^ _521_/B2 (OAI21_X1)
     1    1.19    0.01    0.02    0.13 v _521_/ZN (OAI21_X1)
                                         _000_ (net)
                  0.01    0.00    0.13 v ctrl.state.out[0]$_DFF_P_/D (DFF_X1)
                                  0.13   data arrival time

                          0.00    0.00   clock core_clock (rise edge)
                          0.00    0.00   clock source latency
     1    4.73    0.00    0.00    0.00 ^ clk (in)
                                         clk (net)
                  0.00    0.00    0.00 ^ clkbuf_0_clk/A (CLKBUF_X3)
     4   10.22    0.01    0.03    0.03 ^ clkbuf_0_clk/Z (CLKBUF_X3)
                                         clknet_0_clk (net)
                  0.01    0.00    0.03 ^ clkbuf_2_2__f_clk/A (CLKBUF_X3)
    11   13.69    0.01    0.04    0.07 ^ clkbuf_2_2__f_clk/Z (CLKBUF_X3)
                                         clknet_2_2__leaf_clk (net)
                  0.01    0.00    0.07 ^ ctrl.state.out[0]$_DFF_P_/CK (DFF_X1)
                          0.00    0.07   clock reconvergence pessimism
                          0.00    0.08   library hold time
                                  0.08   data required time
-----------------------------------------------------------------------------
                                  0.08   data required time
                                 -0.13   data arrival time
-----------------------------------------------------------------------------
                                  0.05   slack (MET)



==========================================================================
finish report_checks -path_delay max
--------------------------------------------------------------------------
Startpoint: dpath.a_reg.out[6]$_DFFE_PP_
            (rising edge-triggered flip-flop clocked by core_clock)
Endpoint: resp_msg[14] (output port clocked by core_clock)
Path Group: core_clock
Path Type: max

Fanout     Cap    Slew   Delay    Time   Description
-----------------------------------------------------------------------------
                          0.00    0.00   clock core_clock (rise edge)
                          0.00    0.00   clock source latency
     1    4.73    0.00    0.00    0.00 ^ clk (in)
                                         clk (net)
                  0.00    0.00    0.00 ^ clkbuf_0_clk/A (CLKBUF_X3)
     4   10.22    0.01    0.03    0.03 ^ clkbuf_0_clk/Z (CLKBUF_X3)
                                         clknet_0_clk (net)
                  0.01    0.00    0.03 ^ clkbuf_2_1__f_clk/A (CLKBUF_X3)
     8   13.87    0.01    0.04    0.07 ^ clkbuf_2_1__f_clk/Z (CLKBUF_X3)
                                         clknet_2_1__leaf_clk (net)
                  0.01    0.00    0.07 ^ dpath.a_reg.out[6]$_DFFE_PP_/CK (DFF_X1)
     3   11.25    0.03    0.11    0.18 ^ dpath.a_reg.out[6]$_DFFE_PP_/Q (DFF_X1)
                                         dpath.a_lt_b$in0[6] (net)
                  0.03    0.00    0.18 ^ rebuffer6/A (BUF_X4)
     1    6.60    0.01    0.03    0.21 ^ rebuffer6/Z (BUF_X4)
                                         net59 (net)
                  0.01    0.00    0.21 ^ _549_/A2 (NAND2_X4)
     3   13.73    0.01    0.02    0.23 v _549_/ZN (NAND2_X4)
                                         _094_ (net)
                  0.01    0.00    0.23 v _565_/A2 (NAND2_X1)
     1    4.19    0.01    0.02    0.25 ^ _565_/ZN (NAND2_X1)
                                         _110_ (net)
                  0.01    0.00    0.25 ^ _566_/A1 (NAND2_X1)
     3    8.69    0.02    0.03    0.28 v _566_/ZN (NAND2_X1)
                                         _111_ (net)
                  0.02    0.00    0.28 v _659_/B2 (OAI21_X1)
     2    4.17    0.03    0.05    0.33 ^ _659_/ZN (OAI21_X1)
                                         _203_ (net)
                  0.03    0.00    0.33 ^ _773_/A1 (NAND2_X1)
     1    2.92    0.01    0.02    0.35 v _773_/ZN (NAND2_X1)
                                         _309_ (net)
                  0.01    0.00    0.35 v _777_/A1 (NAND2_X1)
     2    3.46    0.01    0.02    0.37 ^ _777_/ZN (NAND2_X1)
                                         _313_ (net)
                  0.01    0.00    0.37 ^ _779_/A (INV_X1)
     1    1.67    0.00    0.01    0.38 v _779_/ZN (INV_X1)
                                         _315_ (net)
                  0.00    0.00    0.38 v _780_/A1 (NAND3_X1)
     1    1.76    0.01    0.01    0.39 ^ _780_/ZN (NAND3_X1)
                                         _316_ (net)
                  0.01    0.00    0.39 ^ _781_/A2 (NAND2_X1)
     2    3.23    0.01    0.02    0.41 v _781_/ZN (NAND2_X1)
                                         net42 (net)
                  0.01    0.00    0.41 v output42/A (BUF_X1)
     1    0.37    0.00    0.02    0.43 v output42/Z (BUF_X1)
                                         resp_msg[14] (net)
                  0.00    0.00    0.43 v resp_msg[14] (out)
                                  0.43   data arrival time

                          0.46    0.46   clock core_clock (rise edge)
                          0.00    0.46   clock network delay (propagated)
                          0.00    0.46   clock reconvergence pessimism
                         -0.09    0.37   output external delay
                                  0.37   data required time
-----------------------------------------------------------------------------
                                  0.37   data required time
                                 -0.43   data arrival time
-----------------------------------------------------------------------------
                                 -0.07   slack (VIOLATED)



==========================================================================
finish report_checks -unconstrained
--------------------------------------------------------------------------
Startpoint: dpath.a_reg.out[6]$_DFFE_PP_
            (rising edge-triggered flip-flop clocked by core_clock)
Endpoint: resp_msg[14] (output port clocked by core_clock)
Path Group: core_clock
Path Type: max

Fanout     Cap    Slew   Delay    Time   Description
-----------------------------------------------------------------------------
                          0.00    0.00   clock core_clock (rise edge)
                          0.00    0.00   clock source latency
     1    4.73    0.00    0.00    0.00 ^ clk (in)
                                         clk (net)
                  0.00    0.00    0.00 ^ clkbuf_0_clk/A (CLKBUF_X3)
     4   10.22    0.01    0.03    0.03 ^ clkbuf_0_clk/Z (CLKBUF_X3)
                                         clknet_0_clk (net)
                  0.01    0.00    0.03 ^ clkbuf_2_1__f_clk/A (CLKBUF_X3)
     8   13.87    0.01    0.04    0.07 ^ clkbuf_2_1__f_clk/Z (CLKBUF_X3)
                                         clknet_2_1__leaf_clk (net)
                  0.01    0.00    0.07 ^ dpath.a_reg.out[6]$_DFFE_PP_/CK (DFF_X1)
     3   11.25    0.03    0.11    0.18 ^ dpath.a_reg.out[6]$_DFFE_PP_/Q (DFF_X1)
                                         dpath.a_lt_b$in0[6] (net)
                  0.03    0.00    0.18 ^ rebuffer6/A (BUF_X4)
     1    6.60    0.01    0.03    0.21 ^ rebuffer6/Z (BUF_X4)
                                         net59 (net)
                  0.01    0.00    0.21 ^ _549_/A2 (NAND2_X4)
     3   13.73    0.01    0.02    0.23 v _549_/ZN (NAND2_X4)
                                         _094_ (net)
                  0.01    0.00    0.23 v _565_/A2 (NAND2_X1)
     1    4.19    0.01    0.02    0.25 ^ _565_/ZN (NAND2_X1)
                                         _110_ (net)
                  0.01    0.00    0.25 ^ _566_/A1 (NAND2_X1)
     3    8.69    0.02    0.03    0.28 v _566_/ZN (NAND2_X1)
                                         _111_ (net)
                  0.02    0.00    0.28 v _659_/B2 (OAI21_X1)
     2    4.17    0.03    0.05    0.33 ^ _659_/ZN (OAI21_X1)
                                         _203_ (net)
                  0.03    0.00    0.33 ^ _773_/A1 (NAND2_X1)
     1    2.92    0.01    0.02    0.35 v _773_/ZN (NAND2_X1)
                                         _309_ (net)
                  0.01    0.00    0.35 v _777_/A1 (NAND2_X1)
     2    3.46    0.01    0.02    0.37 ^ _777_/ZN (NAND2_X1)
                                         _313_ (net)
                  0.01    0.00    0.37 ^ _779_/A (INV_X1)
     1    1.67    0.00    0.01    0.38 v _779_/ZN (INV_X1)
                                         _315_ (net)
                  0.00    0.00    0.38 v _780_/A1 (NAND3_X1)
     1    1.76    0.01    0.01    0.39 ^ _780_/ZN (NAND3_X1)
                                         _316_ (net)
                  0.01    0.00    0.39 ^ _781_/A2 (NAND2_X1)
     2    3.23    0.01    0.02    0.41 v _781_/ZN (NAND2_X1)
                                         net42 (net)
                  0.01    0.00    0.41 v output42/A (BUF_X1)
     1    0.37    0.00    0.02    0.43 v output42/Z (BUF_X1)
                                         resp_msg[14] (net)
                  0.00    0.00    0.43 v resp_msg[14] (out)
                                  0.43   data arrival time

                          0.46    0.46   clock core_clock (rise edge)
                          0.00    0.46   clock network delay (propagated)
                          0.00    0.46   clock reconvergence pessimism
                         -0.09    0.37   output external delay
                                  0.37   data required time
-----------------------------------------------------------------------------
                                  0.37   data required time
                                 -0.43   data arrival time
-----------------------------------------------------------------------------
                                 -0.07   slack (VIOLATED)



==========================================================================
finish report_check_types -max_slew -max_cap -max_fanout -violators
--------------------------------------------------------------------------

==========================================================================
finish max_slew_check_slack
--------------------------------------------------------------------------
0.1508558988571167

==========================================================================
finish max_slew_check_limit
--------------------------------------------------------------------------
0.1985349953174591

==========================================================================
finish max_slew_check_slack_limit
--------------------------------------------------------------------------
0.7598

==========================================================================
finish max_fanout_check_slack
--------------------------------------------------------------------------
1.0000000150474662e+30

==========================================================================
finish max_fanout_check_limit
--------------------------------------------------------------------------
1.0000000150474662e+30

==========================================================================
finish max_capacitance_check_slack
--------------------------------------------------------------------------
16.319259643554688

==========================================================================
finish max_capacitance_check_limit
--------------------------------------------------------------------------
20.904499053955078

==========================================================================
finish max_capacitance_check_slack_limit
--------------------------------------------------------------------------
0.7807

==========================================================================
finish max_slew_violation_count
--------------------------------------------------------------------------
max slew violation count 0

==========================================================================
finish max_fanout_violation_count
--------------------------------------------------------------------------
max fanout violation count 0

==========================================================================
finish max_cap_violation_count
--------------------------------------------------------------------------
max cap violation count 0

==========================================================================
finish setup_violation_count
--------------------------------------------------------------------------
setup violation count 44

==========================================================================
finish hold_violation_count
--------------------------------------------------------------------------
hold violation count 0

==========================================================================
finish report_checks -path_delay max reg to reg
--------------------------------------------------------------------------
Startpoint: dpath.a_reg.out[6]$_DFFE_PP_
            (rising edge-triggered flip-flop clocked by core_clock)
Endpoint: dpath.b_reg.out[6]$_DFFE_PP_
          (rising edge-triggered flip-flop clocked by core_clock)
Path Group: core_clock
Path Type: max

  Delay    Time   Description
---------------------------------------------------------
   0.00    0.00   clock core_clock (rise edge)
   0.00    0.00   clock source latency
   0.00    0.00 ^ clk (in)
   0.03    0.03 ^ clkbuf_0_clk/Z (CLKBUF_X3)
   0.04    0.07 ^ clkbuf_2_1__f_clk/Z (CLKBUF_X3)
   0.00    0.07 ^ dpath.a_reg.out[6]$_DFFE_PP_/CK (DFF_X1)
   0.10    0.17 v dpath.a_reg.out[6]$_DFFE_PP_/Q (DFF_X1)
   0.03    0.20 v rebuffer6/Z (BUF_X4)
   0.02    0.22 ^ _549_/ZN (NAND2_X4)
   0.02    0.24 v _565_/ZN (NAND2_X1)
   0.03    0.27 ^ _566_/ZN (NAND2_X1)
   0.02    0.29 v _567_/ZN (INV_X1)
   0.04    0.33 ^ _572_/ZN (AOI21_X4)
   0.02    0.35 v _573_/ZN (NAND2_X4)
   0.02    0.37 v rebuffer47/Z (BUF_X4)
   0.03    0.40 ^ _616_/ZN (NAND2_X4)
   0.03    0.43 v _648_/ZN (NAND3_X4)
   0.04    0.46 ^ _888_/ZN (NAND2_X4)
   0.03    0.49 ^ clone64/Z (BUF_X8)
   0.02    0.51 v _940_/ZN (NAND2_X1)
   0.02    0.53 ^ _941_/ZN (OAI21_X1)
   0.00    0.53 ^ dpath.b_reg.out[6]$_DFFE_PP_/D (DFF_X1)
           0.53   data arrival time

   0.46    0.46   clock core_clock (rise edge)
   0.00    0.46   clock source latency
   0.00    0.46 ^ clk (in)
   0.03    0.49 ^ clkbuf_0_clk/Z (CLKBUF_X3)
   0.04    0.53 ^ clkbuf_2_1__f_clk/Z (CLKBUF_X3)
   0.00    0.53 ^ dpath.b_reg.out[6]$_DFFE_PP_/CK (DFF_X1)
   0.00    0.53   clock reconvergence pessimism
  -0.03    0.50   library setup time
           0.50   data required time
---------------------------------------------------------
           0.50   data required time
          -0.53   data arrival time
---------------------------------------------------------
          -0.03   slack (VIOLATED)



==========================================================================
finish report_checks -path_delay min reg to reg
--------------------------------------------------------------------------
Startpoint: ctrl.state.out[1]$_DFF_P_
            (rising edge-triggered flip-flop clocked by core_clock)
Endpoint: ctrl.state.out[1]$_DFF_P_
          (rising edge-triggered flip-flop clocked by core_clock)
Path Group: core_clock
Path Type: min

  Delay    Time   Description
---------------------------------------------------------
   0.00    0.00   clock core_clock (rise edge)
   0.00    0.00   clock source latency
   0.00    0.00 ^ clk (in)
   0.03    0.03 ^ clkbuf_0_clk/Z (CLKBUF_X3)
   0.04    0.07 ^ clkbuf_2_0__f_clk/Z (CLKBUF_X3)
   0.00    0.07 ^ ctrl.state.out[1]$_DFF_P_/CK (DFF_X1)
   0.09    0.16 v ctrl.state.out[1]$_DFF_P_/Q (DFF_X1)
   0.02    0.18 ^ _522_/ZN (NAND2_X1)
   0.01    0.19 v _524_/ZN (OAI21_X1)
   0.00    0.19 v ctrl.state.out[1]$_DFF_P_/D (DFF_X1)
           0.19   data arrival time

   0.00    0.00   clock core_clock (rise edge)
   0.00    0.00   clock source latency
   0.00    0.00 ^ clk (in)
   0.03    0.03 ^ clkbuf_0_clk/Z (CLKBUF_X3)
   0.04    0.07 ^ clkbuf_2_0__f_clk/Z (CLKBUF_X3)
   0.00    0.07 ^ ctrl.state.out[1]$_DFF_P_/CK (DFF_X1)
   0.00    0.07   clock reconvergence pessimism
   0.00    0.08   library hold time
           0.08   data required time
---------------------------------------------------------
           0.08   data required time
          -0.19   data arrival time
---------------------------------------------------------
           0.11   slack (MET)



==========================================================================
finish critical path target clock latency max path
--------------------------------------------------------------------------
0.0726

==========================================================================
finish critical path target clock latency min path
--------------------------------------------------------------------------
0.0727

==========================================================================
finish critical path source clock latency min path
--------------------------------------------------------------------------
0.0000

==========================================================================
finish critical path delay
--------------------------------------------------------------------------
0.4348

==========================================================================
finish critical path slack
--------------------------------------------------------------------------
-0.0668

==========================================================================
finish slack div critical path delay
--------------------------------------------------------------------------
-15.363385

==========================================================================
finish report_power
--------------------------------------------------------------------------
Group                  Internal  Switching    Leakage      Total
                          Power      Power      Power      Power (Watts)
----------------------------------------------------------------
Sequential             4.81e-04   9.55e-05   2.80e-06   5.80e-04  17.4%
Combinational          1.13e-03   1.29e-03   1.95e-05   2.44e-03  73.4%
Clock                  1.32e-04   1.73e-04   2.07e-07   3.05e-04   9.2%
Macro                  0.00e+00   0.00e+00   0.00e+00   0.00e+00   0.0%
Pad                    0.00e+00   0.00e+00   0.00e+00   0.00e+00   0.0%
----------------------------------------------------------------
Total                  1.74e-03   1.56e-03   2.25e-05   3.32e-03 100.0%
                          52.5%      46.8%       0.7%
