OpenROAD v2.0-17941-g7fb347f37 
Features included (+) or not (-): +GPU +GUI +Python
This program is licensed under the BSD-3 license. See the LICENSE file for details.
Components of this program may be licensed under more restrictive licenses which must be honored.
[INFO ORD-0030] Using 16 thread(s).
detailed_route -output_drc ./reports/nangate45/gcd/base/5_route_drc.rpt -output_maze ./results/nangate45/gcd/base/maze.log -bottom_routing_layer metal2 -top_routing_layer metal10 -droute_end_iter 64 -verbose 1 -drc_report_iter_step 5
[INFO DRT-0149] Reading tech and libs.

Units:                2000
Number of layers:     21
Number of macros:     135
Number of vias:       30
Number of viarulegen: 19

[INFO DRT-0150] Reading design.

Design:                   gcd
Die area:                 ( 0 0 ) ( 72760 72760 )
Number of track patterns: 20
Number of DEF vias:       0
Number of components:     656
Number of terminals:      54
Number of snets:          2
Number of nets:           676

[INFO DRT-0167] List of default vias:
  Layer via2
    default via: via2_5
  Layer via3
    default via: via3_2
  Layer via4
    default via: via4_0
  Layer via5
    default via: via5_0
  Layer via6
    default via: via6_0
  Layer via7
    default via: via7_0
  Layer via8
    default via: via8_0
  Layer via9
    default via: via9_0
[INFO DRT-0162] Library cell analysis.
[INFO DRT-0163] Instance analysis.
[INFO DRT-0164] Number of unique instances = 68.
[INFO DRT-0168] Init region query.
[INFO DRT-0024]   Complete active.
[INFO DRT-0024]   Complete Fr_VIA.
[INFO DRT-0024]   Complete metal1.
[INFO DRT-0024]   Complete via1.
[INFO DRT-0024]   Complete metal2.
[INFO DRT-0024]   Complete via2.
[INFO DRT-0024]   Complete metal3.
[INFO DRT-0024]   Complete via3.
[INFO DRT-0024]   Complete metal4.
[INFO DRT-0024]   Complete via4.
[INFO DRT-0024]   Complete metal5.
[INFO DRT-0024]   Complete via5.
[INFO DRT-0024]   Complete metal6.
[INFO DRT-0024]   Complete via6.
[INFO DRT-0024]   Complete metal7.
[INFO DRT-0024]   Complete via7.
[INFO DRT-0024]   Complete metal8.
[INFO DRT-0024]   Complete via8.
[INFO DRT-0024]   Complete metal9.
[INFO DRT-0024]   Complete via9.
[INFO DRT-0024]   Complete metal10.
[INFO DRT-0033] active shape region query size = 0.
[INFO DRT-0033] FR_VIA shape region query size = 0.
[INFO DRT-0033] metal1 shape region query size = 9450.
[INFO DRT-0033] via1 shape region query size = 75.
[INFO DRT-0033] metal2 shape region query size = 50.
[INFO DRT-0033] via2 shape region query size = 75.
[INFO DRT-0033] metal3 shape region query size = 50.
[INFO DRT-0033] via3 shape region query size = 75.
[INFO DRT-0033] metal4 shape region query size = 27.
[INFO DRT-0033] via4 shape region query size = 0.
[INFO DRT-0033] metal5 shape region query size = 28.
[INFO DRT-0033] via5 shape region query size = 0.
[INFO DRT-0033] metal6 shape region query size = 26.
[INFO DRT-0033] via6 shape region query size = 0.
[INFO DRT-0033] metal7 shape region query size = 0.
[INFO DRT-0033] via7 shape region query size = 0.
[INFO DRT-0033] metal8 shape region query size = 0.
[INFO DRT-0033] via8 shape region query size = 0.
[INFO DRT-0033] metal9 shape region query size = 0.
[INFO DRT-0033] via9 shape region query size = 0.
[INFO DRT-0033] metal10 shape region query size = 0.
[INFO DRT-0165] Start pin access.
[INFO DRT-0078]   Complete 342 pins.
[INFO DRT-0081]   Complete 68 unique inst patterns.
[INFO DRT-0084]   Complete 151 groups.
#scanned instances     = 656
#unique  instances     = 68
#stdCellGenAp          = 1854
#stdCellValidPlanarAp  = 0
#stdCellValidViaAp     = 1325
#stdCellPinNoAp        = 0
#stdCellPinCnt         = 1779
#instTermValidViaApCnt = 0
#macroGenAp            = 0
#macroValidPlanarAp    = 0
#macroValidViaAp       = 0
#macroNoAp             = 0
[INFO DRT-0166] Complete pin access.
[INFO DRT-0267] cpu time = 00:00:13, elapsed time = 00:00:01, memory = 209.85 (MB), peak = 209.85 (MB)

[INFO DRT-0157] Number of guides:     4847

[INFO DRT-0169] Post process guides.
[INFO DRT-0176] GCELLGRID X 0 DO 17 STEP 4200 ;
[INFO DRT-0177] GCELLGRID Y 0 DO 17 STEP 4200 ;
[INFO DRT-0028]   Complete active.
[INFO DRT-0028]   Complete Fr_VIA.
[INFO DRT-0028]   Complete metal1.
[INFO DRT-0028]   Complete via1.
[INFO DRT-0028]   Complete metal2.
[INFO DRT-0028]   Complete via2.
[INFO DRT-0028]   Complete metal3.
[INFO DRT-0028]   Complete via3.
[INFO DRT-0028]   Complete metal4.
[INFO DRT-0028]   Complete via4.
[INFO DRT-0028]   Complete metal5.
[INFO DRT-0028]   Complete via5.
[INFO DRT-0028]   Complete metal6.
[INFO DRT-0028]   Complete via6.
[INFO DRT-0028]   Complete metal7.
[INFO DRT-0028]   Complete via7.
[INFO DRT-0028]   Complete metal8.
[INFO DRT-0028]   Complete via8.
[INFO DRT-0028]   Complete metal9.
[INFO DRT-0028]   Complete via9.
[INFO DRT-0028]   Complete metal10.
[INFO DRT-0178] Init guide query.
[INFO DRT-0035]   Complete active (guide).
[INFO DRT-0035]   Complete Fr_VIA (guide).
[INFO DRT-0035]   Complete metal1 (guide).
[INFO DRT-0035]   Complete via1 (guide).
[INFO DRT-0035]   Complete metal2 (guide).
[INFO DRT-0035]   Complete via2 (guide).
[INFO DRT-0035]   Complete metal3 (guide).
[INFO DRT-0035]   Complete via3 (guide).
[INFO DRT-0035]   Complete metal4 (guide).
[INFO DRT-0035]   Complete via4 (guide).
[INFO DRT-0035]   Complete metal5 (guide).
[INFO DRT-0035]   Complete via5 (guide).
[INFO DRT-0035]   Complete metal6 (guide).
[INFO DRT-0035]   Complete via6 (guide).
[INFO DRT-0035]   Complete metal7 (guide).
[INFO DRT-0035]   Complete via7 (guide).
[INFO DRT-0035]   Complete metal8 (guide).
[INFO DRT-0035]   Complete via8 (guide).
[INFO DRT-0035]   Complete metal9 (guide).
[INFO DRT-0035]   Complete via9 (guide).
[INFO DRT-0035]   Complete metal10 (guide).
[INFO DRT-0036] active guide region query size = 0.
[INFO DRT-0036] FR_VIA guide region query size = 0.
[INFO DRT-0036] metal1 guide region query size = 1545.
[INFO DRT-0036] via1 guide region query size = 0.
[INFO DRT-0036] metal2 guide region query size = 1230.
[INFO DRT-0036] via2 guide region query size = 0.
[INFO DRT-0036] metal3 guide region query size = 643.
[INFO DRT-0036] via3 guide region query size = 0.
[INFO DRT-0036] metal4 guide region query size = 166.
[INFO DRT-0036] via4 guide region query size = 0.
[INFO DRT-0036] metal5 guide region query size = 92.
[INFO DRT-0036] via5 guide region query size = 0.
[INFO DRT-0036] metal6 guide region query size = 33.
[INFO DRT-0036] via6 guide region query size = 0.
[INFO DRT-0036] metal7 guide region query size = 0.
[INFO DRT-0036] via7 guide region query size = 0.
[INFO DRT-0036] metal8 guide region query size = 0.
[INFO DRT-0036] via8 guide region query size = 0.
[INFO DRT-0036] metal9 guide region query size = 0.
[INFO DRT-0036] via9 guide region query size = 0.
[INFO DRT-0036] metal10 guide region query size = 0.
[INFO DRT-0179] Init gr pin query.
[INFO DRT-0267] cpu time = 00:00:00, elapsed time = 00:00:00, memory = 211.07 (MB), peak = 211.07 (MB)
[INFO DRT-0245] skipped writing guide updates to database.
[INFO DRT-0185] Post process initialize RPin region query.
[INFO DRT-0181] Start track assignment.
[INFO DRT-0184] Done with 1429 vertical wires in 1 frboxes and 2280 horizontal wires in 1 frboxes.
[INFO DRT-0186] Done with 446 vertical wires in 1 frboxes and 558 horizontal wires in 1 frboxes.
[INFO DRT-0182] Complete track assignment.
[INFO DRT-0267] cpu time = 00:00:00, elapsed time = 00:00:00, memory = 216.95 (MB), peak = 216.95 (MB)
[INFO DRT-0187] Start routing data preparation.
[INFO DRT-0267] cpu time = 00:00:00, elapsed time = 00:00:00, memory = 216.95 (MB), peak = 216.95 (MB)
[INFO DRT-0194] Start detail routing.
[INFO DRT-0195] Start 0th optimization iteration.
    Completing 10% with 0 violations.
    elapsed time = 00:00:00, memory = 229.02 (MB).
    Completing 20% with 0 violations.
    elapsed time = 00:00:00, memory = 230.70 (MB).
    Completing 30% with 0 violations.
    elapsed time = 00:00:00, memory = 233.62 (MB).
    Completing 40% with 0 violations.
    elapsed time = 00:00:00, memory = 227.82 (MB).
    Completing 50% with 28 violations.
    elapsed time = 00:00:00, memory = 244.44 (MB).
    Completing 60% with 28 violations.
    elapsed time = 00:00:00, memory = 242.45 (MB).
    Completing 70% with 40 violations.
    elapsed time = 00:00:00, memory = 261.57 (MB).
    Completing 80% with 40 violations.
    elapsed time = 00:00:01, memory = 260.16 (MB).
    Completing 90% with 58 violations.
    elapsed time = 00:00:02, memory = 275.92 (MB).
    Completing 100% with 75 violations.
    elapsed time = 00:00:02, memory = 275.92 (MB).
[INFO DRT-0199]   Number of violations = 112.
Viol/Layer      metal1   via1 metal2 metal3 metal4
Metal Spacing        0      0      4      2      0
Recheck              4      0     25      7      1
Short                2      3     62      2      0
[INFO DRT-0267] cpu time = 00:00:04, elapsed time = 00:00:03, memory = 825.44 (MB), peak = 825.44 (MB)
Total wire length = 4595 um.
Total wire length on LAYER metal1 = 0 um.
Total wire length on LAYER metal2 = 1725 um.
Total wire length on LAYER metal3 = 1980 um.
Total wire length on LAYER metal4 = 504 um.
Total wire length on LAYER metal5 = 302 um.
Total wire length on LAYER metal6 = 81 um.
Total wire length on LAYER metal7 = 0 um.
Total wire length on LAYER metal8 = 0 um.
Total wire length on LAYER metal9 = 0 um.
Total wire length on LAYER metal10 = 0 um.
Total number of vias = 3775.
Up-via summary (total 3775):

---------------
 active       0
 metal1    1762
 metal2    1627
 metal3     231
 metal4     113
 metal5      42
 metal6       0
 metal7       0
 metal8       0
 metal9       0
---------------
           3775


[INFO DRT-0195] Start 1st optimization iteration.
    Completing 10% with 112 violations.
    elapsed time = 00:00:00, memory = 833.42 (MB).
    Completing 20% with 112 violations.
    elapsed time = 00:00:00, memory = 834.45 (MB).
    Completing 30% with 112 violations.
    elapsed time = 00:00:00, memory = 834.70 (MB).
    Completing 40% with 112 violations.
    elapsed time = 00:00:00, memory = 836.77 (MB).
    Completing 50% with 83 violations.
    elapsed time = 00:00:00, memory = 860.48 (MB).
    Completing 60% with 83 violations.
    elapsed time = 00:00:00, memory = 867.89 (MB).
    Completing 70% with 69 violations.
    elapsed time = 00:00:01, memory = 888.05 (MB).
    Completing 80% with 69 violations.
    elapsed time = 00:00:01, memory = 888.57 (MB).
    Completing 90% with 52 violations.
    elapsed time = 00:00:02, memory = 901.84 (MB).
    Completing 100% with 20 violations.
    elapsed time = 00:00:02, memory = 901.84 (MB).
[INFO DRT-0199]   Number of violations = 20.
Viol/Layer      metal2 metal3
Short               18      2
[INFO DRT-0267] cpu time = 00:00:03, elapsed time = 00:00:02, memory = 824.09 (MB), peak = 901.84 (MB)
Total wire length = 4535 um.
Total wire length on LAYER metal1 = 0 um.
Total wire length on LAYER metal2 = 1707 um.
Total wire length on LAYER metal3 = 1972 um.
Total wire length on LAYER metal4 = 475 um.
Total wire length on LAYER metal5 = 293 um.
Total wire length on LAYER metal6 = 85 um.
Total wire length on LAYER metal7 = 0 um.
Total wire length on LAYER metal8 = 0 um.
Total wire length on LAYER metal9 = 0 um.
Total wire length on LAYER metal10 = 0 um.
Total number of vias = 3705.
Up-via summary (total 3705):

---------------
 active       0
 metal1    1768
 metal2    1571
 metal3     217
 metal4     107
 metal5      42
 metal6       0
 metal7       0
 metal8       0
 metal9       0
---------------
           3705


[INFO DRT-0195] Start 2nd optimization iteration.
    Completing 10% with 20 violations.
    elapsed time = 00:00:00, memory = 824.09 (MB).
    Completing 20% with 20 violations.
    elapsed time = 00:00:00, memory = 842.19 (MB).
    Completing 30% with 28 violations.
    elapsed time = 00:00:00, memory = 842.19 (MB).
    Completing 40% with 28 violations.
    elapsed time = 00:00:00, memory = 851.53 (MB).
    Completing 50% with 28 violations.
    elapsed time = 00:00:01, memory = 851.53 (MB).
    Completing 60% with 33 violations.
    elapsed time = 00:00:01, memory = 851.53 (MB).
    Completing 70% with 33 violations.
    elapsed time = 00:00:01, memory = 861.57 (MB).
    Completing 80% with 33 violations.
    elapsed time = 00:00:01, memory = 861.57 (MB).
    Completing 90% with 33 violations.
    elapsed time = 00:00:01, memory = 873.12 (MB).
    Completing 100% with 29 violations.
    elapsed time = 00:00:02, memory = 861.68 (MB).
[INFO DRT-0199]   Number of violations = 29.
Viol/Layer      metal2
Metal Spacing       11
Short               18
[INFO DRT-0267] cpu time = 00:00:03, elapsed time = 00:00:02, memory = 939.46 (MB), peak = 939.46 (MB)
Total wire length = 4535 um.
Total wire length on LAYER metal1 = 0 um.
Total wire length on LAYER metal2 = 1717 um.
Total wire length on LAYER metal3 = 1973 um.
Total wire length on LAYER metal4 = 476 um.
Total wire length on LAYER metal5 = 282 um.
Total wire length on LAYER metal6 = 84 um.
Total wire length on LAYER metal7 = 0 um.
Total wire length on LAYER metal8 = 0 um.
Total wire length on LAYER metal9 = 0 um.
Total wire length on LAYER metal10 = 0 um.
Total number of vias = 3717.
Up-via summary (total 3717):

---------------
 active       0
 metal1    1764
 metal2    1585
 metal3     220
 metal4     106
 metal5      42
 metal6       0
 metal7       0
 metal8       0
 metal9       0
---------------
           3717


[INFO DRT-0195] Start 3rd optimization iteration.
    Completing 10% with 29 violations.
    elapsed time = 00:00:00, memory = 939.46 (MB).
    Completing 20% with 29 violations.
    elapsed time = 00:00:00, memory = 939.46 (MB).
    Completing 30% with 29 violations.
    elapsed time = 00:00:00, memory = 950.93 (MB).
    Completing 40% with 29 violations.
    elapsed time = 00:00:00, memory = 951.45 (MB).
    Completing 50% with 13 violations.
    elapsed time = 00:00:00, memory = 951.45 (MB).
    Completing 60% with 13 violations.
    elapsed time = 00:00:00, memory = 953.51 (MB).
    Completing 70% with 10 violations.
    elapsed time = 00:00:00, memory = 953.51 (MB).
    Completing 80% with 10 violations.
    elapsed time = 00:00:00, memory = 953.51 (MB).
    Completing 90% with 9 violations.
    elapsed time = 00:00:00, memory = 970.52 (MB).
    Completing 100% with 0 violations.
    elapsed time = 00:00:00, memory = 970.52 (MB).
[INFO DRT-0199]   Number of violations = 0.
[INFO DRT-0267] cpu time = 00:00:01, elapsed time = 00:00:00, memory = 931.43 (MB), peak = 970.52 (MB)
Total wire length = 4529 um.
Total wire length on LAYER metal1 = 0 um.
Total wire length on LAYER metal2 = 1680 um.
Total wire length on LAYER metal3 = 1979 um.
Total wire length on LAYER metal4 = 503 um.
Total wire length on LAYER metal5 = 282 um.
Total wire length on LAYER metal6 = 84 um.
Total wire length on LAYER metal7 = 0 um.
Total wire length on LAYER metal8 = 0 um.
Total wire length on LAYER metal9 = 0 um.
Total wire length on LAYER metal10 = 0 um.
Total number of vias = 3741.
Up-via summary (total 3741):

---------------
 active       0
 metal1    1765
 metal2    1598
 metal3     230
 metal4     106
 metal5      42
 metal6       0
 metal7       0
 metal8       0
 metal9       0
---------------
           3741


[INFO DRT-0198] Complete detail routing.
Total wire length = 4529 um.
Total wire length on LAYER metal1 = 0 um.
Total wire length on LAYER metal2 = 1680 um.
Total wire length on LAYER metal3 = 1979 um.
Total wire length on LAYER metal4 = 503 um.
Total wire length on LAYER metal5 = 282 um.
Total wire length on LAYER metal6 = 84 um.
Total wire length on LAYER metal7 = 0 um.
Total wire length on LAYER metal8 = 0 um.
Total wire length on LAYER metal9 = 0 um.
Total wire length on LAYER metal10 = 0 um.
Total number of vias = 3741.
Up-via summary (total 3741):

---------------
 active       0
 metal1    1765
 metal2    1598
 metal3     230
 metal4     106
 metal5      42
 metal6       0
 metal7       0
 metal8       0
 metal9       0
---------------
           3741


[INFO DRT-0267] cpu time = 00:00:12, elapsed time = 00:00:08, memory = 931.43 (MB), peak = 970.52 (MB)

[INFO DRT-0180] Post processing.
[WARNING GRT-0246] No diode with LEF class CORE ANTENNACELL found.
[INFO ANT-0002] Found 0 net violations.
[INFO ANT-0001] Found 0 pin violations.
[INFO ANT-0002] Found 0 net violations.
[INFO ANT-0001] Found 0 pin violations.
Elapsed time: 0:10.40[h:]min:sec. CPU time: user 27.43 sys 0.70 (270%). Peak memory: 993812KB.
