OpenROAD v2.0-17941-g7fb347f37 
Features included (+) or not (-): +GPU +GUI +Python
This program is licensed under the BSD-3 license. See the LICENSE file for details.
Components of this program may be licensed under more restrictive licenses which must be honored.
[INFO ORD-0030] Using 16 thread(s).
[INFO GPL-0002] DBU: 2000
[INFO GPL-0003] SiteSize: (  0.190  1.400 ) um
[INFO GPL-0004] CoreBBox: (  1.140  1.400 ) ( 38.950 37.800 ) um
[INFO GPL-0006] NumInstances:               555
[INFO GPL-0007] NumPlaceInstances:          503
[INFO GPL-0008] NumFixedInstances:           52
[INFO GPL-0009] NumDummyInstances:            0
[INFO GPL-0010] NumNets:                    574
[INFO GPL-0011] NumPins:                   1626
[INFO GPL-0012] DieBBox:  (  0.000  0.000 ) ( 40.010 40.010 ) um
[INFO GPL-0013] CoreBBox: (  1.140  1.400 ) ( 38.950 37.800 ) um
[INFO GPL-0016] CoreArea:              1376.284 um^2
[INFO GPL-0017] NonPlaceInstsArea:       13.832 um^2
[INFO GPL-0018] PlaceInstsArea:         650.104 um^2
[INFO GPL-0019] Util:                    47.716 %
[INFO GPL-0020] StdInstsArea:           650.104 um^2
[INFO GPL-0021] MacroInstsArea:           0.000 um^2
[INFO GPL-0031] FillerInit:NumGCells:      1123
[INFO GPL-0032] FillerInit:NumGNets:        574
[INFO GPL-0033] FillerInit:NumGPins:       1626
[INFO GPL-0023] TargetDensity:            1.000
[INFO GPL-0024] AvrgPlaceInstArea:        1.292 um^2
[INFO GPL-0025] IdealBinArea:             1.292 um^2
[INFO GPL-0026] IdealBinCnt:               1064
[INFO GPL-0027] TotalBinArea:          1376.284 um^2
[INFO GPL-0028] BinCnt:        32     32
[INFO GPL-0029] BinSize: (  1.182  1.137 )
[INFO GPL-0030] NumBins: 1024
Placement density is 0.5917259073257446, computed from PLACE_DENSITY_LB_ADDON 0.20 and lower bound 0.4771573841571808
global_placement -skip_io -density 0.5917259073257446 -pad_left 0 -pad_right 0
[INFO GPL-0002] DBU: 2000
[INFO GPL-0003] SiteSize: (  0.190  1.400 ) um
[INFO GPL-0004] CoreBBox: (  1.140  1.400 ) ( 38.950 37.800 ) um
[INFO GPL-0006] NumInstances:               555
[INFO GPL-0007] NumPlaceInstances:          503
[INFO GPL-0008] NumFixedInstances:           52
[INFO GPL-0009] NumDummyInstances:            0
[INFO GPL-0010] NumNets:                    574
[INFO GPL-0011] NumPins:                   1572
[INFO GPL-0012] DieBBox:  (  0.000  0.000 ) ( 40.010 40.010 ) um
[INFO GPL-0013] CoreBBox: (  1.140  1.400 ) ( 38.950 37.800 ) um
[INFO GPL-0016] CoreArea:              1376.284 um^2
[INFO GPL-0017] NonPlaceInstsArea:       13.832 um^2
[INFO GPL-0018] PlaceInstsArea:         650.104 um^2
[INFO GPL-0019] Util:                    47.716 %
[INFO GPL-0020] StdInstsArea:           650.104 um^2
[INFO GPL-0021] MacroInstsArea:           0.000 um^2
[INFO GPL-0031] FillerInit:NumGCells:       638
[INFO GPL-0032] FillerInit:NumGNets:        574
[INFO GPL-0033] FillerInit:NumGPins:       1572
[INFO GPL-0023] TargetDensity:            0.592
[INFO GPL-0024] AvrgPlaceInstArea:        1.292 um^2
[INFO GPL-0025] IdealBinArea:             2.184 um^2
[INFO GPL-0026] IdealBinCnt:                630
[INFO GPL-0027] TotalBinArea:          1376.284 um^2
[INFO GPL-0028] BinCnt:        16     16
[INFO GPL-0029] BinSize: (  2.364  2.275 )
[INFO GPL-0030] NumBins: 256
[NesterovSolve] Iter:    1 overflow: 0.979 HPWL: 909295
[NesterovSolve] Iter:   10 overflow: 0.980 HPWL: 458366
[NesterovSolve] Iter:   20 overflow: 0.979 HPWL: 457153
[NesterovSolve] Iter:   30 overflow: 0.979 HPWL: 456918
[NesterovSolve] Iter:   40 overflow: 0.979 HPWL: 456370
[NesterovSolve] Iter:   50 overflow: 0.979 HPWL: 456762
[NesterovSolve] Iter:   60 overflow: 0.979 HPWL: 457215
[NesterovSolve] Iter:   70 overflow: 0.979 HPWL: 457958
[NesterovSolve] Iter:   80 overflow: 0.979 HPWL: 459577
[NesterovSolve] Iter:   90 overflow: 0.979 HPWL: 462891
[NesterovSolve] Iter:  100 overflow: 0.979 HPWL: 468548
[NesterovSolve] Iter:  110 overflow: 0.977 HPWL: 477296
[NesterovSolve] Iter:  120 overflow: 0.973 HPWL: 491672
[NesterovSolve] Iter:  130 overflow: 0.965 HPWL: 520035
[NesterovSolve] Iter:  140 overflow: 0.961 HPWL: 664041
[NesterovSolve] Iter:  150 overflow: 0.920 HPWL: 1050738
[NesterovSolve] Iter:  160 overflow: 0.899 HPWL: 1342736
[NesterovSolve] Iter:  170 overflow: 0.876 HPWL: 1580164
[NesterovSolve] Iter:  180 overflow: 0.846 HPWL: 1843877
[NesterovSolve] Iter:  190 overflow: 0.800 HPWL: 2189778
[NesterovSolve] Iter:  200 overflow: 0.772 HPWL: 2430581
[NesterovSolve] Iter:  210 overflow: 0.722 HPWL: 2713103
[NesterovSolve] Iter:  220 overflow: 0.673 HPWL: 2975681
[NesterovSolve] Iter:  230 overflow: 0.628 HPWL: 3265563
[NesterovSolve] Iter:  240 overflow: 0.577 HPWL: 3508681
[NesterovSolve] Iter:  250 overflow: 0.524 HPWL: 3774910
[NesterovSolve] Iter:  260 overflow: 0.474 HPWL: 4024844
[NesterovSolve] Iter:  270 overflow: 0.416 HPWL: 4214798
[NesterovSolve] Iter:  280 overflow: 0.360 HPWL: 4385982
[NesterovSolve] Iter:  290 overflow: 0.312 HPWL: 4470459
[NesterovSolve] Iter:  300 overflow: 0.279 HPWL: 4553431
[NesterovSolve] Iter:  310 overflow: 0.236 HPWL: 4590382
[NesterovSolve] Iter:  320 overflow: 0.209 HPWL: 4676806
[NesterovSolve] Iter:  330 overflow: 0.172 HPWL: 4729755
[NesterovSolve] Iter:  340 overflow: 0.140 HPWL: 4742807
[NesterovSolve] Iter:  350 overflow: 0.125 HPWL: 4778844
[NesterovSolve] Iter:  360 overflow: 0.105 HPWL: 4789952
[NesterovSolve] Finished with Overflow: 0.099713
Elapsed time: 0:00.51[h:]min:sec. CPU time: user 4.77 sys 0.06 (942%). Peak memory: 120028KB.
