OpenROAD v2.0-17941-g7fb347f37 
Features included (+) or not (-): +GPU +GUI +Python
This program is licensed under the BSD-3 license. See the LICENSE file for details.
Components of this program may be licensed under more restrictive licenses which must be honored.
[INFO ORD-0030] Using 16 thread(s).
[INFO GPL-0002] DBU: 2000
[INFO GPL-0003] SiteSize: (  0.190  1.400 ) um
[INFO GPL-0004] CoreBBox: (  1.140  1.400 ) ( 38.950 37.800 ) um
[INFO GPL-0006] NumInstances:               555
[INFO GPL-0007] NumPlaceInstances:          503
[INFO GPL-0008] NumFixedInstances:           52
[INFO GPL-0009] NumDummyInstances:            0
[INFO GPL-0010] NumNets:                    574
[INFO GPL-0011] NumPins:                   1626
[INFO GPL-0012] DieBBox:  (  0.000  0.000 ) ( 40.010 40.010 ) um
[INFO GPL-0013] CoreBBox: (  1.140  1.400 ) ( 38.950 37.800 ) um
[INFO GPL-0016] CoreArea:              1376.284 um^2
[INFO GPL-0017] NonPlaceInstsArea:       13.832 um^2
[INFO GPL-0018] PlaceInstsArea:         650.104 um^2
[INFO GPL-0019] Util:                    47.716 %
[INFO GPL-0020] StdInstsArea:           650.104 um^2
[INFO GPL-0021] MacroInstsArea:           0.000 um^2
[INFO GPL-0031] FillerInit:NumGCells:      1123
[INFO GPL-0032] FillerInit:NumGNets:        574
[INFO GPL-0033] FillerInit:NumGPins:       1626
[INFO GPL-0023] TargetDensity:            1.000
[INFO GPL-0024] AvrgPlaceInstArea:        1.292 um^2
[INFO GPL-0025] IdealBinArea:             1.292 um^2
[INFO GPL-0026] IdealBinCnt:               1064
[INFO GPL-0027] TotalBinArea:          1376.284 um^2
[INFO GPL-0028] BinCnt:        32     32
[INFO GPL-0029] BinSize: (  1.182  1.137 )
[INFO GPL-0030] NumBins: 1024
Placement density is 0.5917259073257446, computed from PLACE_DENSITY_LB_ADDON 0.20 and lower bound 0.4771573841571808
global_placement -density 0.5917259073257446 -pad_left 0 -pad_right 0 -routability_driven -timing_driven
[INFO GPL-0002] DBU: 2000
[INFO GPL-0003] SiteSize: (  0.190  1.400 ) um
[INFO GPL-0004] CoreBBox: (  1.140  1.400 ) ( 38.950 37.800 ) um
[INFO GPL-0006] NumInstances:               555
[INFO GPL-0007] NumPlaceInstances:          503
[INFO GPL-0008] NumFixedInstances:           52
[INFO GPL-0009] NumDummyInstances:            0
[INFO GPL-0010] NumNets:                    574
[INFO GPL-0011] NumPins:                   1626
[INFO GPL-0012] DieBBox:  (  0.000  0.000 ) ( 40.010 40.010 ) um
[INFO GPL-0013] CoreBBox: (  1.140  1.400 ) ( 38.950 37.800 ) um
[INFO GPL-0016] CoreArea:              1376.284 um^2
[INFO GPL-0017] NonPlaceInstsArea:       13.832 um^2
[INFO GPL-0018] PlaceInstsArea:         650.104 um^2
[INFO GPL-0019] Util:                    47.716 %
[INFO GPL-0020] StdInstsArea:           650.104 um^2
[INFO GPL-0021] MacroInstsArea:           0.000 um^2
[InitialPlace]  Iter: 1 CG residual: 0.00000011 HPWL: 8598917
[InitialPlace]  Iter: 2 CG residual: 0.00000008 HPWL: 5964293
[InitialPlace]  Iter: 3 CG residual: 0.00000010 HPWL: 5984253
[InitialPlace]  Iter: 4 CG residual: 0.00000010 HPWL: 6002672
[InitialPlace]  Iter: 5 CG residual: 0.00000011 HPWL: 6010102
[INFO GPL-0031] FillerInit:NumGCells:       638
[INFO GPL-0032] FillerInit:NumGNets:        574
[INFO GPL-0033] FillerInit:NumGPins:       1626
[INFO GPL-0023] TargetDensity:            0.592
[INFO GPL-0024] AvrgPlaceInstArea:        1.292 um^2
[INFO GPL-0025] IdealBinArea:             2.184 um^2
[INFO GPL-0026] IdealBinCnt:                630
[INFO GPL-0027] TotalBinArea:          1376.284 um^2
[INFO GPL-0028] BinCnt:        16     16
[INFO GPL-0029] BinSize: (  2.364  2.275 )
[INFO GPL-0030] NumBins: 256
[NesterovSolve] Iter:    1 overflow: 0.872 HPWL: 3982142
[INFO GPL-0100] Timing-driven iteration 1/6, virtual: true.
[INFO GPL-0101] Iter: 4, overflow: 0.770, keep rsz at: 0.3
[INFO GPL-0106] Timing-driven: worst slack -4.96e-12
[INFO GPL-0103] Timing-driven: weighted 56 nets.
[NesterovSolve] Iter:   10 overflow: 0.699 HPWL: 4693192
[NesterovSolve] Iter:   20 overflow: 0.666 HPWL: 4748142
[NesterovSolve] Iter:   30 overflow: 0.673 HPWL: 4735134
[NesterovSolve] Iter:   40 overflow: 0.674 HPWL: 4735642
[NesterovSolve] Iter:   50 overflow: 0.671 HPWL: 4743671
[NesterovSolve] Iter:   60 overflow: 0.672 HPWL: 4736958
[NesterovSolve] Iter:   70 overflow: 0.673 HPWL: 4732011
[NesterovSolve] Iter:   80 overflow: 0.673 HPWL: 4733826
[NesterovSolve] Iter:   90 overflow: 0.672 HPWL: 4736662
[NesterovSolve] Iter:  100 overflow: 0.672 HPWL: 4738455
[NesterovSolve] Iter:  110 overflow: 0.672 HPWL: 4739794
[NesterovSolve] Iter:  120 overflow: 0.671 HPWL: 4741170
[NesterovSolve] Iter:  130 overflow: 0.670 HPWL: 4744555
[NesterovSolve] Iter:  140 overflow: 0.668 HPWL: 4752649
[NesterovSolve] Iter:  150 overflow: 0.665 HPWL: 4765541
[NesterovSolve] Iter:  160 overflow: 0.660 HPWL: 4782012
[NesterovSolve] Iter:  170 overflow: 0.653 HPWL: 4802429
[NesterovSolve] Iter:  180 overflow: 0.643 HPWL: 4832048
[INFO GPL-0100] Timing-driven iteration 2/6, virtual: true.
[INFO GPL-0101] Iter: 184, overflow: 0.635, keep rsz at: 0.3
[INFO GPL-0106] Timing-driven: worst slack -5.77e-12
[INFO GPL-0103] Timing-driven: weighted 56 nets.
[NesterovSolve] Iter:  190 overflow: 0.626 HPWL: 4871734
[NesterovSolve] Iter:  200 overflow: 0.606 HPWL: 4923936
[NesterovSolve] Snapshot saved at iter = 202
[NesterovSolve] Iter:  210 overflow: 0.581 HPWL: 4995788
[NesterovSolve] Iter:  220 overflow: 0.554 HPWL: 5076466
[NesterovSolve] Iter:  230 overflow: 0.524 HPWL: 5176329
[NesterovSolve] Iter:  240 overflow: 0.484 HPWL: 5254969
[INFO GPL-0100] Timing-driven iteration 3/6, virtual: true.
[INFO GPL-0101] Iter: 239, overflow: 0.484, keep rsz at: 0.3
[INFO GPL-0106] Timing-driven: worst slack -1.13e-11
[INFO GPL-0103] Timing-driven: weighted 56 nets.
[NesterovSolve] Iter:  250 overflow: 0.441 HPWL: 5327198
[NesterovSolve] Iter:  260 overflow: 0.390 HPWL: 5349018
[NesterovSolve] Iter:  270 overflow: 0.342 HPWL: 5388470
[NesterovSolve] Iter:  280 overflow: 0.303 HPWL: 5371896
[INFO GPL-0075] Routability iteration: 1
[INFO GPL-0036] TileBBox: (    0    0 ) ( 4200 4200 ) DBU
[INFO GPL-0038] TileCnt:      19   19
[INFO GPL-0040] NumTiles: 361
[INFO GPL-0081] TotalRouteOverflow: 0.0000
[INFO GPL-0082] OverflowTileCnt: 0
[INFO GPL-0083] 0.5%RC: 0.7099
[INFO GPL-0084] 1.0%RC: 0.7041
[INFO GPL-0085] 2.0%RC: 0.6702
[INFO GPL-0086] 5.0%RC: 0.6371
[INFO GPL-0087] FinalRC: 0.70704544
[INFO GPL-0077] FinalRC lower than targetRC(1.0100), routability not needed.
[INFO GPL-0100] Timing-driven iteration 4/6, virtual: false.
[INFO GPL-0101] Iter: 285, overflow: 0.285, keep rsz at: 0.3
[INFO GPL-0106] Timing-driven: worst slack -1.73e-11
[INFO GPL-0103] Timing-driven: weighted 56 nets.
[INFO GPL-0107] Timing-driven: repair_design delta area: -46.550 um^2 (-7.16%)
[INFO GPL-0108] Timing-driven: new target density: 0.5575595
[NesterovSolve] Iter:  290 overflow: 0.327 HPWL: 4332740
[NesterovSolve] Iter:  300 overflow: 0.266 HPWL: 4483795
[NesterovSolve] Iter:  310 overflow: 0.232 HPWL: 4406282
[INFO GPL-0100] Timing-driven iteration 5/6, virtual: false.
[INFO GPL-0101] Iter: 317, overflow: 0.204, keep rsz at: 0.3
[INFO GPL-0106] Timing-driven: worst slack -1.65e-11
[INFO GPL-0103] Timing-driven: weighted 54 nets.
[INFO GPL-0107] Timing-driven: repair_design delta area: -0.798 um^2 (-0.13%)
[INFO GPL-0108] Timing-driven: new target density: 0.55697376
[NesterovSolve] Iter:  320 overflow: 0.200 HPWL: 4507990
[NesterovSolve] Iter:  330 overflow: 0.163 HPWL: 4523644
[INFO GPL-0100] Timing-driven iteration 6/6, virtual: false.
[INFO GPL-0101] Iter: 337, overflow: 0.144, keep rsz at: 0.3
[INFO GPL-0106] Timing-driven: worst slack -1.83e-11
[INFO GPL-0103] Timing-driven: weighted 56 nets.
[INFO GPL-0107] Timing-driven: repair_design delta area: 1.064 um^2 (+0.18%)
[INFO GPL-0108] Timing-driven: new target density: 0.5577547
[NesterovSolve] Iter:  340 overflow: 0.140 HPWL: 4562090
[NesterovSolve] Iter:  350 overflow: 0.120 HPWL: 4595169
[NesterovSolve] Finished with Overflow: 0.099943
Report metrics stage 3, global place...

==========================================================================
global place report_design_area
--------------------------------------------------------------------------
Design area 618 u^2 45% utilization.
Elapsed time: 0:01.04[h:]min:sec. CPU time: user 4.53 sys 0.15 (447%). Peak memory: 344412KB.
