OpenROAD v2.0-17941-g7fb347f37 
Features included (+) or not (-): +GPU +GUI +Python
This program is licensed under the BSD-3 license. See the LICENSE file for details.
Components of this program may be licensed under more restrictive licenses which must be honored.
[INFO ORD-0030] Using 16 thread(s).
Placement Analysis
---------------------------------
total displacement        507.4 u
average displacement        0.8 u
max displacement            3.2 u
original HPWL            2924.1 u
legalized HPWL           3340.2 u
delta HPWL                   14 %

Detailed placement improvement.
Importing netlist into detailed improver.
[INFO DPO-0100] Creating network with 608 cells, 54 terminals, 627 edges, 1732 pins, and 0 blockages.
[INFO DPO-0109] Network stats: inst 662, edges 627, pins 1732
[INFO DPO-0110] Number of regions is 1
[INFO DPO-0401] Setting random seed to 1.
[INFO DPO-0402] Setting maximum displacement 5 1 to 14000 2800 units.
[INFO DPO-0320] Collected 106 fixed cells.
[INFO DPO-0318] Collected 556 single height cells.
[INFO DPO-0321] Collected 0 wide cells.
[INFO DPO-0322] Image (2280, 2800) - (77900, 75600)
[INFO DPO-0310] Assigned 556 cells into segments.  Movement in X-direction is 0.000000, movement in Y-direction is 0.000000.
[INFO DPO-0313] Found 0 cells in wrong regions.
[INFO DPO-0315] Found 0 row alignment problems.
[INFO DPO-0314] Found 0 site alignment problems.
[INFO DPO-0311] Found 0 overlaps between adjacent cells.
[INFO DPO-0312] Found 0 edge spacing violations and 0 padding violations.
[INFO DPO-0303] Running algorithm for independent set matching.
[INFO DPO-0300] Set matching objective is wirelength.
[INFO DPO-0301] Pass   1 of matching; objective is 6.782685e+06.
[INFO DPO-0302] End of matching; objective is 6.758800e+06, improvement is 0.35 percent.
[INFO DPO-0303] Running algorithm for global swaps.
[INFO DPO-0306] Pass   1 of global swaps; hpwl is 6.485860e+06.
[INFO DPO-0306] Pass   2 of global swaps; hpwl is 6.409395e+06.
[INFO DPO-0306] Pass   3 of global swaps; hpwl is 6.395005e+06.
[INFO DPO-0307] End of global swaps; objective is 6.395005e+06, improvement is 5.38 percent.
[INFO DPO-0303] Running algorithm for vertical swaps.
[INFO DPO-0308] Pass   1 of vertical swaps; hpwl is 6.342300e+06.
[INFO DPO-0309] End of vertical swaps; objective is 6.342300e+06, improvement is 0.82 percent.
[INFO DPO-0303] Running algorithm for reordering.
[INFO DPO-0304] Pass   1 of reordering; objective is 6.309995e+06.
[INFO DPO-0305] End of reordering; objective is 6.309995e+06, improvement is 0.51 percent.
[INFO DPO-0303] Running algorithm for random improvement.
[INFO DPO-0324] Random improver is using displacement generator.
[INFO DPO-0325] Random improver is using hpwl objective.
[INFO DPO-0326] Random improver cost string is (a).
[INFO DPO-0332] End of pass, Generator displacement called 11120 times.
[INFO DPO-0335] Generator displacement, Cumulative attempts 11120, swaps 1939, moves  3392 since last reset.
[INFO DPO-0333] End of pass, Objective hpwl, Initial cost 6.309995e+06, Scratch cost 6.178605e+06, Incremental cost 6.178605e+06, Mismatch? N
[INFO DPO-0338] End of pass, Total cost is 6.178605e+06.
[INFO DPO-0327] Pass   1 of random improver; improvement in cost is 2.08 percent.
[INFO DPO-0332] End of pass, Generator displacement called 11120 times.
[INFO DPO-0335] Generator displacement, Cumulative attempts 22240, swaps 3763, moves  6838 since last reset.
[INFO DPO-0333] End of pass, Objective hpwl, Initial cost 6.178605e+06, Scratch cost 6.128805e+06, Incremental cost 6.128805e+06, Mismatch? N
[INFO DPO-0338] End of pass, Total cost is 6.128805e+06.
[INFO DPO-0327] Pass   2 of random improver; improvement in cost is 0.81 percent.
[INFO DPO-0328] End of random improver; improvement is 2.871476 percent.
[INFO DPO-0380] Cell flipping.
[INFO DPO-0382] Changed 282 cell orientations for row compatibility.
[INFO DPO-0383] Performed 182 cell flips.
[INFO DPO-0384] End of flipping; objective is 6.103880e+06, improvement is 0.41 percent.
[INFO DPO-0313] Found 0 cells in wrong regions.
[INFO DPO-0315] Found 0 row alignment problems.
[INFO DPO-0314] Found 0 site alignment problems.
[INFO DPO-0311] Found 0 overlaps between adjacent cells.
[INFO DPO-0312] Found 0 edge spacing violations and 0 padding violations.
Detailed Improvement Results
------------------------------------------
Original HPWL             3340.2 u
Final HPWL                2957.1 u
Delta HPWL                 -11.5 %

[INFO DPL-0020] Mirrored 36 instances
[INFO DPL-0021] HPWL before            2957.1 u
[INFO DPL-0022] HPWL after             2955.1 u
[INFO DPL-0023] HPWL delta               -0.1 %
[INFO FLW-0012] Placement violations .
Report metrics stage 3, detailed place...

==========================================================================
detailed place report_design_area
--------------------------------------------------------------------------
Design area 661 u^2 48% utilization.
Elapsed time: 0:00.37[h:]min:sec. CPU time: user 0.34 sys 0.02 (100%). Peak memory: 121924KB.
