OpenROAD v2.0-17941-g7fb347f37 
Features included (+) or not (-): +GPU +GUI +Python
This program is licensed under the BSD-3 license. See the LICENSE file for details.
Components of this program may be licensed under more restrictive licenses which must be honored.
[INFO ORD-0030] Using 16 thread(s).
global_route -congestion_report_file ./reports/nangate45/gcd/base/congestion.rpt -congestion_iterations 30 -congestion_report_iter_step 5 -verbose
[INFO GRT-0020] Min routing layer: metal2
[INFO GRT-0021] Max routing layer: metal10
[INFO GRT-0022] Global adjustment: 0%
[INFO GRT-0023] Grid origin: (0, 0)
[INFO GRT-0043] No OR_DEFAULT vias defined.
[INFO GRT-0088] Layer metal1  Track-Pitch = 0.1400  line-2-Via Pitch: 0.1350
[INFO GRT-0088] Layer metal2  Track-Pitch = 0.1900  line-2-Via Pitch: 0.1400
[INFO GRT-0088] Layer metal3  Track-Pitch = 0.1400  line-2-Via Pitch: 0.1400
[INFO GRT-0088] Layer metal4  Track-Pitch = 0.2800  line-2-Via Pitch: 0.2800
[INFO GRT-0088] Layer metal5  Track-Pitch = 0.2800  line-2-Via Pitch: 0.2800
[INFO GRT-0088] Layer metal6  Track-Pitch = 0.2800  line-2-Via Pitch: 0.2800
[INFO GRT-0088] Layer metal7  Track-Pitch = 0.8000  line-2-Via Pitch: 0.8000
[INFO GRT-0088] Layer metal8  Track-Pitch = 0.8000  line-2-Via Pitch: 0.8000
[INFO GRT-0088] Layer metal9  Track-Pitch = 1.6000  line-2-Via Pitch: 1.6000
[INFO GRT-0088] Layer metal10 Track-Pitch = 1.6000  line-2-Via Pitch: 1.6000
[INFO GRT-0019] Found 6 clock nets.
[INFO GRT-0001] Minimum degree: 2
[INFO GRT-0002] Maximum degree: 13
[INFO GRT-0003] Macros: 0
[INFO GRT-0043] No OR_DEFAULT vias defined.
[INFO GRT-0004] Blockages: 0

[INFO GRT-0053] Routing resources analysis:
          Routing      Original      Derated      Resource
Layer     Direction    Resources     Resources    Reduction (%)
---------------------------------------------------------------
metal1     Horizontal          0             0          0.00%
metal2     Vertical         3971          1683          57.62%
metal3     Horizontal       5415          2394          55.79%
metal4     Vertical         2527          1640          35.10%
metal5     Horizontal       2527          1710          32.33%
metal6     Vertical         2527          1710          32.33%
metal7     Horizontal        722           342          52.63%
metal8     Vertical          722           342          52.63%
metal9     Horizontal        361           324          10.25%
metal10    Vertical          361           324          10.25%
---------------------------------------------------------------

[INFO GRT-0197] Via related to pin nodes: 3266
[INFO GRT-0198] Via related Steiner nodes: 52
[INFO GRT-0199] Via filling finished.
[INFO GRT-0111] Final number of vias: 4104
[INFO GRT-0112] Final usage 3D: 14165

[INFO GRT-0096] Final congestion report:
Layer         Resource        Demand        Usage (%)    Max H / Max V / Total Overflow
---------------------------------------------------------------------------------------
metal1               0             0            0.00%             0 /  0 /  0
metal2            1683           690           41.00%             0 /  0 /  0
metal3            2394           862           36.01%             0 /  0 /  0
metal4            1640           198           12.07%             0 /  0 /  0
metal5            1710            99            5.79%             0 /  0 /  0
metal6            1710             4            0.23%             0 /  0 /  0
metal7             342             0            0.00%             0 /  0 /  0
metal8             342             0            0.00%             0 /  0 /  0
metal9             324             0            0.00%             0 /  0 /  0
metal10            324             0            0.00%             0 /  0 /  0
---------------------------------------------------------------------------------------
Total            10469          1853           17.70%             0 /  0 /  0

[INFO GRT-0018] Total wirelength: 6486 um
[INFO GRT-0014] Routed nets: 627
Perform buffer insertion and gate resizing...
repair_design 
[INFO RSZ-0058] Using max wire length 640um.
Placement Analysis
---------------------------------
total displacement          0.0 u
average displacement        0.0 u
max displacement            0.0 u
original HPWL            3560.8 u
legalized HPWL           3560.8 u
delta HPWL                    0 %

Repair setup and hold violations...
repair_timing -verbose -setup_margin 0 -hold_margin 0 -repair_tns 100
[INFO RSZ-0094] Found 18 endpoints with setup violations.
[INFO RSZ-0099] Repairing 18 out of 18 (100.00%) violating endpoints...
   Iter   | Removed | Resized | Inserted | Cloned |  Pin  |    WNS   |   TNS      |  Viol  | Worst
          | Buffers |  Gates  | Buffers  |  Gates | Swaps |          |            | Endpts | Endpt
---------------------------------------------------------------------------------------------------
        0 |       0 |       0 |        0 |      0 |     0 |   -0.061 |       -0.4 |     18 | resp_msg[13]
       10 |       0 |       6 |        3 |      0 |     2 |   -0.067 |       -0.4 |     18 | resp_msg[15]
       20 |       0 |      15 |        3 |      0 |     3 |   -0.069 |       -0.5 |     18 | resp_msg[13]
       30 |       0 |      25 |        3 |      0 |     3 |   -0.063 |       -0.5 |     18 | resp_msg[15]
       39 |       0 |      23 |        3 |      0 |     3 |   -0.060 |       -0.5 |     18 | resp_msg[13]
       40 |       0 |      23 |        3 |      0 |     3 |   -0.060 |       -0.5 |     18 | resp_msg[13]
       50 |       0 |      32 |        5 |      0 |     3 |   -0.063 |       -0.5 |     18 | resp_msg[13]
       60 |       0 |      40 |        7 |      0 |     4 |   -0.063 |       -0.5 |     18 | resp_msg[13]
       61 |       0 |      26 |        5 |      0 |     3 |   -0.060 |       -0.5 |     18 | resp_msg[13]
       70 |       0 |      32 |        5 |      0 |     5 |   -0.061 |       -0.5 |     18 | resp_msg[15]
       80 |       0 |      38 |        7 |      0 |     8 |   -0.061 |       -0.4 |     18 | resp_msg[15]
       89 |       0 |      33 |        6 |      0 |     5 |   -0.060 |       -0.5 |     18 | resp_msg[13]
       90 |       0 |      33 |        6 |      0 |     5 |   -0.060 |       -0.5 |     18 | resp_msg[13]
       98 |       0 |      33 |        6 |      0 |     6 |   -0.060 |       -0.4 |     18 | resp_msg[13]
      100 |       0 |      34 |        6 |      0 |     6 |   -0.060 |       -0.4 |     18 | resp_msg[13]
      110 |       0 |      41 |        6 |      0 |     9 |   -0.060 |       -0.4 |     18 | resp_msg[13]
      112 |       0 |      36 |        7 |      0 |     6 |   -0.060 |       -0.4 |     18 | resp_msg[13]
      120 |       0 |      41 |        7 |      0 |     8 |   -0.064 |       -0.4 |     18 | resp_msg[13]
      130 |       0 |      46 |        9 |      0 |    12 |   -0.064 |       -0.4 |     18 | resp_msg[13]
      139 |       0 |      39 |        8 |      0 |     8 |   -0.060 |       -0.4 |     18 | resp_msg[13]
      140 |       0 |      39 |        8 |      0 |     8 |   -0.060 |       -0.4 |     18 | resp_msg[13]
      150 |       0 |      45 |       11 |      0 |    11 |   -0.066 |       -0.4 |     18 | resp_msg[13]
      160 |       0 |      55 |       11 |      0 |    11 |   -0.071 |       -0.5 |     18 | resp_msg[13]
      170 |       0 |      62 |       13 |      0 |    13 |   -0.071 |       -0.6 |     18 | resp_msg[13]
      175 |       0 |      44 |       10 |      0 |    10 |   -0.060 |       -0.4 |     18 | resp_msg[13]
      180 |       0 |      47 |       10 |      0 |    11 |   -0.060 |       -0.5 |     18 | resp_msg[13]
      180 |       0 |      44 |       10 |      0 |    10 |   -0.060 |       -0.4 |     18 | resp_msg[13]
      190 |       0 |      51 |       14 |      0 |    10 |   -0.060 |       -0.9 |     18 | resp_msg[13]
      199 |       0 |      49 |       12 |      0 |    10 |   -0.060 |       -0.4 |     18 | resp_msg[13]
      200 |       0 |      49 |       12 |      0 |    10 |   -0.060 |       -0.4 |     18 | resp_msg[13]
      210 |       0 |      58 |       14 |      0 |    10 |   -0.064 |       -0.7 |     18 | resp_msg[15]
      210 |       0 |      53 |       13 |      0 |    10 |   -0.060 |       -0.4 |     18 | resp_msg[13]
      220 |       0 |      59 |       15 |      0 |    12 |   -0.060 |       -0.5 |     18 | resp_msg[13]
      227 |       0 |      57 |       16 |      0 |    10 |   -0.060 |       -0.4 |     18 | resp_msg[13]
      229 |       0 |      58 |       16 |      0 |    10 |   -0.060 |       -0.4 |     16 | resp_msg[13]
      230 |       0 |      58 |       16 |      0 |    10 |   -0.060 |       -0.4 |     16 | resp_msg[13]
      230 |       0 |      58 |       16 |      0 |    10 |   -0.060 |       -0.4 |     15 | resp_msg[13]
      231 |       0 |      58 |       16 |      0 |    10 |   -0.060 |       -0.4 |     14 | resp_msg[13]
      232 |       0 |      58 |       16 |      0 |    10 |   -0.060 |       -0.4 |     13 | resp_msg[13]
      233 |       0 |      58 |       16 |      0 |    10 |   -0.060 |       -0.4 |     12 | resp_msg[13]
      234 |       0 |      58 |       16 |      0 |    10 |   -0.060 |       -0.4 |     11 | resp_msg[13]
      235 |       0 |      58 |       16 |      0 |    10 |   -0.060 |       -0.4 |     10 | resp_msg[13]
     236* |       0 |      58 |       16 |      0 |    10 |   -0.060 |       -0.4 |     12 | resp_msg[13]
     238* |       0 |      59 |       16 |      0 |    10 |   -0.060 |       -0.4 |     12 | resp_msg[13]
     239* |       0 |      59 |       16 |      0 |    10 |   -0.060 |       -0.4 |     12 | resp_msg[13]
     240* |       0 |      59 |       16 |      0 |    10 |   -0.060 |       -0.4 |     12 | resp_msg[13]
     240* |       0 |      59 |       16 |      0 |    10 |   -0.060 |       -0.4 |     12 | resp_msg[13]
     242* |       0 |      60 |       16 |      0 |    10 |   -0.060 |       -0.4 |     12 | resp_msg[13]
     243* |       0 |      60 |       16 |      0 |    10 |   -0.060 |       -0.4 |     12 | resp_msg[13]
     244* |       0 |      60 |       16 |      0 |    10 |   -0.060 |       -0.4 |     12 | resp_msg[13]
     245* |       0 |      60 |       16 |      0 |    10 |   -0.060 |       -0.4 |     12 | resp_msg[13]
     246* |       0 |      60 |       16 |      0 |    10 |   -0.060 |       -0.4 |     12 | resp_msg[13]
     247* |       0 |      60 |       16 |      0 |    10 |   -0.060 |       -0.4 |     12 | resp_msg[13]
     248* |       0 |      60 |       16 |      0 |    10 |   -0.060 |       -0.4 |     12 | resp_msg[13]
     249* |       0 |      60 |       16 |      0 |    10 |   -0.060 |       -0.4 |     12 | resp_msg[13]
    final |       0 |      60 |       16 |      0 |    10 |   -0.060 |       -0.4 |     12 | resp_msg[13]
---------------------------------------------------------------------------------------------------
[INFO RSZ-0040] Inserted 3 buffers.
[INFO RSZ-0041] Resized 60 instances.
[INFO RSZ-0043] Swapped pins on 10 instances.
[WARNING RSZ-0062] Unable to repair all setup violations.
[INFO RSZ-0033] No hold violations found.
Placement Analysis
---------------------------------
total displacement        172.5 u
average displacement        0.3 u
max displacement            7.4 u
original HPWL            3574.7 u
legalized HPWL           3752.0 u
delta HPWL                    5 %

Repair antennas...
[WARNING GRT-0246] No diode with LEF class CORE ANTENNACELL found.
[INFO ANT-0002] Found 0 net violations.
[INFO ANT-0001] Found 0 pin violations.
Estimate parasitics...
Report metrics stage 5, global route...

==========================================================================
global route report_design_area
--------------------------------------------------------------------------
Design area 827 u^2 60% utilization.
[INFO FLW-0007] clock core_clock period 0.460000
[INFO FLW-0008] Clock core_clock period 0.495
[INFO FLW-0009] Clock core_clock slack -0.061
[INFO FLW-0011] Path endpoint count 90
Elapsed time: 0:01.70[h:]min:sec. CPU time: user 2.08 sys 0.12 (129%). Peak memory: 357588KB.
