OpenROAD v2.0-17941-g7fb347f37 
Features included (+) or not (-): +GPU +GUI +Python
This program is licensed under the BSD-3 license. See the LICENSE file for details.
Components of this program may be licensed under more restrictive licenses which must be honored.
[INFO ORD-0030] Using 16 thread(s).
Deleted 0 routing obstructions
[INFO RCX-0431] Defined process_corner X with ext_model_index 0
[INFO RCX-0029] Defined extraction corner X
[INFO RCX-0435] Reading extraction model file /home/ahan2004/OpenROAD-flow-scripts/flow/platforms/nangate45/rcx_patterns.rules ...
[INFO RCX-0436] RC segment generation gcd (max_merge_res 50.0) ...
[INFO RCX-0040] Final 1679 rc segments
[INFO RCX-0439] Coupling Cap extraction gcd ...
[INFO RCX-0440] Coupling threshhold is 0.1000 fF, coupling capacitance less than 0.1000 fF will be grounded.
[INFO RCX-0442] 48% of 3112 wires extracted
[INFO RCX-0442] 100% of 3112 wires extracted
[INFO RCX-0045] Extract 664 nets, 2309 rsegs, 2309 caps, 4707 ccs
[INFO RCX-0443] 664 nets finished
[INFO PSM-0040] All shapes on net VDD are connected.
[INFO PSM-0073] Using bump pattern with x-pitch 140.0000um, y-pitch 140.0000um, and size 70.0000um with an reduction factor of 3x.
########## IR report #################
Net              : VDD
Corner           : default
Supply voltage   : 1.10e+00 V
Worstcase voltage: 1.09e+00 V
Average voltage  : 1.10e+00 V
Average IR drop  : 2.48e-03 V
Worstcase IR drop: 6.56e-03 V
Percentage drop  : 0.60 %
######################################
[INFO PSM-0040] All shapes on net VSS are connected.
[INFO PSM-0073] Using bump pattern with x-pitch 140.0000um, y-pitch 140.0000um, and size 70.0000um with an reduction factor of 3x.
########## IR report #################
Net              : VSS
Corner           : default
Supply voltage   : 0.00e+00 V
Worstcase voltage: 1.20e-02 V
Average voltage  : 5.25e-03 V
Average IR drop  : 5.25e-03 V
Worstcase IR drop: 1.20e-02 V
Percentage drop  : 1.09 %
######################################
Cell type report:                       Count       Area
  Buffer                                   13      23.67
  Clock buffer                              5       6.65
  Timing Repair Buffer                     86      80.60
  Inverter                                 85      59.32
  Clock inverter                            3       2.93
  Sequential cell                          35     159.33
  Multi-Input combinational cell          369     480.66
  Total                                   596     813.16
Report metrics stage 6, finish...

==========================================================================
finish report_design_area
--------------------------------------------------------------------------
Design area 827 u^2 60% utilization.
[WARNING GUI-0076] QStandardPaths: wrong permissions on runtime directory /run/user/1000/, 0755 instead of 0700
Dropped Escape call with ulEscapeCode : 0x03007703
Elapsed time: 0:01.40[h:]min:sec. CPU time: user 1.12 sys 0.30 (101%). Peak memory: 337332KB.
