OpenROAD v2.0-17941-g7fb347f37 
Features included (+) or not (-): +GPU +GUI +Python
This program is licensed under the BSD-3 license. See the LICENSE file for details.
Components of this program may be licensed under more restrictive licenses which must be honored.
[INFO ORD-0030] Using 16 thread(s).
[INFO GPL-0002] DBU: 2000
[INFO GPL-0003] SiteSize: (  0.190  1.400 ) um
[INFO GPL-0004] CoreBBox: (  1.140  1.400 ) ( 41.230 40.600 ) um
[INFO GPL-0006] NumInstances:               559
[INFO GPL-0007] NumPlaceInstances:          503
[INFO GPL-0008] NumFixedInstances:           56
[INFO GPL-0009] NumDummyInstances:            0
[INFO GPL-0010] NumNets:                    574
[INFO GPL-0011] NumPins:                   1626
[INFO GPL-0012] DieBBox:  (  0.000  0.000 ) ( 42.315 42.315 ) um
[INFO GPL-0013] CoreBBox: (  1.140  1.400 ) ( 41.230 40.600 ) um
[INFO GPL-0016] CoreArea:              1571.528 um^2
[INFO GPL-0017] NonPlaceInstsArea:       14.896 um^2
[INFO GPL-0018] PlaceInstsArea:         650.104 um^2
[INFO GPL-0019] Util:                    41.764 %
[INFO GPL-0020] StdInstsArea:           650.104 um^2
[INFO GPL-0021] MacroInstsArea:           0.000 um^2
[INFO GPL-0031] FillerInit:NumGCells:      1292
[INFO GPL-0032] FillerInit:NumGNets:        574
[INFO GPL-0033] FillerInit:NumGPins:       1626
[INFO GPL-0023] TargetDensity:            1.000
[INFO GPL-0024] AvrgPlaceInstArea:        1.292 um^2
[INFO GPL-0025] IdealBinArea:             1.292 um^2
[INFO GPL-0026] IdealBinCnt:               1215
[INFO GPL-0027] TotalBinArea:          1571.528 um^2
[INFO GPL-0028] BinCnt:        32     32
[INFO GPL-0029] BinSize: (  1.253  1.225 )
[INFO GPL-0030] NumBins: 1024
Placement density is 0.5441079950332641, computed from PLACE_DENSITY_LB_ADDON 0.20 and lower bound 0.4176349937915802
global_placement -skip_io -density 0.5441079950332641 -pad_left 0 -pad_right 0
[INFO GPL-0002] DBU: 2000
[INFO GPL-0003] SiteSize: (  0.190  1.400 ) um
[INFO GPL-0004] CoreBBox: (  1.140  1.400 ) ( 41.230 40.600 ) um
[INFO GPL-0006] NumInstances:               559
[INFO GPL-0007] NumPlaceInstances:          503
[INFO GPL-0008] NumFixedInstances:           56
[INFO GPL-0009] NumDummyInstances:            0
[INFO GPL-0010] NumNets:                    574
[INFO GPL-0011] NumPins:                   1572
[INFO GPL-0012] DieBBox:  (  0.000  0.000 ) ( 42.315 42.315 ) um
[INFO GPL-0013] CoreBBox: (  1.140  1.400 ) ( 41.230 40.600 ) um
[INFO GPL-0016] CoreArea:              1571.528 um^2
[INFO GPL-0017] NonPlaceInstsArea:       14.896 um^2
[INFO GPL-0018] PlaceInstsArea:         650.104 um^2
[INFO GPL-0019] Util:                    41.764 %
[INFO GPL-0020] StdInstsArea:           650.104 um^2
[INFO GPL-0021] MacroInstsArea:           0.000 um^2
[INFO GPL-0031] FillerInit:NumGCells:       674
[INFO GPL-0032] FillerInit:NumGNets:        574
[INFO GPL-0033] FillerInit:NumGPins:       1572
[INFO GPL-0023] TargetDensity:            0.544
[INFO GPL-0024] AvrgPlaceInstArea:        1.292 um^2
[INFO GPL-0025] IdealBinArea:             2.375 um^2
[INFO GPL-0026] IdealBinCnt:                661
[INFO GPL-0027] TotalBinArea:          1571.528 um^2
[INFO GPL-0028] BinCnt:        16     16
[INFO GPL-0029] BinSize: (  2.506  2.450 )
[INFO GPL-0030] NumBins: 256
[NesterovSolve] Iter:    1 overflow: 0.978 HPWL: 957879
[NesterovSolve] Iter:   10 overflow: 0.979 HPWL: 458288
[NesterovSolve] Iter:   20 overflow: 0.979 HPWL: 457064
[NesterovSolve] Iter:   30 overflow: 0.979 HPWL: 456730
[NesterovSolve] Iter:   40 overflow: 0.979 HPWL: 456293
[NesterovSolve] Iter:   50 overflow: 0.979 HPWL: 456702
[NesterovSolve] Iter:   60 overflow: 0.979 HPWL: 457338
[NesterovSolve] Iter:   70 overflow: 0.979 HPWL: 458571
[NesterovSolve] Iter:   80 overflow: 0.979 HPWL: 461021
[NesterovSolve] Iter:   90 overflow: 0.978 HPWL: 465444
[NesterovSolve] Iter:  100 overflow: 0.978 HPWL: 472089
[NesterovSolve] Iter:  110 overflow: 0.978 HPWL: 481274
[NesterovSolve] Iter:  120 overflow: 0.976 HPWL: 495130
[NesterovSolve] Iter:  130 overflow: 0.966 HPWL: 522370
[NesterovSolve] Iter:  140 overflow: 0.959 HPWL: 623628
[NesterovSolve] Iter:  150 overflow: 0.935 HPWL: 1000338
[NesterovSolve] Iter:  160 overflow: 0.895 HPWL: 1354239
[NesterovSolve] Iter:  170 overflow: 0.877 HPWL: 1590473
[NesterovSolve] Iter:  180 overflow: 0.843 HPWL: 1890328
[NesterovSolve] Iter:  190 overflow: 0.806 HPWL: 2234055
[NesterovSolve] Iter:  200 overflow: 0.774 HPWL: 2476943
[NesterovSolve] Iter:  210 overflow: 0.729 HPWL: 2796580
[NesterovSolve] Iter:  220 overflow: 0.681 HPWL: 3076812
[NesterovSolve] Iter:  230 overflow: 0.634 HPWL: 3347418
[NesterovSolve] Iter:  240 overflow: 0.582 HPWL: 3637542
[NesterovSolve] Iter:  250 overflow: 0.530 HPWL: 3884094
[NesterovSolve] Iter:  260 overflow: 0.477 HPWL: 4154989
[NesterovSolve] Iter:  270 overflow: 0.423 HPWL: 4357447
[NesterovSolve] Iter:  280 overflow: 0.367 HPWL: 4549438
[NesterovSolve] Iter:  290 overflow: 0.321 HPWL: 4612889
[NesterovSolve] Iter:  300 overflow: 0.278 HPWL: 4698372
[NesterovSolve] Iter:  310 overflow: 0.239 HPWL: 4754848
[NesterovSolve] Iter:  320 overflow: 0.213 HPWL: 4869480
[NesterovSolve] Iter:  330 overflow: 0.177 HPWL: 4909836
[NesterovSolve] Iter:  340 overflow: 0.150 HPWL: 4930709
[NesterovSolve] Iter:  350 overflow: 0.121 HPWL: 4934596
[NesterovSolve] Iter:  360 overflow: 0.102 HPWL: 4961171
[NesterovSolve] Finished with Overflow: 0.099986
Elapsed time: 0:00.54[h:]min:sec. CPU time: user 5.23 sys 0.05 (967%). Peak memory: 117992KB.
