OpenROAD v2.0-17941-g7fb347f37 
Features included (+) or not (-): +GPU +GUI +Python
This program is licensed under the BSD-3 license. See the LICENSE file for details.
Components of this program may be licensed under more restrictive licenses which must be honored.
[INFO ORD-0030] Using 16 thread(s).
global_route -congestion_report_file ./reports/nangate45/gcd/base/congestion.rpt -congestion_iterations 30 -congestion_report_iter_step 5 -verbose
[INFO GRT-0020] Min routing layer: metal2
[INFO GRT-0021] Max routing layer: metal10
[INFO GRT-0022] Global adjustment: 0%
[INFO GRT-0023] Grid origin: (0, 0)
[INFO GRT-0043] No OR_DEFAULT vias defined.
[INFO GRT-0088] Layer metal1  Track-Pitch = 0.1400  line-2-Via Pitch: 0.1350
[INFO GRT-0088] Layer metal2  Track-Pitch = 0.1900  line-2-Via Pitch: 0.1400
[INFO GRT-0088] Layer metal3  Track-Pitch = 0.1400  line-2-Via Pitch: 0.1400
[INFO GRT-0088] Layer metal4  Track-Pitch = 0.2800  line-2-Via Pitch: 0.2800
[INFO GRT-0088] Layer metal5  Track-Pitch = 0.2800  line-2-Via Pitch: 0.2800
[INFO GRT-0088] Layer metal6  Track-Pitch = 0.2800  line-2-Via Pitch: 0.2800
[INFO GRT-0088] Layer metal7  Track-Pitch = 0.8000  line-2-Via Pitch: 0.8000
[INFO GRT-0088] Layer metal8  Track-Pitch = 0.8000  line-2-Via Pitch: 0.8000
[INFO GRT-0088] Layer metal9  Track-Pitch = 1.6000  line-2-Via Pitch: 1.6000
[INFO GRT-0088] Layer metal10 Track-Pitch = 1.6000  line-2-Via Pitch: 1.6000
[INFO GRT-0019] Found 6 clock nets.
[INFO GRT-0001] Minimum degree: 2
[INFO GRT-0002] Maximum degree: 12
[INFO GRT-0003] Macros: 0
[INFO GRT-0043] No OR_DEFAULT vias defined.
[INFO GRT-0004] Blockages: 0

[INFO GRT-0053] Routing resources analysis:
          Routing      Original      Derated      Resource
Layer     Direction    Resources     Resources    Reduction (%)
---------------------------------------------------------------
metal1     Horizontal          0             0          0.00%
metal2     Vertical         4420          1891          57.22%
metal3     Horizontal       6040          2679          55.65%
metal4     Vertical         2820          1845          34.57%
metal5     Horizontal       2820          1919          31.95%
metal6     Vertical         2820          1919          31.95%
metal7     Horizontal        820           399          51.34%
metal8     Vertical          820           399          51.34%
metal9     Horizontal        400           361          9.75%
metal10    Vertical          400           361          9.75%
---------------------------------------------------------------

[INFO GRT-0197] Via related to pin nodes: 3389
[INFO GRT-0198] Via related Steiner nodes: 53
[INFO GRT-0199] Via filling finished.
[INFO GRT-0111] Final number of vias: 4247
[INFO GRT-0112] Final usage 3D: 14728

[INFO GRT-0096] Final congestion report:
Layer         Resource        Demand        Usage (%)    Max H / Max V / Total Overflow
---------------------------------------------------------------------------------------
metal1               0             0            0.00%             0 /  0 /  0
metal2            1891           772           40.82%             0 /  0 /  0
metal3            2679           907           33.86%             0 /  0 /  0
metal4            1845           169            9.16%             0 /  0 /  0
metal5            1919           129            6.72%             0 /  0 /  0
metal6            1919            10            0.52%             0 /  0 /  0
metal7             399             0            0.00%             0 /  0 /  0
metal8             399             0            0.00%             0 /  0 /  0
metal9             361             0            0.00%             0 /  0 /  0
metal10            361             0            0.00%             0 /  0 /  0
---------------------------------------------------------------------------------------
Total            11773          1987           16.88%             0 /  0 /  0

[INFO GRT-0018] Total wirelength: 6843 um
[INFO GRT-0014] Routed nets: 645
Perform buffer insertion and gate resizing...
repair_design 
[INFO RSZ-0058] Using max wire length 640um.
Placement Analysis
---------------------------------
total displacement          0.0 u
average displacement        0.0 u
max displacement            0.0 u
original HPWL            3789.3 u
legalized HPWL           3789.3 u
delta HPWL                    0 %

Repair setup and hold violations...
repair_timing -verbose -setup_margin 0 -hold_margin 0 -repair_tns 100
[INFO RSZ-0094] Found 33 endpoints with setup violations.
[INFO RSZ-0099] Repairing 33 out of 33 (100.00%) violating endpoints...
   Iter   | Removed | Resized | Inserted | Cloned |  Pin  |    WNS   |   TNS      |  Viol  | Worst
          | Buffers |  Gates  | Buffers  |  Gates | Swaps |          |            | Endpts | Endpt
---------------------------------------------------------------------------------------------------
        0 |       0 |       0 |        0 |      0 |     0 |   -0.059 |       -0.6 |     33 | resp_msg[15]
       10 |       0 |       3 |        6 |      0 |     3 |   -0.064 |       -0.6 |     33 | resp_msg[13]
       20 |       0 |      12 |        6 |      0 |     4 |   -0.062 |       -0.6 |     33 | resp_msg[13]
       29 |       0 |       3 |        6 |      0 |     0 |   -0.058 |       -0.6 |     33 | resp_msg[15]
       30 |       0 |       3 |        6 |      0 |     0 |   -0.058 |       -0.6 |     33 | resp_msg[15]
       40 |       0 |      13 |        6 |      0 |     0 |   -0.068 |       -0.6 |     33 | resp_msg[15]
       46 |       0 |       6 |        6 |      0 |     0 |   -0.058 |       -0.6 |     33 | resp_msg[15]
       50 |       0 |       8 |        6 |      0 |     1 |   -0.060 |       -0.6 |     33 | resp_msg[15]
       60 |       0 |      16 |        6 |      0 |     3 |   -0.060 |       -0.7 |     33 | resp_msg[15]
       66 |       0 |       9 |        7 |      0 |     0 |   -0.058 |       -0.6 |     33 | resp_msg[15]
       70 |       0 |      12 |        7 |      0 |     0 |   -0.061 |       -0.6 |     33 | resp_msg[15]
       80 |       0 |      18 |        7 |      0 |     4 |   -0.063 |       -0.7 |     33 | resp_msg[15]
       90 |       0 |      27 |        7 |      0 |     5 |   -0.063 |       -0.7 |     33 | resp_msg[15]
      100 |       0 |      35 |        7 |      0 |     7 |   -0.063 |       -0.8 |     33 | resp_msg[15]
      102 |       0 |      15 |        7 |      0 |     0 |   -0.058 |       -0.6 |     33 | resp_msg[15]
      110 |       0 |      17 |        9 |      0 |     4 |   -0.058 |       -1.1 |     33 | resp_msg[15]
      120 |       0 |      24 |        9 |      0 |     7 |   -0.061 |       -1.1 |     33 | resp_msg[15]
      123 |       0 |      19 |        9 |      0 |     2 |   -0.058 |       -1.1 |     33 | resp_msg[15]
      130 |       0 |      24 |        9 |      0 |     3 |   -0.058 |       -1.1 |     33 | resp_msg[15]
      136 |       0 |      23 |        9 |      0 |     2 |   -0.058 |       -1.1 |     33 | resp_msg[15]
      140 |       0 |      25 |        9 |      0 |     3 |   -0.058 |       -1.2 |     33 | resp_msg[15]
      150 |       0 |      32 |       11 |      0 |     5 |   -0.058 |       -1.3 |     33 | resp_msg[15]
      150 |       0 |      27 |       11 |      0 |     3 |   -0.058 |       -1.2 |     33 | resp_msg[15]
      160 |       2 |      32 |       11 |      0 |     5 |   -0.058 |       -1.2 |     33 | resp_msg[15]
      169 |       3 |      39 |       11 |      0 |     6 |   -0.058 |       -0.6 |     31 | resp_msg[15]
      170 |       3 |      39 |       11 |      0 |     6 |   -0.058 |       -0.6 |     31 | resp_msg[15]
      177 |       3 |      40 |       12 |      0 |     6 |   -0.058 |       -0.6 |     31 | resp_msg[15]
      180 |       3 |      41 |       12 |      0 |     7 |   -0.058 |       -0.6 |     31 | resp_msg[15]
      189 |       3 |      44 |       16 |      0 |     7 |   -0.058 |       -0.6 |     31 | resp_msg[15]
      190 |       3 |      44 |       16 |      0 |     7 |   -0.058 |       -0.6 |     31 | resp_msg[15]
      197 |       3 |      48 |       16 |      0 |     8 |   -0.058 |       -0.7 |     31 | resp_msg[15]
      200 |       3 |      49 |       16 |      0 |     9 |   -0.058 |       -0.8 |     31 | resp_msg[15]
      209 |       3 |      48 |       16 |      0 |     8 |   -0.058 |       -0.7 |     31 | resp_msg[15]
      210 |       3 |      48 |       16 |      0 |     8 |   -0.058 |       -0.7 |     31 | resp_msg[15]
      220 |       3 |      53 |       18 |      0 |    12 |   -0.058 |       -0.7 |     31 | resp_msg[15]
      223 |       3 |      55 |       18 |      0 |    12 |   -0.058 |       -0.7 |     31 | resp_msg[15]
      230 |       3 |      59 |       18 |      0 |    14 |   -0.058 |       -0.7 |     31 | resp_msg[15]
      230 |       3 |      58 |       18 |      0 |    14 |   -0.058 |       -0.7 |     31 | resp_msg[15]
      237 |       3 |      59 |       18 |      0 |    14 |   -0.058 |       -0.8 |     31 | resp_msg[15]
      240 |       3 |      60 |       18 |      0 |    15 |   -0.059 |       -0.8 |     31 | resp_msg[14]
      244 |       3 |      60 |       18 |      0 |    14 |   -0.058 |       -0.8 |     31 | resp_msg[15]
      250 |       3 |      63 |       18 |      0 |    16 |   -0.060 |       -0.8 |     31 | resp_msg[15]
      251 |       3 |      60 |       18 |      0 |    14 |   -0.058 |       -0.8 |     31 | resp_msg[15]
      260 |       3 |      65 |       21 |      1 |    15 |   -0.058 |       -0.8 |     31 | resp_msg[15]
      260 |       3 |      63 |       19 |      1 |    15 |   -0.058 |       -0.8 |     31 | resp_msg[15]
      265 |       3 |      66 |       19 |      1 |    15 |   -0.058 |       -0.8 |     31 | resp_msg[15]
      269 |       3 |      69 |       19 |      1 |    15 |   -0.058 |       -0.8 |     31 | resp_msg[15]
      270 |       3 |      69 |       19 |      1 |    15 |   -0.058 |       -0.8 |     31 | resp_msg[15]
      274 |       3 |      72 |       19 |      1 |    15 |   -0.058 |       -0.8 |     31 | resp_msg[15]
      280 |       3 |      76 |       19 |      2 |    15 |   -0.058 |       -0.9 |     31 | resp_msg[15]
      282 |       3 |      75 |       19 |      1 |    15 |   -0.058 |       -0.8 |     31 | resp_msg[15]
      287 |       3 |      79 |       19 |      1 |    15 |   -0.058 |       -0.9 |     31 | resp_msg[15]
      290 |       3 |      80 |       19 |      2 |    15 |   -0.058 |       -0.9 |     31 | resp_msg[15]
      293 |       3 |      81 |       19 |      1 |    15 |   -0.058 |       -0.9 |     31 | resp_msg[15]
      297 |       3 |      84 |       19 |      1 |    15 |   -0.058 |       -0.9 |     31 | resp_msg[15]
      300 |       3 |      84 |       19 |      3 |    15 |   -0.058 |       -0.9 |     31 | resp_msg[15]
      304 |       3 |      87 |       19 |      3 |    15 |   -0.058 |       -1.0 |     31 | resp_msg[15]
      309 |       3 |      91 |       19 |      3 |    15 |   -0.058 |       -1.0 |     31 | resp_msg[15]
      310 |       3 |      91 |       19 |      3 |    15 |   -0.058 |       -1.0 |     31 | resp_msg[15]
      320 |       3 |      97 |       21 |      3 |    18 |   -0.058 |       -1.1 |     31 | resp_msg[9]
      324 |       3 |      95 |       20 |      3 |    17 |   -0.058 |       -1.0 |     31 | resp_msg[15]
      328 |       3 |      96 |       20 |      3 |    17 |   -0.058 |       -1.0 |     31 | resp_msg[15]
      330 |       3 |      97 |       20 |      3 |    17 |   -0.058 |       -1.0 |     31 | resp_msg[15]
      335 |       3 |      99 |       20 |      3 |    17 |   -0.058 |       -1.0 |     31 | resp_msg[15]
      340 |       3 |     103 |       20 |      3 |    17 |   -0.060 |       -1.0 |     31 | resp_msg[14]
      340 |       3 |     102 |       20 |      3 |    17 |   -0.058 |       -1.0 |     31 | resp_msg[15]
      344 |       3 |     105 |       20 |      3 |    17 |   -0.058 |       -1.0 |     31 | resp_msg[15]
      347 |       3 |     107 |       20 |      3 |    17 |   -0.058 |       -1.0 |     29 | resp_msg[15]
    final |       3 |     107 |       20 |      3 |    17 |   -0.058 |       -1.0 |     34 | resp_msg[15]
---------------------------------------------------------------------------------------------------
[INFO RSZ-0059] Removed 3 buffers.
[INFO RSZ-0040] Inserted 8 buffers.
[INFO RSZ-0041] Resized 107 instances.
[INFO RSZ-0043] Swapped pins on 17 instances.
[INFO RSZ-0049] Cloned 3 instances.
[WARNING RSZ-0062] Unable to repair all setup violations.
[INFO RSZ-0033] No hold violations found.
Placement Analysis
---------------------------------
total displacement        302.6 u
average displacement        0.4 u
max displacement            6.8 u
original HPWL            3903.8 u
legalized HPWL           4139.8 u
delta HPWL                    6 %

Repair antennas...
[WARNING GRT-0246] No diode with LEF class CORE ANTENNACELL found.
[INFO ANT-0002] Found 0 net violations.
[INFO ANT-0001] Found 0 pin violations.
Estimate parasitics...
Report metrics stage 5, global route...

==========================================================================
global route report_design_area
--------------------------------------------------------------------------
Design area 911 u^2 58% utilization.
[INFO FLW-0007] clock core_clock period 0.460000
[INFO FLW-0008] Clock core_clock period 0.494
[INFO FLW-0009] Clock core_clock slack -0.060
[INFO FLW-0011] Path endpoint count 90
Elapsed time: 0:01.95[h:]min:sec. CPU time: user 2.30 sys 0.12 (124%). Peak memory: 357404KB.
