OpenROAD v2.0-17941-g7fb347f37 
Features included (+) or not (-): +GPU +GUI +Python
This program is licensed under the BSD-3 license. See the LICENSE file for details.
Components of this program may be licensed under more restrictive licenses which must be honored.
[INFO ORD-0030] Using 16 thread(s).
detailed_route -output_drc ./reports/nangate45/gcd/base/5_route_drc.rpt -output_maze ./results/nangate45/gcd/base/maze.log -bottom_routing_layer metal2 -top_routing_layer metal10 -droute_end_iter 64 -verbose 1 -drc_report_iter_step 5
[INFO DRT-0149] Reading tech and libs.

Units:                2000
Number of layers:     21
Number of macros:     135
Number of vias:       30
Number of viarulegen: 19

[INFO DRT-0150] Reading design.

Design:                   gcd
Die area:                 ( 0 0 ) ( 84630 84630 )
Number of track patterns: 20
Number of DEF vias:       0
Number of components:     675
Number of terminals:      54
Number of snets:          2
Number of nets:           687

[INFO DRT-0167] List of default vias:
  Layer via2
    default via: via2_5
  Layer via3
    default via: via3_2
  Layer via4
    default via: via4_0
  Layer via5
    default via: via5_0
  Layer via6
    default via: via6_0
  Layer via7
    default via: via7_0
  Layer via8
    default via: via8_0
  Layer via9
    default via: via9_0
[INFO DRT-0162] Library cell analysis.
[INFO DRT-0163] Instance analysis.
[INFO DRT-0164] Number of unique instances = 70.
[INFO DRT-0168] Init region query.
[INFO DRT-0024]   Complete active.
[INFO DRT-0024]   Complete Fr_VIA.
[INFO DRT-0024]   Complete metal1.
[INFO DRT-0024]   Complete via1.
[INFO DRT-0024]   Complete metal2.
[INFO DRT-0024]   Complete via2.
[INFO DRT-0024]   Complete metal3.
[INFO DRT-0024]   Complete via3.
[INFO DRT-0024]   Complete metal4.
[INFO DRT-0024]   Complete via4.
[INFO DRT-0024]   Complete metal5.
[INFO DRT-0024]   Complete via5.
[INFO DRT-0024]   Complete metal6.
[INFO DRT-0024]   Complete via6.
[INFO DRT-0024]   Complete metal7.
[INFO DRT-0024]   Complete via7.
[INFO DRT-0024]   Complete metal8.
[INFO DRT-0024]   Complete via8.
[INFO DRT-0024]   Complete metal9.
[INFO DRT-0024]   Complete via9.
[INFO DRT-0024]   Complete metal10.
[INFO DRT-0033] active shape region query size = 0.
[INFO DRT-0033] FR_VIA shape region query size = 0.
[INFO DRT-0033] metal1 shape region query size = 10091.
[INFO DRT-0033] via1 shape region query size = 87.
[INFO DRT-0033] metal2 shape region query size = 58.
[INFO DRT-0033] via2 shape region query size = 87.
[INFO DRT-0033] metal3 shape region query size = 58.
[INFO DRT-0033] via3 shape region query size = 87.
[INFO DRT-0033] metal4 shape region query size = 31.
[INFO DRT-0033] via4 shape region query size = 0.
[INFO DRT-0033] metal5 shape region query size = 24.
[INFO DRT-0033] via5 shape region query size = 0.
[INFO DRT-0033] metal6 shape region query size = 30.
[INFO DRT-0033] via6 shape region query size = 0.
[INFO DRT-0033] metal7 shape region query size = 0.
[INFO DRT-0033] via7 shape region query size = 0.
[INFO DRT-0033] metal8 shape region query size = 0.
[INFO DRT-0033] via8 shape region query size = 0.
[INFO DRT-0033] metal9 shape region query size = 0.
[INFO DRT-0033] via9 shape region query size = 0.
[INFO DRT-0033] metal10 shape region query size = 0.
[INFO DRT-0165] Start pin access.
[INFO DRT-0078]   Complete 353 pins.
[INFO DRT-0081]   Complete 70 unique inst patterns.
[INFO DRT-0084]   Complete 206 groups.
#scanned instances     = 675
#unique  instances     = 70
#stdCellGenAp          = 1983
#stdCellValidPlanarAp  = 0
#stdCellValidViaAp     = 1389
#stdCellPinNoAp        = 0
#stdCellPinCnt         = 1801
#instTermValidViaApCnt = 0
#macroGenAp            = 0
#macroValidPlanarAp    = 0
#macroValidViaAp       = 0
#macroNoAp             = 0
[INFO DRT-0166] Complete pin access.
[INFO DRT-0267] cpu time = 00:00:14, elapsed time = 00:00:01, memory = 208.21 (MB), peak = 208.21 (MB)

[INFO DRT-0157] Number of guides:     4707

[INFO DRT-0169] Post process guides.
[INFO DRT-0176] GCELLGRID X 0 DO 20 STEP 4200 ;
[INFO DRT-0177] GCELLGRID Y 0 DO 20 STEP 4200 ;
[INFO DRT-0028]   Complete active.
[INFO DRT-0028]   Complete Fr_VIA.
[INFO DRT-0028]   Complete metal1.
[INFO DRT-0028]   Complete via1.
[INFO DRT-0028]   Complete metal2.
[INFO DRT-0028]   Complete via2.
[INFO DRT-0028]   Complete metal3.
[INFO DRT-0028]   Complete via3.
[INFO DRT-0028]   Complete metal4.
[INFO DRT-0028]   Complete via4.
[INFO DRT-0028]   Complete metal5.
[INFO DRT-0028]   Complete via5.
[INFO DRT-0028]   Complete metal6.
[INFO DRT-0028]   Complete via6.
[INFO DRT-0028]   Complete metal7.
[INFO DRT-0028]   Complete via7.
[INFO DRT-0028]   Complete metal8.
[INFO DRT-0028]   Complete via8.
[INFO DRT-0028]   Complete metal9.
[INFO DRT-0028]   Complete via9.
[INFO DRT-0028]   Complete metal10.
[INFO DRT-0178] Init guide query.
[INFO DRT-0035]   Complete active (guide).
[INFO DRT-0035]   Complete Fr_VIA (guide).
[INFO DRT-0035]   Complete metal1 (guide).
[INFO DRT-0035]   Complete via1 (guide).
[INFO DRT-0035]   Complete metal2 (guide).
[INFO DRT-0035]   Complete via2 (guide).
[INFO DRT-0035]   Complete metal3 (guide).
[INFO DRT-0035]   Complete via3 (guide).
[INFO DRT-0035]   Complete metal4 (guide).
[INFO DRT-0035]   Complete via4 (guide).
[INFO DRT-0035]   Complete metal5 (guide).
[INFO DRT-0035]   Complete via5 (guide).
[INFO DRT-0035]   Complete metal6 (guide).
[INFO DRT-0035]   Complete via6 (guide).
[INFO DRT-0035]   Complete metal7 (guide).
[INFO DRT-0035]   Complete via7 (guide).
[INFO DRT-0035]   Complete metal8 (guide).
[INFO DRT-0035]   Complete via8 (guide).
[INFO DRT-0035]   Complete metal9 (guide).
[INFO DRT-0035]   Complete via9 (guide).
[INFO DRT-0035]   Complete metal10 (guide).
[INFO DRT-0036] active guide region query size = 0.
[INFO DRT-0036] FR_VIA guide region query size = 0.
[INFO DRT-0036] metal1 guide region query size = 1527.
[INFO DRT-0036] via1 guide region query size = 0.
[INFO DRT-0036] metal2 guide region query size = 1191.
[INFO DRT-0036] via2 guide region query size = 0.
[INFO DRT-0036] metal3 guide region query size = 607.
[INFO DRT-0036] via3 guide region query size = 0.
[INFO DRT-0036] metal4 guide region query size = 141.
[INFO DRT-0036] via4 guide region query size = 0.
[INFO DRT-0036] metal5 guide region query size = 82.
[INFO DRT-0036] via5 guide region query size = 0.
[INFO DRT-0036] metal6 guide region query size = 34.
[INFO DRT-0036] via6 guide region query size = 0.
[INFO DRT-0036] metal7 guide region query size = 1.
[INFO DRT-0036] via7 guide region query size = 0.
[INFO DRT-0036] metal8 guide region query size = 0.
[INFO DRT-0036] via8 guide region query size = 0.
[INFO DRT-0036] metal9 guide region query size = 0.
[INFO DRT-0036] via9 guide region query size = 0.
[INFO DRT-0036] metal10 guide region query size = 0.
[INFO DRT-0179] Init gr pin query.
[INFO DRT-0267] cpu time = 00:00:00, elapsed time = 00:00:00, memory = 209.51 (MB), peak = 209.51 (MB)
[INFO DRT-0245] skipped writing guide updates to database.
[INFO DRT-0185] Post process initialize RPin region query.
[INFO DRT-0181] Start track assignment.
[INFO DRT-0184] Done with 1366 vertical wires in 1 frboxes and 2217 horizontal wires in 1 frboxes.
[INFO DRT-0186] Done with 351 vertical wires in 1 frboxes and 453 horizontal wires in 1 frboxes.
[INFO DRT-0182] Complete track assignment.
[INFO DRT-0267] cpu time = 00:00:00, elapsed time = 00:00:00, memory = 221.10 (MB), peak = 221.10 (MB)
[INFO DRT-0187] Start routing data preparation.
[INFO DRT-0267] cpu time = 00:00:00, elapsed time = 00:00:00, memory = 221.41 (MB), peak = 221.41 (MB)
[INFO DRT-0194] Start detail routing.
[INFO DRT-0195] Start 0th optimization iteration.
    Completing 10% with 0 violations.
    elapsed time = 00:00:00, memory = 239.18 (MB).
    Completing 20% with 0 violations.
    elapsed time = 00:00:00, memory = 238.71 (MB).
    Completing 30% with 0 violations.
    elapsed time = 00:00:00, memory = 236.65 (MB).
    Completing 40% with 0 violations.
    elapsed time = 00:00:00, memory = 232.74 (MB).
    Completing 50% with 6 violations.
    elapsed time = 00:00:00, memory = 253.54 (MB).
    Completing 60% with 6 violations.
    elapsed time = 00:00:00, memory = 249.89 (MB).
    Completing 70% with 19 violations.
    elapsed time = 00:00:00, memory = 266.51 (MB).
    Completing 80% with 19 violations.
    elapsed time = 00:00:01, memory = 259.50 (MB).
    Completing 90% with 22 violations.
    elapsed time = 00:00:01, memory = 270.16 (MB).
    Completing 100% with 51 violations.
    elapsed time = 00:00:01, memory = 270.16 (MB).
[INFO DRT-0199]   Number of violations = 56.
Viol/Layer      metal2 metal3 metal4
Metal Spacing        1      1      0
Recheck              3      1      1
Short               44      5      0
[INFO DRT-0267] cpu time = 00:00:03, elapsed time = 00:00:02, memory = 822.54 (MB), peak = 822.54 (MB)
Total wire length = 4595 um.
Total wire length on LAYER metal1 = 0 um.
Total wire length on LAYER metal2 = 1776 um.
Total wire length on LAYER metal3 = 2055 um.
Total wire length on LAYER metal4 = 444 um.
Total wire length on LAYER metal5 = 268 um.
Total wire length on LAYER metal6 = 49 um.
Total wire length on LAYER metal7 = 0 um.
Total wire length on LAYER metal8 = 0 um.
Total wire length on LAYER metal9 = 0 um.
Total wire length on LAYER metal10 = 0 um.
Total number of vias = 3670.
Up-via summary (total 3670):

---------------
 active       0
 metal1    1786
 metal2    1556
 metal3     191
 metal4     103
 metal5      34
 metal6       0
 metal7       0
 metal8       0
 metal9       0
---------------
           3670


[INFO DRT-0195] Start 1st optimization iteration.
    Completing 10% with 56 violations.
    elapsed time = 00:00:00, memory = 846.50 (MB).
    Completing 20% with 56 violations.
    elapsed time = 00:00:00, memory = 850.37 (MB).
    Completing 30% with 50 violations.
    elapsed time = 00:00:00, memory = 851.71 (MB).
    Completing 40% with 50 violations.
    elapsed time = 00:00:00, memory = 864.85 (MB).
    Completing 50% with 50 violations.
    elapsed time = 00:00:00, memory = 876.12 (MB).
    Completing 60% with 25 violations.
    elapsed time = 00:00:00, memory = 876.38 (MB).
    Completing 70% with 25 violations.
    elapsed time = 00:00:01, memory = 900.54 (MB).
    Completing 80% with 24 violations.
    elapsed time = 00:00:01, memory = 900.54 (MB).
    Completing 90% with 24 violations.
    elapsed time = 00:00:01, memory = 909.63 (MB).
    Completing 100% with 6 violations.
    elapsed time = 00:00:01, memory = 909.63 (MB).
[INFO DRT-0199]   Number of violations = 6.
Viol/Layer      metal2 metal3
Metal Spacing        1      0
Short                4      1
[INFO DRT-0267] cpu time = 00:00:03, elapsed time = 00:00:02, memory = 910.66 (MB), peak = 910.66 (MB)
Total wire length = 4530 um.
Total wire length on LAYER metal1 = 0 um.
Total wire length on LAYER metal2 = 1747 um.
Total wire length on LAYER metal3 = 2032 um.
Total wire length on LAYER metal4 = 432 um.
Total wire length on LAYER metal5 = 266 um.
Total wire length on LAYER metal6 = 50 um.
Total wire length on LAYER metal7 = 0 um.
Total wire length on LAYER metal8 = 0 um.
Total wire length on LAYER metal9 = 0 um.
Total wire length on LAYER metal10 = 0 um.
Total number of vias = 3672.
Up-via summary (total 3672):

---------------
 active       0
 metal1    1793
 metal2    1557
 metal3     187
 metal4     101
 metal5      34
 metal6       0
 metal7       0
 metal8       0
 metal9       0
---------------
           3672


[INFO DRT-0195] Start 2nd optimization iteration.
    Completing 10% with 6 violations.
    elapsed time = 00:00:00, memory = 910.66 (MB).
    Completing 20% with 6 violations.
    elapsed time = 00:00:00, memory = 926.12 (MB).
    Completing 30% with 5 violations.
    elapsed time = 00:00:00, memory = 926.12 (MB).
    Completing 40% with 5 violations.
    elapsed time = 00:00:00, memory = 926.12 (MB).
    Completing 50% with 5 violations.
    elapsed time = 00:00:01, memory = 926.24 (MB).
    Completing 60% with 4 violations.
    elapsed time = 00:00:01, memory = 926.24 (MB).
    Completing 70% with 4 violations.
    elapsed time = 00:00:01, memory = 926.24 (MB).
    Completing 80% with 3 violations.
    elapsed time = 00:00:01, memory = 926.24 (MB).
    Completing 90% with 3 violations.
    elapsed time = 00:00:01, memory = 926.24 (MB).
    Completing 100% with 2 violations.
    elapsed time = 00:00:01, memory = 926.24 (MB).
[INFO DRT-0199]   Number of violations = 2.
Viol/Layer      metal2
Short                2
[INFO DRT-0267] cpu time = 00:00:02, elapsed time = 00:00:01, memory = 926.50 (MB), peak = 937.19 (MB)
Total wire length = 4527 um.
Total wire length on LAYER metal1 = 0 um.
Total wire length on LAYER metal2 = 1751 um.
Total wire length on LAYER metal3 = 2027 um.
Total wire length on LAYER metal4 = 429 um.
Total wire length on LAYER metal5 = 267 um.
Total wire length on LAYER metal6 = 50 um.
Total wire length on LAYER metal7 = 0 um.
Total wire length on LAYER metal8 = 0 um.
Total wire length on LAYER metal9 = 0 um.
Total wire length on LAYER metal10 = 0 um.
Total number of vias = 3678.
Up-via summary (total 3678):

---------------
 active       0
 metal1    1796
 metal2    1562
 metal3     185
 metal4     101
 metal5      34
 metal6       0
 metal7       0
 metal8       0
 metal9       0
---------------
           3678


[INFO DRT-0195] Start 3rd stubborn tiles iteration.
    Completing 10% with 2 violations.
    elapsed time = 00:00:00, memory = 1037.23 (MB).
    Completing 20% with 2 violations.
    elapsed time = 00:00:00, memory = 1078.77 (MB).
    Completing 30% with 2 violations.
    elapsed time = 00:00:01, memory = 1128.76 (MB).
    Completing 40% with 2 violations.
    elapsed time = 00:00:01, memory = 1139.85 (MB).
    Completing 50% with 2 violations.
    elapsed time = 00:00:01, memory = 1150.68 (MB).
    Completing 60% with 1 violations.
    elapsed time = 00:00:02, memory = 1225.72 (MB).
    Completing 70% with 1 violations.
    elapsed time = 00:00:02, memory = 1233.13 (MB).
    Completing 80% with 1 violations.
    elapsed time = 00:00:03, memory = 1257.55 (MB).
    Completing 90% with 1 violations.
    elapsed time = 00:00:03, memory = 1268.57 (MB).
    Completing 100% with 0 violations.
    elapsed time = 00:00:04, memory = 1280.55 (MB).
[INFO DRT-0199]   Number of violations = 0.
[INFO DRT-0267] cpu time = 00:00:59, elapsed time = 00:00:04, memory = 1280.55 (MB), peak = 1280.55 (MB)
Total wire length = 4526 um.
Total wire length on LAYER metal1 = 0 um.
Total wire length on LAYER metal2 = 1744 um.
Total wire length on LAYER metal3 = 2031 um.
Total wire length on LAYER metal4 = 432 um.
Total wire length on LAYER metal5 = 267 um.
Total wire length on LAYER metal6 = 50 um.
Total wire length on LAYER metal7 = 0 um.
Total wire length on LAYER metal8 = 0 um.
Total wire length on LAYER metal9 = 0 um.
Total wire length on LAYER metal10 = 0 um.
Total number of vias = 3688.
Up-via summary (total 3688):

---------------
 active       0
 metal1    1796
 metal2    1570
 metal3     187
 metal4     101
 metal5      34
 metal6       0
 metal7       0
 metal8       0
 metal9       0
---------------
           3688


[INFO DRT-0198] Complete detail routing.
Total wire length = 4526 um.
Total wire length on LAYER metal1 = 0 um.
Total wire length on LAYER metal2 = 1744 um.
Total wire length on LAYER metal3 = 2031 um.
Total wire length on LAYER metal4 = 432 um.
Total wire length on LAYER metal5 = 267 um.
Total wire length on LAYER metal6 = 50 um.
Total wire length on LAYER metal7 = 0 um.
Total wire length on LAYER metal8 = 0 um.
Total wire length on LAYER metal9 = 0 um.
Total wire length on LAYER metal10 = 0 um.
Total number of vias = 3688.
Up-via summary (total 3688):

---------------
 active       0
 metal1    1796
 metal2    1570
 metal3     187
 metal4     101
 metal5      34
 metal6       0
 metal7       0
 metal8       0
 metal9       0
---------------
           3688


[INFO DRT-0267] cpu time = 00:01:08, elapsed time = 00:00:11, memory = 1280.55 (MB), peak = 1280.55 (MB)

[INFO DRT-0180] Post processing.
[WARNING GRT-0246] No diode with LEF class CORE ANTENNACELL found.
[INFO ANT-0002] Found 0 net violations.
[INFO ANT-0001] Found 0 pin violations.
[INFO ANT-0002] Found 0 net violations.
[INFO ANT-0001] Found 0 pin violations.
Elapsed time: 0:12.61[h:]min:sec. CPU time: user 83.22 sys 1.22 (669%). Peak memory: 1312152KB.
