OpenROAD v2.0-17941-g7fb347f37 
Features included (+) or not (-): +GPU +GUI +Python
This program is licensed under the BSD-3 license. See the LICENSE file for details.
Components of this program may be licensed under more restrictive licenses which must be honored.
[INFO ORD-0030] Using 16 thread(s).
[INFO GPL-0002] DBU: 2000
[INFO GPL-0003] SiteSize: (  0.190  1.400 ) um
[INFO GPL-0004] CoreBBox: (  1.140  1.400 ) ( 33.820 33.600 ) um
[INFO GPL-0006] NumInstances:               549
[INFO GPL-0007] NumPlaceInstances:          503
[INFO GPL-0008] NumFixedInstances:           46
[INFO GPL-0009] NumDummyInstances:            0
[INFO GPL-0010] NumNets:                    574
[INFO GPL-0011] NumPins:                   1626
[INFO GPL-0012] DieBBox:  (  0.000  0.000 ) ( 34.915 34.915 ) um
[INFO GPL-0013] CoreBBox: (  1.140  1.400 ) ( 33.820 33.600 ) um
[INFO GPL-0016] CoreArea:              1052.296 um^2
[INFO GPL-0017] NonPlaceInstsArea:       12.236 um^2
[INFO GPL-0018] PlaceInstsArea:         650.104 um^2
[INFO GPL-0019] Util:                    62.506 %
[INFO GPL-0020] StdInstsArea:           650.104 um^2
[INFO GPL-0021] MacroInstsArea:           0.000 um^2
[INFO GPL-0031] FillerInit:NumGCells:       842
[INFO GPL-0032] FillerInit:NumGNets:        574
[INFO GPL-0033] FillerInit:NumGPins:       1626
[INFO GPL-0023] TargetDensity:            1.000
[INFO GPL-0024] AvrgPlaceInstArea:        1.292 um^2
[INFO GPL-0025] IdealBinArea:             1.292 um^2
[INFO GPL-0026] IdealBinCnt:                814
[INFO GPL-0027] TotalBinArea:          1052.296 um^2
[INFO GPL-0028] BinCnt:        16     16
[INFO GPL-0029] BinSize: (  2.042  2.013 )
[INFO GPL-0030] NumBins: 256
Placement density is 0.7100511169433594, computed from PLACE_DENSITY_LB_ADDON 0.20 and lower bound 0.6250638961791992
global_placement -skip_io -density 0.7100511169433594 -pad_left 0 -pad_right 0
[INFO GPL-0002] DBU: 2000
[INFO GPL-0003] SiteSize: (  0.190  1.400 ) um
[INFO GPL-0004] CoreBBox: (  1.140  1.400 ) ( 33.820 33.600 ) um
[INFO GPL-0006] NumInstances:               549
[INFO GPL-0007] NumPlaceInstances:          503
[INFO GPL-0008] NumFixedInstances:           46
[INFO GPL-0009] NumDummyInstances:            0
[INFO GPL-0010] NumNets:                    574
[INFO GPL-0011] NumPins:                   1572
[INFO GPL-0012] DieBBox:  (  0.000  0.000 ) ( 34.915 34.915 ) um
[INFO GPL-0013] CoreBBox: (  1.140  1.400 ) ( 33.820 33.600 ) um
[INFO GPL-0016] CoreArea:              1052.296 um^2
[INFO GPL-0017] NonPlaceInstsArea:       12.236 um^2
[INFO GPL-0018] PlaceInstsArea:         650.104 um^2
[INFO GPL-0019] Util:                    62.506 %
[INFO GPL-0020] StdInstsArea:           650.104 um^2
[INFO GPL-0021] MacroInstsArea:           0.000 um^2
[INFO GPL-0031] FillerInit:NumGCells:       579
[INFO GPL-0032] FillerInit:NumGNets:        574
[INFO GPL-0033] FillerInit:NumGPins:       1572
[INFO GPL-0023] TargetDensity:            0.710
[INFO GPL-0024] AvrgPlaceInstArea:        1.292 um^2
[INFO GPL-0025] IdealBinArea:             1.820 um^2
[INFO GPL-0026] IdealBinCnt:                578
[INFO GPL-0027] TotalBinArea:          1052.296 um^2
[INFO GPL-0028] BinCnt:        16     16
[INFO GPL-0029] BinSize: (  2.042  2.013 )
[INFO GPL-0030] NumBins: 256
[NesterovSolve] Iter:    1 overflow: 0.974 HPWL: 899521
[NesterovSolve] Iter:   10 overflow: 0.979 HPWL: 458494
[NesterovSolve] Iter:   20 overflow: 0.975 HPWL: 457167
[NesterovSolve] Iter:   30 overflow: 0.975 HPWL: 456802
[NesterovSolve] Iter:   40 overflow: 0.976 HPWL: 456355
[NesterovSolve] Iter:   50 overflow: 0.976 HPWL: 456709
[NesterovSolve] Iter:   60 overflow: 0.975 HPWL: 457188
[NesterovSolve] Iter:   70 overflow: 0.975 HPWL: 457909
[NesterovSolve] Iter:   80 overflow: 0.974 HPWL: 459491
[NesterovSolve] Iter:   90 overflow: 0.973 HPWL: 462089
[NesterovSolve] Iter:  100 overflow: 0.972 HPWL: 466046
[NesterovSolve] Iter:  110 overflow: 0.972 HPWL: 472854
[NesterovSolve] Iter:  120 overflow: 0.971 HPWL: 486439
[NesterovSolve] Iter:  130 overflow: 0.964 HPWL: 523891
[NesterovSolve] Iter:  140 overflow: 0.961 HPWL: 694351
[NesterovSolve] Iter:  150 overflow: 0.915 HPWL: 1017570
[NesterovSolve] Iter:  160 overflow: 0.898 HPWL: 1267448
[NesterovSolve] Iter:  170 overflow: 0.868 HPWL: 1466769
[NesterovSolve] Iter:  180 overflow: 0.843 HPWL: 1761125
[NesterovSolve] Iter:  190 overflow: 0.802 HPWL: 1993104
[NesterovSolve] Iter:  200 overflow: 0.764 HPWL: 2290295
[NesterovSolve] Iter:  210 overflow: 0.720 HPWL: 2499072
[NesterovSolve] Iter:  220 overflow: 0.675 HPWL: 2745335
[NesterovSolve] Iter:  230 overflow: 0.625 HPWL: 2981021
[NesterovSolve] Iter:  240 overflow: 0.571 HPWL: 3220329
[NesterovSolve] Iter:  250 overflow: 0.525 HPWL: 3477203
[NesterovSolve] Iter:  260 overflow: 0.469 HPWL: 3670242
[NesterovSolve] Iter:  270 overflow: 0.413 HPWL: 3842946
[NesterovSolve] Iter:  280 overflow: 0.353 HPWL: 3978076
[NesterovSolve] Iter:  290 overflow: 0.316 HPWL: 4053809
[NesterovSolve] Iter:  300 overflow: 0.271 HPWL: 4129883
[NesterovSolve] Iter:  310 overflow: 0.237 HPWL: 4203425
[NesterovSolve] Iter:  320 overflow: 0.203 HPWL: 4267411
[NesterovSolve] Iter:  330 overflow: 0.162 HPWL: 4299567
[NesterovSolve] Iter:  340 overflow: 0.140 HPWL: 4335331
[NesterovSolve] Iter:  350 overflow: 0.121 HPWL: 4358859
[NesterovSolve] Iter:  360 overflow: 0.101 HPWL: 4377983
[NesterovSolve] Finished with Overflow: 0.099508
Elapsed time: 0:00.51[h:]min:sec. CPU time: user 4.62 sys 0.06 (913%). Peak memory: 119508KB.
