OpenROAD v2.0-17941-g7fb347f37 
Features included (+) or not (-): +GPU +GUI +Python
This program is licensed under the BSD-3 license. See the LICENSE file for details.
Components of this program may be licensed under more restrictive licenses which must be honored.
[INFO ORD-0030] Using 16 thread(s).
[INFO GPL-0002] DBU: 2000
[INFO GPL-0003] SiteSize: (  0.190  1.400 ) um
[INFO GPL-0004] CoreBBox: (  1.140  1.400 ) ( 33.820 33.600 ) um
[INFO GPL-0006] NumInstances:               549
[INFO GPL-0007] NumPlaceInstances:          503
[INFO GPL-0008] NumFixedInstances:           46
[INFO GPL-0009] NumDummyInstances:            0
[INFO GPL-0010] NumNets:                    574
[INFO GPL-0011] NumPins:                   1626
[INFO GPL-0012] DieBBox:  (  0.000  0.000 ) ( 34.915 34.915 ) um
[INFO GPL-0013] CoreBBox: (  1.140  1.400 ) ( 33.820 33.600 ) um
[INFO GPL-0016] CoreArea:              1052.296 um^2
[INFO GPL-0017] NonPlaceInstsArea:       12.236 um^2
[INFO GPL-0018] PlaceInstsArea:         650.104 um^2
[INFO GPL-0019] Util:                    62.506 %
[INFO GPL-0020] StdInstsArea:           650.104 um^2
[INFO GPL-0021] MacroInstsArea:           0.000 um^2
[INFO GPL-0031] FillerInit:NumGCells:       842
[INFO GPL-0032] FillerInit:NumGNets:        574
[INFO GPL-0033] FillerInit:NumGPins:       1626
[INFO GPL-0023] TargetDensity:            1.000
[INFO GPL-0024] AvrgPlaceInstArea:        1.292 um^2
[INFO GPL-0025] IdealBinArea:             1.292 um^2
[INFO GPL-0026] IdealBinCnt:                814
[INFO GPL-0027] TotalBinArea:          1052.296 um^2
[INFO GPL-0028] BinCnt:        16     16
[INFO GPL-0029] BinSize: (  2.042  2.013 )
[INFO GPL-0030] NumBins: 256
Placement density is 0.7100511169433594, computed from PLACE_DENSITY_LB_ADDON 0.20 and lower bound 0.6250638961791992
global_placement -density 0.7100511169433594 -pad_left 0 -pad_right 0 -routability_driven -timing_driven
[INFO GPL-0002] DBU: 2000
[INFO GPL-0003] SiteSize: (  0.190  1.400 ) um
[INFO GPL-0004] CoreBBox: (  1.140  1.400 ) ( 33.820 33.600 ) um
[INFO GPL-0006] NumInstances:               549
[INFO GPL-0007] NumPlaceInstances:          503
[INFO GPL-0008] NumFixedInstances:           46
[INFO GPL-0009] NumDummyInstances:            0
[INFO GPL-0010] NumNets:                    574
[INFO GPL-0011] NumPins:                   1626
[INFO GPL-0012] DieBBox:  (  0.000  0.000 ) ( 34.915 34.915 ) um
[INFO GPL-0013] CoreBBox: (  1.140  1.400 ) ( 33.820 33.600 ) um
[INFO GPL-0016] CoreArea:              1052.296 um^2
[INFO GPL-0017] NonPlaceInstsArea:       12.236 um^2
[INFO GPL-0018] PlaceInstsArea:         650.104 um^2
[INFO GPL-0019] Util:                    62.506 %
[INFO GPL-0020] StdInstsArea:           650.104 um^2
[INFO GPL-0021] MacroInstsArea:           0.000 um^2
[InitialPlace]  Iter: 1 CG residual: 0.00000008 HPWL: 8036125
[InitialPlace]  Iter: 2 CG residual: 0.00000006 HPWL: 5669957
[InitialPlace]  Iter: 3 CG residual: 0.00000008 HPWL: 5693463
[InitialPlace]  Iter: 4 CG residual: 0.00000009 HPWL: 5707392
[InitialPlace]  Iter: 5 CG residual: 0.00000011 HPWL: 5712974
[INFO GPL-0031] FillerInit:NumGCells:       579
[INFO GPL-0032] FillerInit:NumGNets:        574
[INFO GPL-0033] FillerInit:NumGPins:       1626
[INFO GPL-0023] TargetDensity:            0.710
[INFO GPL-0024] AvrgPlaceInstArea:        1.292 um^2
[INFO GPL-0025] IdealBinArea:             1.820 um^2
[INFO GPL-0026] IdealBinCnt:                578
[INFO GPL-0027] TotalBinArea:          1052.296 um^2
[INFO GPL-0028] BinCnt:        16     16
[INFO GPL-0029] BinSize: (  2.042  2.013 )
[INFO GPL-0030] NumBins: 256
[NesterovSolve] Iter:    1 overflow: 0.871 HPWL: 3617112
[INFO GPL-0100] Timing-driven iteration 1/6, virtual: true.
[INFO GPL-0101] Iter: 4, overflow: 0.781, keep rsz at: 0.3
[INFO GPL-0106] Timing-driven: worst slack -4.54e-12
[INFO GPL-0103] Timing-driven: weighted 56 nets.
[NesterovSolve] Iter:   10 overflow: 0.721 HPWL: 4177457
[NesterovSolve] Iter:   20 overflow: 0.688 HPWL: 4223355
[NesterovSolve] Iter:   30 overflow: 0.691 HPWL: 4214793
[NesterovSolve] Iter:   40 overflow: 0.692 HPWL: 4217683
[NesterovSolve] Iter:   50 overflow: 0.690 HPWL: 4224455
[NesterovSolve] Iter:   60 overflow: 0.690 HPWL: 4217163
[NesterovSolve] Iter:   70 overflow: 0.690 HPWL: 4211474
[NesterovSolve] Iter:   80 overflow: 0.690 HPWL: 4213091
[NesterovSolve] Iter:   90 overflow: 0.690 HPWL: 4216576
[NesterovSolve] Iter:  100 overflow: 0.689 HPWL: 4219030
[NesterovSolve] Iter:  110 overflow: 0.689 HPWL: 4220622
[NesterovSolve] Iter:  120 overflow: 0.688 HPWL: 4222218
[NesterovSolve] Iter:  130 overflow: 0.687 HPWL: 4225625
[NesterovSolve] Iter:  140 overflow: 0.685 HPWL: 4233907
[NesterovSolve] Iter:  150 overflow: 0.682 HPWL: 4247019
[NesterovSolve] Iter:  160 overflow: 0.677 HPWL: 4263326
[NesterovSolve] Iter:  170 overflow: 0.668 HPWL: 4286443
[NesterovSolve] Iter:  180 overflow: 0.656 HPWL: 4319482
[NesterovSolve] Iter:  190 overflow: 0.640 HPWL: 4365270
[INFO GPL-0100] Timing-driven iteration 2/6, virtual: true.
[INFO GPL-0101] Iter: 192, overflow: 0.634, keep rsz at: 0.3
[INFO GPL-0106] Timing-driven: worst slack -5.9e-12
[INFO GPL-0103] Timing-driven: weighted 56 nets.
[NesterovSolve] Iter:  200 overflow: 0.618 HPWL: 4428233
[NesterovSolve] Snapshot saved at iter = 207
[NesterovSolve] Iter:  210 overflow: 0.593 HPWL: 4500584
[NesterovSolve] Iter:  220 overflow: 0.561 HPWL: 4587141
[NesterovSolve] Iter:  230 overflow: 0.522 HPWL: 4660245
[INFO GPL-0100] Timing-driven iteration 3/6, virtual: true.
[INFO GPL-0101] Iter: 238, overflow: 0.485, keep rsz at: 0.3
[INFO GPL-0106] Timing-driven: worst slack -1.07e-11
[INFO GPL-0103] Timing-driven: weighted 57 nets.
[NesterovSolve] Iter:  240 overflow: 0.480 HPWL: 4726257
[NesterovSolve] Iter:  250 overflow: 0.434 HPWL: 4772899
[NesterovSolve] Iter:  260 overflow: 0.385 HPWL: 4803838
[NesterovSolve] Iter:  270 overflow: 0.340 HPWL: 4833303
[NesterovSolve] Iter:  280 overflow: 0.299 HPWL: 4848376
[INFO GPL-0075] Routability iteration: 1
[INFO GPL-0036] TileBBox: (    0    0 ) ( 4200 4200 ) DBU
[INFO GPL-0038] TileCnt:      16   16
[INFO GPL-0040] NumTiles: 256
[INFO GPL-0081] TotalRouteOverflow: 0.0000
[INFO GPL-0082] OverflowTileCnt: 0
[INFO GPL-0083] 0.5%RC: 0.7074
[INFO GPL-0084] 1.0%RC: 0.7037
[INFO GPL-0085] 2.0%RC: 0.6831
[INFO GPL-0086] 5.0%RC: 0.6560
[INFO GPL-0087] FinalRC: 0.7055407
[INFO GPL-0077] FinalRC lower than targetRC(1.0100), routability not needed.
[INFO GPL-0100] Timing-driven iteration 4/6, virtual: false.
[INFO GPL-0101] Iter: 284, overflow: 0.284, keep rsz at: 0.3
[INFO GPL-0106] Timing-driven: worst slack -1.63e-11
[INFO GPL-0103] Timing-driven: weighted 56 nets.
[INFO GPL-0107] Timing-driven: repair_design delta area: -48.944 um^2 (-7.53%)
[INFO GPL-0108] Timing-driven: new target density: 0.6629923
[NesterovSolve] Iter:  290 overflow: 0.322 HPWL: 3925085
[NesterovSolve] Iter:  300 overflow: 0.266 HPWL: 4092385
[NesterovSolve] Iter:  310 overflow: 0.231 HPWL: 4073683
[INFO GPL-0100] Timing-driven iteration 5/6, virtual: false.
[INFO GPL-0101] Iter: 317, overflow: 0.202, keep rsz at: 0.3
[INFO GPL-0106] Timing-driven: worst slack -1.47e-11
[INFO GPL-0103] Timing-driven: weighted 56 nets.
[INFO GPL-0107] Timing-driven: repair_design delta area: 1.596 um^2 (+0.27%)
[INFO GPL-0108] Timing-driven: new target density: 0.6645268
[NesterovSolve] Iter:  320 overflow: 0.193 HPWL: 4153551
[NesterovSolve] Iter:  330 overflow: 0.159 HPWL: 4166900
[INFO GPL-0100] Timing-driven iteration 6/6, virtual: false.
[INFO GPL-0101] Iter: 336, overflow: 0.143, keep rsz at: 0.3
[INFO GPL-0106] Timing-driven: worst slack -1.67e-11
[INFO GPL-0103] Timing-driven: weighted 56 nets.
[INFO GPL-0107] Timing-driven: repair_design delta area: 1.064 um^2 (+0.18%)
[INFO GPL-0108] Timing-driven: new target density: 0.6655498
[NesterovSolve] Iter:  340 overflow: 0.135 HPWL: 4212538
[NesterovSolve] Iter:  350 overflow: 0.118 HPWL: 4257493
[NesterovSolve] Iter:  360 overflow: 0.101 HPWL: 4287848
[NesterovSolve] Finished with Overflow: 0.098992
Report metrics stage 3, global place...

==========================================================================
global place report_design_area
--------------------------------------------------------------------------
Design area 616 u^2 59% utilization.
Elapsed time: 0:01.23[h:]min:sec. CPU time: user 6.20 sys 0.20 (517%). Peak memory: 336032KB.
