OpenROAD v2.0-17941-g7fb347f37 
Features included (+) or not (-): +GPU +GUI +Python
This program is licensed under the BSD-3 license. See the LICENSE file for details.
Components of this program may be licensed under more restrictive licenses which must be honored.
[INFO ORD-0030] Using 16 thread(s).
detailed_route -output_drc ./reports/nangate45/gcd/base/5_route_drc.rpt -output_maze ./results/nangate45/gcd/base/maze.log -bottom_routing_layer metal2 -top_routing_layer metal10 -droute_end_iter 64 -verbose 1 -drc_report_iter_step 5
[INFO DRT-0149] Reading tech and libs.

Units:                2000
Number of layers:     21
Number of macros:     135
Number of vias:       30
Number of viarulegen: 19

[INFO DRT-0150] Reading design.

Design:                   gcd
Die area:                 ( 0 0 ) ( 69830 69830 )
Number of track patterns: 20
Number of DEF vias:       0
Number of components:     645
Number of terminals:      54
Number of snets:          2
Number of nets:           667

[INFO DRT-0167] List of default vias:
  Layer via2
    default via: via2_5
  Layer via3
    default via: via3_2
  Layer via4
    default via: via4_0
  Layer via5
    default via: via5_0
  Layer via6
    default via: via6_0
  Layer via7
    default via: via7_0
  Layer via8
    default via: via8_0
  Layer via9
    default via: via9_0
[INFO DRT-0162] Library cell analysis.
[INFO DRT-0163] Instance analysis.
[INFO DRT-0164] Number of unique instances = 71.
[INFO DRT-0168] Init region query.
[INFO DRT-0024]   Complete active.
[INFO DRT-0024]   Complete Fr_VIA.
[INFO DRT-0024]   Complete metal1.
[INFO DRT-0024]   Complete via1.
[INFO DRT-0024]   Complete metal2.
[INFO DRT-0024]   Complete via2.
[INFO DRT-0024]   Complete metal3.
[INFO DRT-0024]   Complete via3.
[INFO DRT-0024]   Complete metal4.
[INFO DRT-0024]   Complete via4.
[INFO DRT-0024]   Complete metal5.
[INFO DRT-0024]   Complete via5.
[INFO DRT-0024]   Complete metal6.
[INFO DRT-0024]   Complete via6.
[INFO DRT-0024]   Complete metal7.
[INFO DRT-0024]   Complete via7.
[INFO DRT-0024]   Complete metal8.
[INFO DRT-0024]   Complete via8.
[INFO DRT-0024]   Complete metal9.
[INFO DRT-0024]   Complete via9.
[INFO DRT-0024]   Complete metal10.
[INFO DRT-0033] active shape region query size = 0.
[INFO DRT-0033] FR_VIA shape region query size = 0.
[INFO DRT-0033] metal1 shape region query size = 9507.
[INFO DRT-0033] via1 shape region query size = 72.
[INFO DRT-0033] metal2 shape region query size = 48.
[INFO DRT-0033] via2 shape region query size = 72.
[INFO DRT-0033] metal3 shape region query size = 48.
[INFO DRT-0033] via3 shape region query size = 72.
[INFO DRT-0033] metal4 shape region query size = 26.
[INFO DRT-0033] via4 shape region query size = 0.
[INFO DRT-0033] metal5 shape region query size = 27.
[INFO DRT-0033] via5 shape region query size = 0.
[INFO DRT-0033] metal6 shape region query size = 27.
[INFO DRT-0033] via6 shape region query size = 0.
[INFO DRT-0033] metal7 shape region query size = 0.
[INFO DRT-0033] via7 shape region query size = 0.
[INFO DRT-0033] metal8 shape region query size = 0.
[INFO DRT-0033] via8 shape region query size = 0.
[INFO DRT-0033] metal9 shape region query size = 0.
[INFO DRT-0033] via9 shape region query size = 0.
[INFO DRT-0033] metal10 shape region query size = 0.
[INFO DRT-0165] Start pin access.
[INFO DRT-0078]   Complete 361 pins.
[INFO DRT-0081]   Complete 71 unique inst patterns.
[INFO DRT-0084]   Complete 135 groups.
#scanned instances     = 645
#unique  instances     = 71
#stdCellGenAp          = 1962
#stdCellValidPlanarAp  = 0
#stdCellValidViaAp     = 1370
#stdCellPinNoAp        = 0
#stdCellPinCnt         = 1761
#instTermValidViaApCnt = 0
#macroGenAp            = 0
#macroValidPlanarAp    = 0
#macroValidViaAp       = 0
#macroNoAp             = 0
[INFO DRT-0166] Complete pin access.
[INFO DRT-0267] cpu time = 00:00:14, elapsed time = 00:00:01, memory = 209.14 (MB), peak = 209.14 (MB)

[INFO DRT-0157] Number of guides:     5076

[INFO DRT-0169] Post process guides.
[INFO DRT-0176] GCELLGRID X 0 DO 16 STEP 4200 ;
[INFO DRT-0177] GCELLGRID Y 0 DO 16 STEP 4200 ;
[INFO DRT-0028]   Complete active.
[INFO DRT-0028]   Complete Fr_VIA.
[INFO DRT-0028]   Complete metal1.
[INFO DRT-0028]   Complete via1.
[INFO DRT-0028]   Complete metal2.
[INFO DRT-0028]   Complete via2.
[INFO DRT-0028]   Complete metal3.
[INFO DRT-0028]   Complete via3.
[INFO DRT-0028]   Complete metal4.
[INFO DRT-0028]   Complete via4.
[INFO DRT-0028]   Complete metal5.
[INFO DRT-0028]   Complete via5.
[INFO DRT-0028]   Complete metal6.
[INFO DRT-0028]   Complete via6.
[INFO DRT-0028]   Complete metal7.
[INFO DRT-0028]   Complete via7.
[INFO DRT-0028]   Complete metal8.
[INFO DRT-0028]   Complete via8.
[INFO DRT-0028]   Complete metal9.
[INFO DRT-0028]   Complete via9.
[INFO DRT-0028]   Complete metal10.
[INFO DRT-0178] Init guide query.
[INFO DRT-0035]   Complete active (guide).
[INFO DRT-0035]   Complete Fr_VIA (guide).
[INFO DRT-0035]   Complete metal1 (guide).
[INFO DRT-0035]   Complete via1 (guide).
[INFO DRT-0035]   Complete metal2 (guide).
[INFO DRT-0035]   Complete via2 (guide).
[INFO DRT-0035]   Complete metal3 (guide).
[INFO DRT-0035]   Complete via3 (guide).
[INFO DRT-0035]   Complete metal4 (guide).
[INFO DRT-0035]   Complete via4 (guide).
[INFO DRT-0035]   Complete metal5 (guide).
[INFO DRT-0035]   Complete via5 (guide).
[INFO DRT-0035]   Complete metal6 (guide).
[INFO DRT-0035]   Complete via6 (guide).
[INFO DRT-0035]   Complete metal7 (guide).
[INFO DRT-0035]   Complete via7 (guide).
[INFO DRT-0035]   Complete metal8 (guide).
[INFO DRT-0035]   Complete via8 (guide).
[INFO DRT-0035]   Complete metal9 (guide).
[INFO DRT-0035]   Complete via9 (guide).
[INFO DRT-0035]   Complete metal10 (guide).
[INFO DRT-0036] active guide region query size = 0.
[INFO DRT-0036] FR_VIA guide region query size = 0.
[INFO DRT-0036] metal1 guide region query size = 1520.
[INFO DRT-0036] via1 guide region query size = 0.
[INFO DRT-0036] metal2 guide region query size = 1240.
[INFO DRT-0036] via2 guide region query size = 0.
[INFO DRT-0036] metal3 guide region query size = 683.
[INFO DRT-0036] via3 guide region query size = 0.
[INFO DRT-0036] metal4 guide region query size = 205.
[INFO DRT-0036] via4 guide region query size = 0.
[INFO DRT-0036] metal5 guide region query size = 116.
[INFO DRT-0036] via5 guide region query size = 0.
[INFO DRT-0036] metal6 guide region query size = 51.
[INFO DRT-0036] via6 guide region query size = 0.
[INFO DRT-0036] metal7 guide region query size = 10.
[INFO DRT-0036] via7 guide region query size = 0.
[INFO DRT-0036] metal8 guide region query size = 3.
[INFO DRT-0036] via8 guide region query size = 0.
[INFO DRT-0036] metal9 guide region query size = 0.
[INFO DRT-0036] via9 guide region query size = 0.
[INFO DRT-0036] metal10 guide region query size = 0.
[INFO DRT-0179] Init gr pin query.
[INFO DRT-0267] cpu time = 00:00:00, elapsed time = 00:00:00, memory = 210.43 (MB), peak = 210.43 (MB)
[INFO DRT-0245] skipped writing guide updates to database.
[INFO DRT-0185] Post process initialize RPin region query.
[INFO DRT-0181] Start track assignment.
[INFO DRT-0184] Done with 1499 vertical wires in 1 frboxes and 2329 horizontal wires in 1 frboxes.
[INFO DRT-0186] Done with 465 vertical wires in 1 frboxes and 508 horizontal wires in 1 frboxes.
[INFO DRT-0182] Complete track assignment.
[INFO DRT-0267] cpu time = 00:00:00, elapsed time = 00:00:00, memory = 221.16 (MB), peak = 221.16 (MB)
[INFO DRT-0187] Start routing data preparation.
[INFO DRT-0267] cpu time = 00:00:00, elapsed time = 00:00:00, memory = 221.16 (MB), peak = 221.16 (MB)
[INFO DRT-0194] Start detail routing.
[INFO DRT-0195] Start 0th optimization iteration.
    Completing 10% with 0 violations.
    elapsed time = 00:00:00, memory = 221.16 (MB).
    Completing 20% with 0 violations.
    elapsed time = 00:00:00, memory = 234.82 (MB).
    Completing 30% with 0 violations.
    elapsed time = 00:00:00, memory = 236.64 (MB).
    Completing 40% with 0 violations.
    elapsed time = 00:00:00, memory = 228.47 (MB).
    Completing 50% with 20 violations.
    elapsed time = 00:00:00, memory = 242.96 (MB).
    Completing 60% with 20 violations.
    elapsed time = 00:00:00, memory = 244.37 (MB).
    Completing 70% with 39 violations.
    elapsed time = 00:00:01, memory = 255.77 (MB).
    Completing 80% with 39 violations.
    elapsed time = 00:00:01, memory = 251.02 (MB).
    Completing 90% with 54 violations.
    elapsed time = 00:00:02, memory = 262.95 (MB).
    Completing 100% with 77 violations.
    elapsed time = 00:00:02, memory = 262.95 (MB).
[INFO DRT-0199]   Number of violations = 92.
Viol/Layer      metal1 metal2 metal3 metal4   via4 metal5 metal6
Cut Spacing          0      0      0      0      2      0      0
Metal Spacing        0      7      1      0      0      0      1
Recheck              1      4      4      3      0      3      0
Short                0     53     12      0      0      0      1
[INFO DRT-0267] cpu time = 00:00:04, elapsed time = 00:00:03, memory = 813.38 (MB), peak = 813.38 (MB)
Total wire length = 5213 um.
Total wire length on LAYER metal1 = 0 um.
Total wire length on LAYER metal2 = 1760 um.
Total wire length on LAYER metal3 = 2192 um.
Total wire length on LAYER metal4 = 611 um.
Total wire length on LAYER metal5 = 386 um.
Total wire length on LAYER metal6 = 226 um.
Total wire length on LAYER metal7 = 22 um.
Total wire length on LAYER metal8 = 12 um.
Total wire length on LAYER metal9 = 0 um.
Total wire length on LAYER metal10 = 0 um.
Total number of vias = 3955.
Up-via summary (total 3955):

---------------
 active       0
 metal1    1747
 metal2    1711
 metal3     292
 metal4     133
 metal5      62
 metal6       8
 metal7       2
 metal8       0
 metal9       0
---------------
           3955


[INFO DRT-0195] Start 1st optimization iteration.
    Completing 10% with 92 violations.
    elapsed time = 00:00:00, memory = 830.83 (MB).
    Completing 20% with 92 violations.
    elapsed time = 00:00:00, memory = 831.09 (MB).
    Completing 30% with 92 violations.
    elapsed time = 00:00:00, memory = 831.09 (MB).
    Completing 40% with 92 violations.
    elapsed time = 00:00:00, memory = 832.37 (MB).
    Completing 50% with 66 violations.
    elapsed time = 00:00:00, memory = 839.32 (MB).
    Completing 60% with 66 violations.
    elapsed time = 00:00:00, memory = 841.12 (MB).
    Completing 70% with 53 violations.
    elapsed time = 00:00:01, memory = 867.34 (MB).
    Completing 80% with 53 violations.
    elapsed time = 00:00:01, memory = 870.43 (MB).
    Completing 90% with 32 violations.
    elapsed time = 00:00:01, memory = 879.00 (MB).
    Completing 100% with 46 violations.
    elapsed time = 00:00:01, memory = 879.00 (MB).
[INFO DRT-0199]   Number of violations = 46.
Viol/Layer      metal2 metal3
Metal Spacing        2      0
Short               42      2
[INFO DRT-0267] cpu time = 00:00:03, elapsed time = 00:00:01, memory = 879.25 (MB), peak = 879.25 (MB)
Total wire length = 5147 um.
Total wire length on LAYER metal1 = 0 um.
Total wire length on LAYER metal2 = 1752 um.
Total wire length on LAYER metal3 = 2143 um.
Total wire length on LAYER metal4 = 597 um.
Total wire length on LAYER metal5 = 408 um.
Total wire length on LAYER metal6 = 221 um.
Total wire length on LAYER metal7 = 11 um.
Total wire length on LAYER metal8 = 12 um.
Total wire length on LAYER metal9 = 0 um.
Total wire length on LAYER metal10 = 0 um.
Total number of vias = 3872.
Up-via summary (total 3872):

---------------
 active       0
 metal1    1749
 metal2    1654
 metal3     272
 metal4     131
 metal5      60
 metal6       4
 metal7       2
 metal8       0
 metal9       0
---------------
           3872


[INFO DRT-0195] Start 2nd optimization iteration.
    Completing 10% with 46 violations.
    elapsed time = 00:00:00, memory = 879.25 (MB).
    Completing 20% with 46 violations.
    elapsed time = 00:00:00, memory = 879.25 (MB).
    Completing 30% with 46 violations.
    elapsed time = 00:00:00, memory = 879.25 (MB).
    Completing 40% with 46 violations.
    elapsed time = 00:00:00, memory = 890.90 (MB).
    Completing 50% with 43 violations.
    elapsed time = 00:00:00, memory = 890.90 (MB).
    Completing 60% with 43 violations.
    elapsed time = 00:00:01, memory = 894.96 (MB).
    Completing 70% with 45 violations.
    elapsed time = 00:00:01, memory = 894.96 (MB).
    Completing 80% with 45 violations.
    elapsed time = 00:00:02, memory = 894.96 (MB).
    Completing 90% with 41 violations.
    elapsed time = 00:00:02, memory = 916.02 (MB).
    Completing 100% with 15 violations.
    elapsed time = 00:00:02, memory = 916.02 (MB).
[INFO DRT-0199]   Number of violations = 15.
Viol/Layer      metal2 metal3
Metal Spacing        2      2
Short               10      1
[INFO DRT-0267] cpu time = 00:00:03, elapsed time = 00:00:02, memory = 916.02 (MB), peak = 916.02 (MB)
Total wire length = 5106 um.
Total wire length on LAYER metal1 = 0 um.
Total wire length on LAYER metal2 = 1749 um.
Total wire length on LAYER metal3 = 2151 um.
Total wire length on LAYER metal4 = 579 um.
Total wire length on LAYER metal5 = 387 um.
Total wire length on LAYER metal6 = 226 um.
Total wire length on LAYER metal7 = 0 um.
Total wire length on LAYER metal8 = 12 um.
Total wire length on LAYER metal9 = 0 um.
Total wire length on LAYER metal10 = 0 um.
Total number of vias = 3858.
Up-via summary (total 3858):

---------------
 active       0
 metal1    1751
 metal2    1658
 metal3     267
 metal4     122
 metal5      56
 metal6       2
 metal7       2
 metal8       0
 metal9       0
---------------
           3858


[INFO DRT-0195] Start 3rd optimization iteration.
    Completing 10% with 15 violations.
    elapsed time = 00:00:00, memory = 916.27 (MB).
    Completing 20% with 15 violations.
    elapsed time = 00:00:00, memory = 916.27 (MB).
    Completing 30% with 15 violations.
    elapsed time = 00:00:00, memory = 916.27 (MB).
    Completing 40% with 15 violations.
    elapsed time = 00:00:00, memory = 916.27 (MB).
    Completing 50% with 9 violations.
    elapsed time = 00:00:00, memory = 916.27 (MB).
    Completing 60% with 9 violations.
    elapsed time = 00:00:00, memory = 923.52 (MB).
    Completing 70% with 5 violations.
    elapsed time = 00:00:00, memory = 923.52 (MB).
    Completing 80% with 5 violations.
    elapsed time = 00:00:00, memory = 934.85 (MB).
    Completing 90% with 2 violations.
    elapsed time = 00:00:01, memory = 952.57 (MB).
    Completing 100% with 0 violations.
    elapsed time = 00:00:01, memory = 952.57 (MB).
[INFO DRT-0199]   Number of violations = 0.
[INFO DRT-0267] cpu time = 00:00:01, elapsed time = 00:00:01, memory = 952.57 (MB), peak = 952.57 (MB)
Total wire length = 5111 um.
Total wire length on LAYER metal1 = 0 um.
Total wire length on LAYER metal2 = 1741 um.
Total wire length on LAYER metal3 = 2165 um.
Total wire length on LAYER metal4 = 589 um.
Total wire length on LAYER metal5 = 375 um.
Total wire length on LAYER metal6 = 226 um.
Total wire length on LAYER metal7 = 0 um.
Total wire length on LAYER metal8 = 12 um.
Total wire length on LAYER metal9 = 0 um.
Total wire length on LAYER metal10 = 0 um.
Total number of vias = 3889.
Up-via summary (total 3889):

---------------
 active       0
 metal1    1752
 metal2    1678
 metal3     278
 metal4     121
 metal5      56
 metal6       2
 metal7       2
 metal8       0
 metal9       0
---------------
           3889


[INFO DRT-0198] Complete detail routing.
Total wire length = 5111 um.
Total wire length on LAYER metal1 = 0 um.
Total wire length on LAYER metal2 = 1741 um.
Total wire length on LAYER metal3 = 2165 um.
Total wire length on LAYER metal4 = 589 um.
Total wire length on LAYER metal5 = 375 um.
Total wire length on LAYER metal6 = 226 um.
Total wire length on LAYER metal7 = 0 um.
Total wire length on LAYER metal8 = 12 um.
Total wire length on LAYER metal9 = 0 um.
Total wire length on LAYER metal10 = 0 um.
Total number of vias = 3889.
Up-via summary (total 3889):

---------------
 active       0
 metal1    1752
 metal2    1678
 metal3     278
 metal4     121
 metal5      56
 metal6       2
 metal7       2
 metal8       0
 metal9       0
---------------
           3889


[INFO DRT-0267] cpu time = 00:00:12, elapsed time = 00:00:09, memory = 952.57 (MB), peak = 952.57 (MB)

[INFO DRT-0180] Post processing.
[WARNING GRT-0246] No diode with LEF class CORE ANTENNACELL found.
[INFO ANT-0002] Found 0 net violations.
[INFO ANT-0001] Found 0 pin violations.
[INFO ANT-0002] Found 0 net violations.
[INFO ANT-0001] Found 0 pin violations.
Elapsed time: 0:10.80[h:]min:sec. CPU time: user 28.17 sys 0.76 (267%). Peak memory: 976288KB.
